{"/Users/user/Documents/codelicious/src/extension.ts": {"path":"/Users/user/Documents/codelicious/src/extension.ts","statementMap":{"0":{"start":{"line":19,"column":0},"end":{"line":19,"column":7}},"1":{"start":{"line":76,"column":0},"end":{"line":76,"column":7}},"2":{"start":{"line":5,"column":0},"end":{"line":5,"column":33}},"3":{"start":{"line":6,"column":0},"end":{"line":6,"column":59}},"4":{"start":{"line":8,"column":0},"end":{"line":8,"column":57}},"5":{"start":{"line":9,"column":0},"end":{"line":9,"column":50}},"6":{"start":{"line":10,"column":0},"end":{"line":10,"column":67}},"7":{"start":{"line":11,"column":0},"end":{"line":11,"column":60}},"8":{"start":{"line":12,"column":0},"end":{"line":12,"column":51}},"9":{"start":{"line":20,"column":2},"end":{"line":20,"column":46}},"10":{"start":{"line":22,"column":2},"end":{"line":70,"column":3}},"11":{"start":{"line":24,"column":26},"end":{"line":24,"column":52}},"12":{"start":{"line":25,"column":27},"end":{"line":25,"column":60}},"13":{"start":{"line":26,"column":22},"end":{"line":26,"column":44}},"14":{"start":{"line":29,"column":4},"end":{"line":34,"column":6}},"15":{"start":{"line":37,"column":4},"end":{"line":39,"column":7}},"16":{"start":{"line":38,"column":21},"end":{"line":38,"column":48}},"17":{"start":{"line":42,"column":4},"end":{"line":42,"column":40}},"18":{"start":{"line":45,"column":4},"end":{"line":45,"column":48}},"19":{"start":{"line":48,"column":25},"end":{"line":48,"column":85}},"20":{"start":{"line":49,"column":4},"end":{"line":54,"column":6}},"21":{"start":{"line":56,"column":4},"end":{"line":56,"column":55}},"22":{"start":{"line":59,"column":28},"end":{"line":59,"column":89}},"23":{"start":{"line":60,"column":4},"end":{"line":63,"column":5}},"24":{"start":{"line":61,"column":6},"end":{"line":61,"column":34}},"25":{"start":{"line":62,"column":6},"end":{"line":62,"column":70}},"26":{"start":{"line":66,"column":4},"end":{"line":66,"column":60}},"27":{"start":{"line":67,"column":4},"end":{"line":69,"column":6}},"28":{"start":{"line":77,"column":2},"end":{"line":77,"column":48}},"29":{"start":{"line":79,"column":2},"end":{"line":82,"column":3}},"30":{"start":{"line":80,"column":4},"end":{"line":80,"column":37}},"31":{"start":{"line":81,"column":4},"end":{"line":81,"column":33}},"32":{"start":{"line":84,"column":2},"end":{"line":84,"column":55}},"33":{"start":{"line":95,"column":2},"end":{"line":104,"column":4}},"34":{"start":{"line":97,"column":6},"end":{"line":102,"column":7}},"35":{"start":{"line":98,"column":8},"end":{"line":98,"column":93}},"36":{"start":{"line":99,"column":8},"end":{"line":99,"column":73}},"37":{"start":{"line":101,"column":8},"end":{"line":101,"column":62}},"38":{"start":{"line":107,"column":2},"end":{"line":111,"column":4}},"39":{"start":{"line":109,"column":6},"end":{"line":109,"column":39}},"40":{"start":{"line":114,"column":2},"end":{"line":118,"column":4}},"41":{"start":{"line":116,"column":6},"end":{"line":116,"column":37}},"42":{"start":{"line":121,"column":2},"end":{"line":125,"column":4}},"43":{"start":{"line":123,"column":6},"end":{"line":123,"column":38}},"44":{"start":{"line":128,"column":2},"end":{"line":132,"column":4}},"45":{"start":{"line":130,"column":6},"end":{"line":130,"column":33}},"46":{"start":{"line":135,"column":2},"end":{"line":139,"column":4}},"47":{"start":{"line":137,"column":6},"end":{"line":137,"column":39}},"48":{"start":{"line":142,"column":2},"end":{"line":156,"column":4}},"49":{"start":{"line":144,"column":27},"end":{"line":144,"column":57}},"50":{"start":{"line":145,"column":6},"end":{"line":154,"column":7}},"51":{"start":{"line":146,"column":25},"end":{"line":146,"column":56}},"52":{"start":{"line":147,"column":25},"end":{"line":147,"column":57}},"53":{"start":{"line":148,"column":8},"end":{"line":151,"column":9}},"54":{"start":{"line":149,"column":10},"end":{"line":149,"column":51}},"55":{"start":{"line":150,"column":10},"end":{"line":150,"column":86}},"56":{"start":{"line":153,"column":8},"end":{"line":153,"column":77}},"57":{"start":{"line":159,"column":2},"end":{"line":169,"column":4}},"58":{"start":{"line":161,"column":27},"end":{"line":161,"column":57}},"59":{"start":{"line":162,"column":6},"end":{"line":167,"column":7}},"60":{"start":{"line":163,"column":25},"end":{"line":163,"column":56}},"61":{"start":{"line":164,"column":8},"end":{"line":164,"column":45}},"62":{"start":{"line":166,"column":8},"end":{"line":166,"column":77}},"63":{"start":{"line":172,"column":2},"end":{"line":181,"column":4}},"64":{"start":{"line":174,"column":26},"end":{"line":174,"column":50}},"65":{"start":{"line":175,"column":6},"end":{"line":179,"column":7}},"66":{"start":{"line":176,"column":8},"end":{"line":176,"column":56}},"67":{"start":{"line":178,"column":8},"end":{"line":178,"column":71}},"68":{"start":{"line":184,"column":2},"end":{"line":193,"column":4}},"69":{"start":{"line":186,"column":26},"end":{"line":186,"column":50}},"70":{"start":{"line":187,"column":6},"end":{"line":191,"column":7}},"71":{"start":{"line":188,"column":8},"end":{"line":188,"column":40}},"72":{"start":{"line":190,"column":8},"end":{"line":190,"column":71}},"73":{"start":{"line":196,"column":2},"end":{"line":205,"column":4}},"74":{"start":{"line":198,"column":26},"end":{"line":198,"column":50}},"75":{"start":{"line":199,"column":6},"end":{"line":203,"column":7}},"76":{"start":{"line":200,"column":8},"end":{"line":200,"column":51}},"77":{"start":{"line":202,"column":8},"end":{"line":202,"column":71}},"78":{"start":{"line":208,"column":2},"end":{"line":217,"column":4}},"79":{"start":{"line":210,"column":26},"end":{"line":210,"column":50}},"80":{"start":{"line":211,"column":6},"end":{"line":215,"column":7}},"81":{"start":{"line":212,"column":8},"end":{"line":212,"column":49}},"82":{"start":{"line":214,"column":8},"end":{"line":214,"column":71}},"83":{"start":{"line":220,"column":2},"end":{"line":227,"column":4}},"84":{"start":{"line":222,"column":26},"end":{"line":222,"column":50}},"85":{"start":{"line":223,"column":6},"end":{"line":225,"column":7}},"86":{"start":{"line":224,"column":8},"end":{"line":224,"column":32}},"87":{"start":{"line":230,"column":2},"end":{"line":239,"column":4}},"88":{"start":{"line":232,"column":34},"end":{"line":232,"column":66}},"89":{"start":{"line":233,"column":6},"end":{"line":237,"column":7}},"90":{"start":{"line":234,"column":8},"end":{"line":234,"column":55}},"91":{"start":{"line":236,"column":8},"end":{"line":236,"column":79}},"92":{"start":{"line":242,"column":2},"end":{"line":251,"column":4}},"93":{"start":{"line":244,"column":34},"end":{"line":244,"column":66}},"94":{"start":{"line":245,"column":6},"end":{"line":249,"column":7}},"95":{"start":{"line":246,"column":8},"end":{"line":246,"column":53}},"96":{"start":{"line":248,"column":8},"end":{"line":248,"column":79}},"97":{"start":{"line":254,"column":2},"end":{"line":263,"column":4}},"98":{"start":{"line":256,"column":34},"end":{"line":256,"column":66}},"99":{"start":{"line":257,"column":6},"end":{"line":261,"column":7}},"100":{"start":{"line":258,"column":8},"end":{"line":258,"column":56}},"101":{"start":{"line":260,"column":8},"end":{"line":260,"column":79}},"102":{"start":{"line":266,"column":2},"end":{"line":275,"column":4}},"103":{"start":{"line":268,"column":34},"end":{"line":268,"column":66}},"104":{"start":{"line":269,"column":6},"end":{"line":273,"column":7}},"105":{"start":{"line":270,"column":8},"end":{"line":270,"column":50}},"106":{"start":{"line":272,"column":8},"end":{"line":272,"column":79}},"107":{"start":{"line":278,"column":2},"end":{"line":287,"column":4}},"108":{"start":{"line":280,"column":34},"end":{"line":280,"column":66}},"109":{"start":{"line":281,"column":6},"end":{"line":285,"column":7}},"110":{"start":{"line":282,"column":8},"end":{"line":282,"column":52}},"111":{"start":{"line":284,"column":8},"end":{"line":284,"column":79}},"112":{"start":{"line":290,"column":2},"end":{"line":299,"column":4}},"113":{"start":{"line":292,"column":34},"end":{"line":292,"column":66}},"114":{"start":{"line":293,"column":6},"end":{"line":297,"column":7}},"115":{"start":{"line":294,"column":8},"end":{"line":294,"column":58}},"116":{"start":{"line":296,"column":8},"end":{"line":296,"column":79}},"117":{"start":{"line":302,"column":2},"end":{"line":319,"column":4}},"118":{"start":{"line":304,"column":26},"end":{"line":304,"column":59}},"119":{"start":{"line":305,"column":6},"end":{"line":308,"column":7}},"120":{"start":{"line":306,"column":8},"end":{"line":306,"column":80}},"121":{"start":{"line":307,"column":8},"end":{"line":307,"column":15}},"122":{"start":{"line":310,"column":21},"end":{"line":310,"column":51}},"123":{"start":{"line":311,"column":6},"end":{"line":314,"column":7}},"124":{"start":{"line":312,"column":8},"end":{"line":312,"column":59}},"125":{"start":{"line":313,"column":8},"end":{"line":313,"column":15}},"126":{"start":{"line":316,"column":19},"end":{"line":316,"column":44}},"127":{"start":{"line":317,"column":6},"end":{"line":317,"column":70}},"128":{"start":{"line":322,"column":2},"end":{"line":354,"column":4}},"129":{"start":{"line":324,"column":26},"end":{"line":324,"column":59}},"130":{"start":{"line":325,"column":6},"end":{"line":328,"column":7}},"131":{"start":{"line":326,"column":8},"end":{"line":326,"column":80}},"132":{"start":{"line":327,"column":8},"end":{"line":327,"column":15}},"133":{"start":{"line":331,"column":6},"end":{"line":350,"column":7}},"134":{"start":{"line":332,"column":8},"end":{"line":332,"column":30}},"135":{"start":{"line":334,"column":25},"end":{"line":343,"column":10}},"136":{"start":{"line":345,"column":8},"end":{"line":347,"column":9}},"137":{"start":{"line":346,"column":10},"end":{"line":346,"column":17}},"138":{"start":{"line":349,"column":8},"end":{"line":349,"column":38}},"139":{"start":{"line":352,"column":6},"end":{"line":352,"column":78}},"140":{"start":{"line":357,"column":2},"end":{"line":375,"column":4}},"141":{"start":{"line":359,"column":26},"end":{"line":359,"column":59}},"142":{"start":{"line":360,"column":6},"end":{"line":363,"column":7}},"143":{"start":{"line":361,"column":8},"end":{"line":361,"column":80}},"144":{"start":{"line":362,"column":8},"end":{"line":362,"column":15}},"145":{"start":{"line":365,"column":21},"end":{"line":365,"column":51}},"146":{"start":{"line":366,"column":6},"end":{"line":369,"column":7}},"147":{"start":{"line":367,"column":8},"end":{"line":367,"column":59}},"148":{"start":{"line":368,"column":8},"end":{"line":368,"column":15}},"149":{"start":{"line":371,"column":19},"end":{"line":371,"column":44}},"150":{"start":{"line":372,"column":19},"end":{"line":372,"column":61}},"151":{"start":{"line":373,"column":6},"end":{"line":373,"column":55}},"152":{"start":{"line":378,"column":2},"end":{"line":391,"column":4}},"153":{"start":{"line":380,"column":26},"end":{"line":380,"column":59}},"154":{"start":{"line":381,"column":6},"end":{"line":384,"column":7}},"155":{"start":{"line":382,"column":8},"end":{"line":382,"column":80}},"156":{"start":{"line":383,"column":8},"end":{"line":383,"column":15}},"157":{"start":{"line":386,"column":21},"end":{"line":386,"column":44}},"158":{"start":{"line":387,"column":6},"end":{"line":389,"column":8}},"159":{"start":{"line":394,"column":2},"end":{"line":404,"column":4}},"160":{"start":{"line":396,"column":25},"end":{"line":396,"column":48}},"161":{"start":{"line":397,"column":6},"end":{"line":400,"column":7}},"162":{"start":{"line":398,"column":8},"end":{"line":398,"column":70}},"163":{"start":{"line":399,"column":8},"end":{"line":399,"column":15}},"164":{"start":{"line":402,"column":6},"end":{"line":402,"column":49}},"165":{"start":{"line":407,"column":2},"end":{"line":417,"column":4}},"166":{"start":{"line":409,"column":25},"end":{"line":409,"column":48}},"167":{"start":{"line":410,"column":6},"end":{"line":413,"column":7}},"168":{"start":{"line":411,"column":8},"end":{"line":411,"column":70}},"169":{"start":{"line":412,"column":8},"end":{"line":412,"column":15}},"170":{"start":{"line":415,"column":6},"end":{"line":415,"column":43}},"171":{"start":{"line":420,"column":2},"end":{"line":430,"column":4}},"172":{"start":{"line":422,"column":25},"end":{"line":422,"column":48}},"173":{"start":{"line":423,"column":6},"end":{"line":426,"column":7}},"174":{"start":{"line":424,"column":8},"end":{"line":424,"column":70}},"175":{"start":{"line":425,"column":8},"end":{"line":425,"column":15}},"176":{"start":{"line":428,"column":6},"end":{"line":428,"column":44}},"177":{"start":{"line":437,"column":18},"end":{"line":437,"column":81}},"178":{"start":{"line":438,"column":18},"end":{"line":438,"column":67}},"179":{"start":{"line":440,"column":2},"end":{"line":452,"column":5}},"180":{"start":{"line":441,"column":4},"end":{"line":451,"column":5}},"181":{"start":{"line":443,"column":8},"end":{"line":443,"column":69}},"182":{"start":{"line":444,"column":8},"end":{"line":444,"column":14}},"183":{"start":{"line":446,"column":8},"end":{"line":446,"column":77}},"184":{"start":{"line":447,"column":8},"end":{"line":447,"column":14}},"185":{"start":{"line":449,"column":8},"end":{"line":449,"column":90}},"186":{"start":{"line":450,"column":8},"end":{"line":450,"column":14}}},"fnMap":{"0":{"name":"activate","decl":{"start":{"line":19,"column":22},"end":{"line":19,"column":30}},"loc":{"start":{"line":19,"column":63},"end":{"line":71,"column":1}}},"1":{"name":"(anonymous_10)","decl":{"start":{"line":38,"column":15},"end":{"line":38,"column":18}},"loc":{"start":{"line":38,"column":21},"end":{"line":38,"column":48}}},"2":{"name":"deactivate","decl":{"start":{"line":76,"column":22},"end":{"line":76,"column":32}},"loc":{"start":{"line":76,"column":32},"end":{"line":85,"column":1}}},"3":{"name":"registerCommands","decl":{"start":{"line":90,"column":9},"end":{"line":90,"column":25}},"loc":{"start":{"line":92,"column":27},"end":{"line":431,"column":1}}},"4":{"name":"(anonymous_13)","decl":{"start":{"line":96,"column":60},"end":{"line":96,"column":65}},"loc":{"start":{"line":96,"column":71},"end":{"line":103,"column":5}}},"5":{"name":"(anonymous_14)","decl":{"start":{"line":108,"column":68},"end":{"line":108,"column":73}},"loc":{"start":{"line":108,"column":79},"end":{"line":110,"column":5}}},"6":{"name":"(anonymous_15)","decl":{"start":{"line":115,"column":66},"end":{"line":115,"column":71}},"loc":{"start":{"line":115,"column":77},"end":{"line":117,"column":5}}},"7":{"name":"(anonymous_16)","decl":{"start":{"line":122,"column":67},"end":{"line":122,"column":72}},"loc":{"start":{"line":122,"column":78},"end":{"line":124,"column":5}}},"8":{"name":"(anonymous_17)","decl":{"start":{"line":129,"column":62},"end":{"line":129,"column":67}},"loc":{"start":{"line":129,"column":73},"end":{"line":131,"column":5}}},"9":{"name":"(anonymous_18)","decl":{"start":{"line":136,"column":68},"end":{"line":136,"column":73}},"loc":{"start":{"line":136,"column":79},"end":{"line":138,"column":5}}},"10":{"name":"(anonymous_19)","decl":{"start":{"line":143,"column":63},"end":{"line":143,"column":68}},"loc":{"start":{"line":143,"column":74},"end":{"line":155,"column":5}}},"11":{"name":"(anonymous_20)","decl":{"start":{"line":160,"column":65},"end":{"line":160,"column":70}},"loc":{"start":{"line":160,"column":76},"end":{"line":168,"column":5}}},"12":{"name":"(anonymous_21)","decl":{"start":{"line":173,"column":65},"end":{"line":173,"column":70}},"loc":{"start":{"line":173,"column":76},"end":{"line":180,"column":5}}},"13":{"name":"(anonymous_22)","decl":{"start":{"line":185,"column":60},"end":{"line":185,"column":65}},"loc":{"start":{"line":185,"column":71},"end":{"line":192,"column":5}}},"14":{"name":"(anonymous_23)","decl":{"start":{"line":197,"column":67},"end":{"line":197,"column":72}},"loc":{"start":{"line":197,"column":78},"end":{"line":204,"column":5}}},"15":{"name":"(anonymous_24)","decl":{"start":{"line":209,"column":72},"end":{"line":209,"column":77}},"loc":{"start":{"line":209,"column":83},"end":{"line":216,"column":5}}},"16":{"name":"(anonymous_25)","decl":{"start":{"line":221,"column":61},"end":{"line":221,"column":64}},"loc":{"start":{"line":221,"column":66},"end":{"line":226,"column":5}}},"17":{"name":"(anonymous_26)","decl":{"start":{"line":231,"column":63},"end":{"line":231,"column":68}},"loc":{"start":{"line":231,"column":74},"end":{"line":238,"column":5}}},"18":{"name":"(anonymous_27)","decl":{"start":{"line":243,"column":68},"end":{"line":243,"column":73}},"loc":{"start":{"line":243,"column":79},"end":{"line":250,"column":5}}},"19":{"name":"(anonymous_28)","decl":{"start":{"line":255,"column":71},"end":{"line":255,"column":76}},"loc":{"start":{"line":255,"column":82},"end":{"line":262,"column":5}}},"20":{"name":"(anonymous_29)","decl":{"start":{"line":267,"column":65},"end":{"line":267,"column":70}},"loc":{"start":{"line":267,"column":76},"end":{"line":274,"column":5}}},"21":{"name":"(anonymous_30)","decl":{"start":{"line":279,"column":67},"end":{"line":279,"column":72}},"loc":{"start":{"line":279,"column":78},"end":{"line":286,"column":5}}},"22":{"name":"(anonymous_31)","decl":{"start":{"line":291,"column":73},"end":{"line":291,"column":78}},"loc":{"start":{"line":291,"column":84},"end":{"line":298,"column":5}}},"23":{"name":"(anonymous_32)","decl":{"start":{"line":303,"column":72},"end":{"line":303,"column":77}},"loc":{"start":{"line":303,"column":83},"end":{"line":318,"column":5}}},"24":{"name":"(anonymous_33)","decl":{"start":{"line":323,"column":76},"end":{"line":323,"column":81}},"loc":{"start":{"line":323,"column":103},"end":{"line":353,"column":5}}},"25":{"name":"(anonymous_34)","decl":{"start":{"line":358,"column":70},"end":{"line":358,"column":75}},"loc":{"start":{"line":358,"column":81},"end":{"line":374,"column":5}}},"26":{"name":"(anonymous_35)","decl":{"start":{"line":379,"column":75},"end":{"line":379,"column":78}},"loc":{"start":{"line":379,"column":80},"end":{"line":390,"column":5}}},"27":{"name":"(anonymous_36)","decl":{"start":{"line":395,"column":73},"end":{"line":395,"column":78}},"loc":{"start":{"line":395,"column":84},"end":{"line":403,"column":5}}},"28":{"name":"(anonymous_37)","decl":{"start":{"line":408,"column":73},"end":{"line":408,"column":78}},"loc":{"start":{"line":408,"column":84},"end":{"line":416,"column":5}}},"29":{"name":"(anonymous_38)","decl":{"start":{"line":421,"column":66},"end":{"line":421,"column":71}},"loc":{"start":{"line":421,"column":77},"end":{"line":429,"column":5}}},"30":{"name":"showWelcomeMessage","decl":{"start":{"line":436,"column":9},"end":{"line":436,"column":27}},"loc":{"start":{"line":436,"column":60},"end":{"line":453,"column":1}}},"31":{"name":"(anonymous_40)","decl":{"start":{"line":440,"column":65},"end":{"line":440,"column":70}},"loc":{"start":{"line":440,"column":85},"end":{"line":452,"column":3}}}},"branchMap":{"0":{"loc":{"start":{"line":60,"column":4},"end":{"line":63,"column":5}},"type":"if","locations":[{"start":{"line":60,"column":4},"end":{"line":63,"column":5}}]},"1":{"loc":{"start":{"line":68,"column":41},"end":{"line":68,"column":97}},"type":"cond-expr","locations":[{"start":{"line":68,"column":66},"end":{"line":68,"column":79}},{"start":{"line":68,"column":82},"end":{"line":68,"column":97}}]},"2":{"loc":{"start":{"line":79,"column":2},"end":{"line":82,"column":3}},"type":"if","locations":[{"start":{"line":79,"column":2},"end":{"line":82,"column":3}}]},"3":{"loc":{"start":{"line":145,"column":6},"end":{"line":154,"column":7}},"type":"if","locations":[{"start":{"line":145,"column":6},"end":{"line":154,"column":7}},{"start":{"line":152,"column":13},"end":{"line":154,"column":7}}]},"4":{"loc":{"start":{"line":148,"column":8},"end":{"line":151,"column":9}},"type":"if","locations":[{"start":{"line":148,"column":8},"end":{"line":151,"column":9}}]},"5":{"loc":{"start":{"line":162,"column":6},"end":{"line":167,"column":7}},"type":"if","locations":[{"start":{"line":162,"column":6},"end":{"line":167,"column":7}},{"start":{"line":165,"column":13},"end":{"line":167,"column":7}}]},"6":{"loc":{"start":{"line":175,"column":6},"end":{"line":179,"column":7}},"type":"if","locations":[{"start":{"line":175,"column":6},"end":{"line":179,"column":7}},{"start":{"line":177,"column":13},"end":{"line":179,"column":7}}]},"7":{"loc":{"start":{"line":187,"column":6},"end":{"line":191,"column":7}},"type":"if","locations":[{"start":{"line":187,"column":6},"end":{"line":191,"column":7}},{"start":{"line":189,"column":13},"end":{"line":191,"column":7}}]},"8":{"loc":{"start":{"line":199,"column":6},"end":{"line":203,"column":7}},"type":"if","locations":[{"start":{"line":199,"column":6},"end":{"line":203,"column":7}},{"start":{"line":201,"column":13},"end":{"line":203,"column":7}}]},"9":{"loc":{"start":{"line":211,"column":6},"end":{"line":215,"column":7}},"type":"if","locations":[{"start":{"line":211,"column":6},"end":{"line":215,"column":7}},{"start":{"line":213,"column":13},"end":{"line":215,"column":7}}]},"10":{"loc":{"start":{"line":223,"column":6},"end":{"line":225,"column":7}},"type":"if","locations":[{"start":{"line":223,"column":6},"end":{"line":225,"column":7}}]},"11":{"loc":{"start":{"line":233,"column":6},"end":{"line":237,"column":7}},"type":"if","locations":[{"start":{"line":233,"column":6},"end":{"line":237,"column":7}},{"start":{"line":235,"column":13},"end":{"line":237,"column":7}}]},"12":{"loc":{"start":{"line":245,"column":6},"end":{"line":249,"column":7}},"type":"if","locations":[{"start":{"line":245,"column":6},"end":{"line":249,"column":7}},{"start":{"line":247,"column":13},"end":{"line":249,"column":7}}]},"13":{"loc":{"start":{"line":257,"column":6},"end":{"line":261,"column":7}},"type":"if","locations":[{"start":{"line":257,"column":6},"end":{"line":261,"column":7}},{"start":{"line":259,"column":13},"end":{"line":261,"column":7}}]},"14":{"loc":{"start":{"line":269,"column":6},"end":{"line":273,"column":7}},"type":"if","locations":[{"start":{"line":269,"column":6},"end":{"line":273,"column":7}},{"start":{"line":271,"column":13},"end":{"line":273,"column":7}}]},"15":{"loc":{"start":{"line":281,"column":6},"end":{"line":285,"column":7}},"type":"if","locations":[{"start":{"line":281,"column":6},"end":{"line":285,"column":7}},{"start":{"line":283,"column":13},"end":{"line":285,"column":7}}]},"16":{"loc":{"start":{"line":293,"column":6},"end":{"line":297,"column":7}},"type":"if","locations":[{"start":{"line":293,"column":6},"end":{"line":297,"column":7}},{"start":{"line":295,"column":13},"end":{"line":297,"column":7}}]},"17":{"loc":{"start":{"line":305,"column":6},"end":{"line":308,"column":7}},"type":"if","locations":[{"start":{"line":305,"column":6},"end":{"line":308,"column":7}}]},"18":{"loc":{"start":{"line":311,"column":6},"end":{"line":314,"column":7}},"type":"if","locations":[{"start":{"line":311,"column":6},"end":{"line":314,"column":7}}]},"19":{"loc":{"start":{"line":325,"column":6},"end":{"line":328,"column":7}},"type":"if","locations":[{"start":{"line":325,"column":6},"end":{"line":328,"column":7}}]},"20":{"loc":{"start":{"line":331,"column":6},"end":{"line":350,"column":7}},"type":"if","locations":[{"start":{"line":331,"column":6},"end":{"line":350,"column":7}},{"start":{"line":333,"column":13},"end":{"line":350,"column":7}}]},"21":{"loc":{"start":{"line":345,"column":8},"end":{"line":347,"column":9}},"type":"if","locations":[{"start":{"line":345,"column":8},"end":{"line":347,"column":9}}]},"22":{"loc":{"start":{"line":345,"column":12},"end":{"line":345,"column":46}},"type":"binary-expr","locations":[{"start":{"line":345,"column":12},"end":{"line":345,"column":21}},{"start":{"line":345,"column":25},"end":{"line":345,"column":46}}]},"23":{"loc":{"start":{"line":360,"column":6},"end":{"line":363,"column":7}},"type":"if","locations":[{"start":{"line":360,"column":6},"end":{"line":363,"column":7}}]},"24":{"loc":{"start":{"line":366,"column":6},"end":{"line":369,"column":7}},"type":"if","locations":[{"start":{"line":366,"column":6},"end":{"line":369,"column":7}}]},"25":{"loc":{"start":{"line":381,"column":6},"end":{"line":384,"column":7}},"type":"if","locations":[{"start":{"line":381,"column":6},"end":{"line":384,"column":7}}]},"26":{"loc":{"start":{"line":397,"column":6},"end":{"line":400,"column":7}},"type":"if","locations":[{"start":{"line":397,"column":6},"end":{"line":400,"column":7}}]},"27":{"loc":{"start":{"line":410,"column":6},"end":{"line":413,"column":7}},"type":"if","locations":[{"start":{"line":410,"column":6},"end":{"line":413,"column":7}}]},"28":{"loc":{"start":{"line":423,"column":6},"end":{"line":426,"column":7}},"type":"if","locations":[{"start":{"line":423,"column":6},"end":{"line":426,"column":7}}]},"29":{"loc":{"start":{"line":441,"column":4},"end":{"line":451,"column":5}},"type":"switch","locations":[{"start":{"line":442,"column":6},"end":{"line":444,"column":14}},{"start":{"line":445,"column":6},"end":{"line":447,"column":14}},{"start":{"line":448,"column":6},"end":{"line":450,"column":14}}]}},"s":{"0":0,"1":0,"2":0,"3":0,"4":0,"5":0,"6":0,"7":0,"8":0,"9":0,"10":0,"11":0,"12":0,"13":0,"14":0,"15":0,"16":0,"17":0,"18":0,"19":0,"20":0,"21":0,"22":0,"23":0,"24":0,"25":0,"26":0,"27":0,"28":0,"29":0,"30":0,"31":0,"32":0,"33":0,"34":0,"35":0,"36":0,"37":0,"38":0,"39":0,"40":0,"41":0,"42":0,"43":0,"44":0,"45":0,"46":0,"47":0,"48":0,"49":0,"50":0,"51":0,"52":0,"53":0,"54":0,"55":0,"56":0,"57":0,"58":0,"59":0,"60":0,"61":0,"62":0,"63":0,"64":0,"65":0,"66":0,"67":0,"68":0,"69":0,"70":0,"71":0,"72":0,"73":0,"74":0,"75":0,"76":0,"77":0,"78":0,"79":0,"80":0,"81":0,"82":0,"83":0,"84":0,"85":0,"86":0,"87":0,"88":0,"89":0,"90":0,"91":0,"92":0,"93":0,"94":0,"95":0,"96":0,"97":0,"98":0,"99":0,"100":0,"101":0,"102":0,"103":0,"104":0,"105":0,"106":0,"107":0,"108":0,"109":0,"110":0,"111":0,"112":0,"113":0,"114":0,"115":0,"116":0,"117":0,"118":0,"119":0,"120":0,"121":0,"122":0,"123":0,"124":0,"125":0,"126":0,"127":0,"128":0,"129":0,"130":0,"131":0,"132":0,"133":0,"134":0,"135":0,"136":0,"137":0,"138":0,"139":0,"140":0,"141":0,"142":0,"143":0,"144":0,"145":0,"146":0,"147":0,"148":0,"149":0,"150":0,"151":0,"152":0,"153":0,"154":0,"155":0,"156":0,"157":0,"158":0,"159":0,"160":0,"161":0,"162":0,"163":0,"164":0,"165":0,"166":0,"167":0,"168":0,"169":0,"170":0,"171":0,"172":0,"173":0,"174":0,"175":0,"176":0,"177":0,"178":0,"179":0,"180":0,"181":0,"182":0,"183":0,"184":0,"185":0,"186":0},"f":{"0":0,"1":0,"2":0,"3":0,"4":0,"5":0,"6":0,"7":0,"8":0,"9":0,"10":0,"11":0,"12":0,"13":0,"14":0,"15":0,"16":0,"17":0,"18":0,"19":0,"20":0,"21":0,"22":0,"23":0,"24":0,"25":0,"26":0,"27":0,"28":0,"29":0,"30":0,"31":0},"b":{"0":[0],"1":[0,0],"2":[0],"3":[0,0],"4":[0],"5":[0,0],"6":[0,0],"7":[0,0],"8":[0,0],"9":[0,0],"10":[0],"11":[0,0],"12":[0,0],"13":[0,0],"14":[0,0],"15":[0,0],"16":[0,0],"17":[0],"18":[0],"19":[0],"20":[0,0],"21":[0],"22":[0,0],"23":[0],"24":[0],"25":[0],"26":[0],"27":[0],"28":[0],"29":[0,0,0]}}
,"/Users/user/Documents/codelicious/src/cache/cacheManager.ts": {"path":"/Users/user/Documents/codelicious/src/cache/cacheManager.ts","statementMap":{"0":{"start":{"line":18,"column":0},"end":{"line":18,"column":29}},"1":{"start":{"line":21,"column":0},"end":{"line":21,"column":44}},"2":{"start":{"line":22,"column":0},"end":{"line":22,"column":40}},"3":{"start":{"line":23,"column":0},"end":{"line":23,"column":48}},"4":{"start":{"line":39,"column":12},"end":{"line":39,"column":44}},"5":{"start":{"line":40,"column":12},"end":{"line":40,"column":47}},"6":{"start":{"line":36,"column":10},"end":{"line":36,"column":32}},"7":{"start":{"line":47,"column":4},"end":{"line":47,"column":63}},"8":{"start":{"line":49,"column":19},"end":{"line":49,"column":54}},"9":{"start":{"line":51,"column":4},"end":{"line":54,"column":5}},"10":{"start":{"line":52,"column":6},"end":{"line":52,"column":56}},"11":{"start":{"line":53,"column":6},"end":{"line":53,"column":13}},"12":{"start":{"line":56,"column":4},"end":{"line":95,"column":5}},"13":{"start":{"line":58,"column":27},"end":{"line":58,"column":57}},"14":{"start":{"line":61,"column":25},"end":{"line":61,"column":55}},"15":{"start":{"line":62,"column":6},"end":{"line":66,"column":9}},"16":{"start":{"line":67,"column":6},"end":{"line":67,"column":74}},"17":{"start":{"line":70,"column":23},"end":{"line":70,"column":53}},"18":{"start":{"line":71,"column":23},"end":{"line":71,"column":79}},"19":{"start":{"line":72,"column":6},"end":{"line":77,"column":9}},"20":{"start":{"line":78,"column":6},"end":{"line":78,"column":40}},"21":{"start":{"line":79,"column":6},"end":{"line":79,"column":70}},"22":{"start":{"line":82,"column":6},"end":{"line":86,"column":9}},"23":{"start":{"line":87,"column":6},"end":{"line":87,"column":57}},"24":{"start":{"line":89,"column":6},"end":{"line":89,"column":32}},"25":{"start":{"line":90,"column":6},"end":{"line":90,"column":61}},"26":{"start":{"line":93,"column":6},"end":{"line":93,"column":65}},"27":{"start":{"line":94,"column":6},"end":{"line":94,"column":33}},"28":{"start":{"line":102,"column":4},"end":{"line":104,"column":5}},"29":{"start":{"line":103,"column":6},"end":{"line":103,"column":23}},"30":{"start":{"line":106,"column":18},"end":{"line":106,"column":40}},"31":{"start":{"line":109,"column":4},"end":{"line":123,"column":5}},"32":{"start":{"line":110,"column":6},"end":{"line":122,"column":7}},"33":{"start":{"line":111,"column":22},"end":{"line":113,"column":null}},"34":{"start":{"line":115,"column":8},"end":{"line":121,"column":9}},"35":{"start":{"line":117,"column":10},"end":{"line":119,"column":11}},"36":{"start":{"line":118,"column":12},"end":{"line":118,"column":70}},"37":{"start":{"line":120,"column":10},"end":{"line":120,"column":35}},"38":{"start":{"line":126,"column":4},"end":{"line":131,"column":5}},"39":{"start":{"line":127,"column":20},"end":{"line":127,"column":48}},"40":{"start":{"line":128,"column":6},"end":{"line":130,"column":7}},"41":{"start":{"line":129,"column":8},"end":{"line":129,"column":21}},"42":{"start":{"line":134,"column":4},"end":{"line":143,"column":5}},"43":{"start":{"line":135,"column":20},"end":{"line":135,"column":52}},"44":{"start":{"line":136,"column":6},"end":{"line":142,"column":7}},"45":{"start":{"line":138,"column":8},"end":{"line":140,"column":9}},"46":{"start":{"line":139,"column":10},"end":{"line":139,"column":56}},"47":{"start":{"line":141,"column":8},"end":{"line":141,"column":21}},"48":{"start":{"line":145,"column":4},"end":{"line":145,"column":21}},"49":{"start":{"line":152,"column":4},"end":{"line":154,"column":5}},"50":{"start":{"line":153,"column":6},"end":{"line":153,"column":13}},"51":{"start":{"line":156,"column":18},"end":{"line":156,"column":40}},"52":{"start":{"line":157,"column":16},"end":{"line":157,"column":27}},"53":{"start":{"line":160,"column":4},"end":{"line":162,"column":5}},"54":{"start":{"line":161,"column":6},"end":{"line":161,"column":44}},"55":{"start":{"line":165,"column":4},"end":{"line":167,"column":5}},"56":{"start":{"line":166,"column":6},"end":{"line":166,"column":48}},"57":{"start":{"line":170,"column":4},"end":{"line":180,"column":5}},"58":{"start":{"line":171,"column":6},"end":{"line":179,"column":7}},"59":{"start":{"line":172,"column":8},"end":{"line":178,"column":10}},"60":{"start":{"line":187,"column":4},"end":{"line":189,"column":5}},"61":{"start":{"line":188,"column":6},"end":{"line":188,"column":19}},"62":{"start":{"line":192,"column":4},"end":{"line":194,"column":5}},"63":{"start":{"line":193,"column":6},"end":{"line":193,"column":18}},"64":{"start":{"line":197,"column":4},"end":{"line":199,"column":5}},"65":{"start":{"line":198,"column":6},"end":{"line":198,"column":18}},"66":{"start":{"line":202,"column":4},"end":{"line":204,"column":5}},"67":{"start":{"line":203,"column":6},"end":{"line":203,"column":18}},"68":{"start":{"line":206,"column":4},"end":{"line":206,"column":17}},"69":{"start":{"line":213,"column":4},"end":{"line":215,"column":5}},"70":{"start":{"line":214,"column":6},"end":{"line":214,"column":13}},"71":{"start":{"line":217,"column":4},"end":{"line":219,"column":5}},"72":{"start":{"line":218,"column":6},"end":{"line":218,"column":35}},"73":{"start":{"line":221,"column":4},"end":{"line":223,"column":5}},"74":{"start":{"line":222,"column":6},"end":{"line":222,"column":39}},"75":{"start":{"line":225,"column":4},"end":{"line":227,"column":5}},"76":{"start":{"line":226,"column":6},"end":{"line":226,"column":37}},"77":{"start":{"line":234,"column":4},"end":{"line":234,"column":42}},"78":{"start":{"line":236,"column":4},"end":{"line":238,"column":5}},"79":{"start":{"line":237,"column":6},"end":{"line":237,"column":31}},"80":{"start":{"line":240,"column":4},"end":{"line":242,"column":5}},"81":{"start":{"line":241,"column":6},"end":{"line":241,"column":35}},"82":{"start":{"line":244,"column":4},"end":{"line":246,"column":5}},"83":{"start":{"line":245,"column":6},"end":{"line":245,"column":33}},"84":{"start":{"line":248,"column":4},"end":{"line":248,"column":40}},"85":{"start":{"line":255,"column":4},"end":{"line":264,"column":5}},"86":{"start":{"line":256,"column":6},"end":{"line":263,"column":8}},"87":{"start":{"line":266,"column":21},"end":{"line":266,"column":49}},"88":{"start":{"line":267,"column":22},"end":{"line":267,"column":48}},"89":{"start":{"line":268,"column":21},"end":{"line":268,"column":51}},"90":{"start":{"line":270,"column":22},"end":{"line":270,"column":92}},"91":{"start":{"line":271,"column":24},"end":{"line":271,"column":100}},"92":{"start":{"line":272,"column":18},"end":{"line":272,"column":41}},"93":{"start":{"line":274,"column":4},"end":{"line":281,"column":6}},"94":{"start":{"line":288,"column":4},"end":{"line":290,"column":5}},"95":{"start":{"line":289,"column":6},"end":{"line":289,"column":18}},"96":{"start":{"line":292,"column":4},"end":{"line":297,"column":6}},"97":{"start":{"line":304,"column":4},"end":{"line":306,"column":5}},"98":{"start":{"line":305,"column":6},"end":{"line":305,"column":13}},"99":{"start":{"line":308,"column":4},"end":{"line":308,"column":44}},"100":{"start":{"line":310,"column":23},"end":{"line":310,"column":24}},"101":{"start":{"line":312,"column":4},"end":{"line":315,"column":5}},"102":{"start":{"line":313,"column":22},"end":{"line":313,"column":53}},"103":{"start":{"line":314,"column":6},"end":{"line":314,"column":30}},"104":{"start":{"line":317,"column":4},"end":{"line":320,"column":5}},"105":{"start":{"line":318,"column":22},"end":{"line":318,"column":52}},"106":{"start":{"line":319,"column":6},"end":{"line":319,"column":30}},"107":{"start":{"line":322,"column":4},"end":{"line":325,"column":5}},"108":{"start":{"line":323,"column":22},"end":{"line":323,"column":50}},"109":{"start":{"line":324,"column":6},"end":{"line":324,"column":30}},"110":{"start":{"line":327,"column":4},"end":{"line":329,"column":5}},"111":{"start":{"line":328,"column":6},"end":{"line":328,"column":63}},"112":{"start":{"line":336,"column":4},"end":{"line":336,"column":45}},"113":{"start":{"line":338,"column":4},"end":{"line":340,"column":5}},"114":{"start":{"line":339,"column":6},"end":{"line":339,"column":31}},"115":{"start":{"line":342,"column":4},"end":{"line":342,"column":31}},"116":{"start":{"line":343,"column":4},"end":{"line":343,"column":43}},"117":{"start":{"line":350,"column":18},"end":{"line":350,"column":69}},"118":{"start":{"line":351,"column":4},"end":{"line":353,"column":5}},"119":{"start":{"line":352,"column":6},"end":{"line":352,"column":31}},"120":{"start":{"line":355,"column":18},"end":{"line":355,"column":38}},"121":{"start":{"line":356,"column":17},"end":{"line":356,"column":49}},"122":{"start":{"line":358,"column":4},"end":{"line":364,"column":5}},"123":{"start":{"line":359,"column":16},"end":{"line":359,"column":29}},"124":{"start":{"line":360,"column":17},"end":{"line":360,"column":37}},"125":{"start":{"line":361,"column":17},"end":{"line":361,"column":44}},"126":{"start":{"line":362,"column":17},"end":{"line":362,"column":51}},"127":{"start":{"line":363,"column":15},"end":{"line":363,"column":42}},"128":{"start":{"line":371,"column":4},"end":{"line":371,"column":42}},"129":{"start":{"line":371,"column":22},"end":{"line":371,"column":42}},"130":{"start":{"line":372,"column":4},"end":{"line":372,"column":70}},"131":{"start":{"line":372,"column":29},"end":{"line":372,"column":70}},"132":{"start":{"line":373,"column":4},"end":{"line":373,"column":86}},"133":{"start":{"line":373,"column":36},"end":{"line":373,"column":86}},"134":{"start":{"line":374,"column":4},"end":{"line":374,"column":61}},"135":{"start":{"line":32,"column":0},"end":{"line":32,"column":13}}},"fnMap":{"0":{"name":"(anonymous_9)","decl":{"start":{"line":38,"column":2},"end":{"line":38,"column":null}},"loc":{"start":{"line":40,"column":47},"end":{"line":41,"column":6}}},"1":{"name":"(anonymous_10)","decl":{"start":{"line":46,"column":2},"end":{"line":46,"column":7}},"loc":{"start":{"line":46,"column":18},"end":{"line":96,"column":3}}},"2":{"name":"(anonymous_11)","decl":{"start":{"line":101,"column":2},"end":{"line":101,"column":7}},"loc":{"start":{"line":101,"column":54},"end":{"line":146,"column":3}}},"3":{"name":"(anonymous_12)","decl":{"start":{"line":151,"column":2},"end":{"line":151,"column":7}},"loc":{"start":{"line":151,"column":64},"end":{"line":181,"column":3}}},"4":{"name":"(anonymous_13)","decl":{"start":{"line":186,"column":2},"end":{"line":186,"column":5}},"loc":{"start":{"line":186,"column":17},"end":{"line":207,"column":3}}},"5":{"name":"(anonymous_14)","decl":{"start":{"line":212,"column":2},"end":{"line":212,"column":7}},"loc":{"start":{"line":212,"column":26},"end":{"line":228,"column":3}}},"6":{"name":"(anonymous_15)","decl":{"start":{"line":233,"column":2},"end":{"line":233,"column":7}},"loc":{"start":{"line":233,"column":13},"end":{"line":249,"column":3}}},"7":{"name":"(anonymous_16)","decl":{"start":{"line":254,"column":2},"end":{"line":254,"column":10}},"loc":{"start":{"line":254,"column":10},"end":{"line":282,"column":3}}},"8":{"name":"(anonymous_17)","decl":{"start":{"line":287,"column":2},"end":{"line":287,"column":18}},"loc":{"start":{"line":287,"column":18},"end":{"line":298,"column":3}}},"9":{"name":"(anonymous_18)","decl":{"start":{"line":303,"column":2},"end":{"line":303,"column":7}},"loc":{"start":{"line":303,"column":15},"end":{"line":330,"column":3}}},"10":{"name":"(anonymous_19)","decl":{"start":{"line":335,"column":2},"end":{"line":335,"column":7}},"loc":{"start":{"line":335,"column":15},"end":{"line":344,"column":3}}},"11":{"name":"(anonymous_20)","decl":{"start":{"line":349,"column":10},"end":{"line":349,"column":19}},"loc":{"start":{"line":349,"column":35},"end":{"line":365,"column":3}}},"12":{"name":"(anonymous_21)","decl":{"start":{"line":370,"column":10},"end":{"line":370,"column":20}},"loc":{"start":{"line":370,"column":34},"end":{"line":375,"column":3}}}},"branchMap":{"0":{"loc":{"start":{"line":51,"column":4},"end":{"line":54,"column":5}},"type":"if","locations":[{"start":{"line":51,"column":4},"end":{"line":54,"column":5}}]},"1":{"loc":{"start":{"line":101,"column":28},"end":{"line":101,"column":54}},"type":"default-arg","locations":[{"start":{"line":101,"column":52},"end":{"line":101,"column":54}}]},"2":{"loc":{"start":{"line":102,"column":4},"end":{"line":104,"column":5}},"type":"if","locations":[{"start":{"line":102,"column":4},"end":{"line":104,"column":5}}]},"3":{"loc":{"start":{"line":106,"column":18},"end":{"line":106,"column":40}},"type":"binary-expr","locations":[{"start":{"line":106,"column":18},"end":{"line":106,"column":31}},{"start":{"line":106,"column":35},"end":{"line":106,"column":40}}]},"4":{"loc":{"start":{"line":109,"column":4},"end":{"line":123,"column":5}},"type":"if","locations":[{"start":{"line":109,"column":4},"end":{"line":123,"column":5}}]},"5":{"loc":{"start":{"line":109,"column":8},"end":{"line":109,"column":47}},"type":"binary-expr","locations":[{"start":{"line":109,"column":8},"end":{"line":109,"column":28}},{"start":{"line":109,"column":32},"end":{"line":109,"column":47}}]},"6":{"loc":{"start":{"line":110,"column":6},"end":{"line":122,"column":7}},"type":"if","locations":[{"start":{"line":110,"column":6},"end":{"line":122,"column":7}}]},"7":{"loc":{"start":{"line":110,"column":10},"end":{"line":110,"column":82}},"type":"binary-expr","locations":[{"start":{"line":110,"column":10},"end":{"line":110,"column":31}},{"start":{"line":110,"column":35},"end":{"line":110,"column":60}},{"start":{"line":110,"column":64},"end":{"line":110,"column":82}}]},"8":{"loc":{"start":{"line":115,"column":8},"end":{"line":121,"column":9}},"type":"if","locations":[{"start":{"line":115,"column":8},"end":{"line":121,"column":9}}]},"9":{"loc":{"start":{"line":117,"column":10},"end":{"line":119,"column":11}},"type":"if","locations":[{"start":{"line":117,"column":10},"end":{"line":119,"column":11}}]},"10":{"loc":{"start":{"line":126,"column":4},"end":{"line":131,"column":5}},"type":"if","locations":[{"start":{"line":126,"column":4},"end":{"line":131,"column":5}}]},"11":{"loc":{"start":{"line":126,"column":8},"end":{"line":126,"column":67}},"type":"binary-expr","locations":[{"start":{"line":126,"column":9},"end":{"line":126,"column":27}},{"start":{"line":126,"column":31},"end":{"line":126,"column":46}},{"start":{"line":126,"column":51},"end":{"line":126,"column":67}}]},"12":{"loc":{"start":{"line":128,"column":6},"end":{"line":130,"column":7}},"type":"if","locations":[{"start":{"line":128,"column":6},"end":{"line":130,"column":7}}]},"13":{"loc":{"start":{"line":134,"column":4},"end":{"line":143,"column":5}},"type":"if","locations":[{"start":{"line":134,"column":4},"end":{"line":143,"column":5}}]},"14":{"loc":{"start":{"line":134,"column":8},"end":{"line":134,"column":63}},"type":"binary-expr","locations":[{"start":{"line":134,"column":9},"end":{"line":134,"column":25}},{"start":{"line":134,"column":29},"end":{"line":134,"column":44}},{"start":{"line":134,"column":49},"end":{"line":134,"column":63}}]},"15":{"loc":{"start":{"line":136,"column":6},"end":{"line":142,"column":7}},"type":"if","locations":[{"start":{"line":136,"column":6},"end":{"line":142,"column":7}}]},"16":{"loc":{"start":{"line":138,"column":8},"end":{"line":140,"column":9}},"type":"if","locations":[{"start":{"line":138,"column":8},"end":{"line":140,"column":9}}]},"17":{"loc":{"start":{"line":151,"column":38},"end":{"line":151,"column":64}},"type":"default-arg","locations":[{"start":{"line":151,"column":62},"end":{"line":151,"column":64}}]},"18":{"loc":{"start":{"line":152,"column":4},"end":{"line":154,"column":5}},"type":"if","locations":[{"start":{"line":152,"column":4},"end":{"line":154,"column":5}}]},"19":{"loc":{"start":{"line":156,"column":18},"end":{"line":156,"column":40}},"type":"binary-expr","locations":[{"start":{"line":156,"column":18},"end":{"line":156,"column":31}},{"start":{"line":156,"column":35},"end":{"line":156,"column":40}}]},"20":{"loc":{"start":{"line":160,"column":4},"end":{"line":162,"column":5}},"type":"if","locations":[{"start":{"line":160,"column":4},"end":{"line":162,"column":5}}]},"21":{"loc":{"start":{"line":160,"column":8},"end":{"line":160,"column":67}},"type":"binary-expr","locations":[{"start":{"line":160,"column":9},"end":{"line":160,"column":27}},{"start":{"line":160,"column":31},"end":{"line":160,"column":46}},{"start":{"line":160,"column":51},"end":{"line":160,"column":67}}]},"22":{"loc":{"start":{"line":165,"column":4},"end":{"line":167,"column":5}},"type":"if","locations":[{"start":{"line":165,"column":4},"end":{"line":167,"column":5}}]},"23":{"loc":{"start":{"line":165,"column":8},"end":{"line":165,"column":63}},"type":"binary-expr","locations":[{"start":{"line":165,"column":9},"end":{"line":165,"column":25}},{"start":{"line":165,"column":29},"end":{"line":165,"column":44}},{"start":{"line":165,"column":49},"end":{"line":165,"column":63}}]},"24":{"loc":{"start":{"line":170,"column":4},"end":{"line":180,"column":5}},"type":"if","locations":[{"start":{"line":170,"column":4},"end":{"line":180,"column":5}}]},"25":{"loc":{"start":{"line":170,"column":8},"end":{"line":170,"column":71}},"type":"binary-expr","locations":[{"start":{"line":170,"column":9},"end":{"line":170,"column":29}},{"start":{"line":170,"column":33},"end":{"line":170,"column":48}},{"start":{"line":170,"column":53},"end":{"line":170,"column":71}}]},"26":{"loc":{"start":{"line":171,"column":6},"end":{"line":179,"column":7}},"type":"if","locations":[{"start":{"line":171,"column":6},"end":{"line":179,"column":7}}]},"27":{"loc":{"start":{"line":171,"column":10},"end":{"line":171,"column":60}},"type":"binary-expr","locations":[{"start":{"line":171,"column":10},"end":{"line":171,"column":31}},{"start":{"line":171,"column":35},"end":{"line":171,"column":60}}]},"28":{"loc":{"start":{"line":187,"column":4},"end":{"line":189,"column":5}},"type":"if","locations":[{"start":{"line":187,"column":4},"end":{"line":189,"column":5}}]},"29":{"loc":{"start":{"line":192,"column":4},"end":{"line":194,"column":5}},"type":"if","locations":[{"start":{"line":192,"column":4},"end":{"line":194,"column":5}}]},"30":{"loc":{"start":{"line":192,"column":8},"end":{"line":192,"column":53}},"type":"binary-expr","locations":[{"start":{"line":192,"column":8},"end":{"line":192,"column":24}},{"start":{"line":192,"column":28},"end":{"line":192,"column":53}}]},"31":{"loc":{"start":{"line":197,"column":4},"end":{"line":199,"column":5}},"type":"if","locations":[{"start":{"line":197,"column":4},"end":{"line":199,"column":5}}]},"32":{"loc":{"start":{"line":197,"column":8},"end":{"line":197,"column":49}},"type":"binary-expr","locations":[{"start":{"line":197,"column":8},"end":{"line":197,"column":22}},{"start":{"line":197,"column":26},"end":{"line":197,"column":49}}]},"33":{"loc":{"start":{"line":202,"column":4},"end":{"line":204,"column":5}},"type":"if","locations":[{"start":{"line":202,"column":4},"end":{"line":204,"column":5}}]},"34":{"loc":{"start":{"line":202,"column":8},"end":{"line":202,"column":57}},"type":"binary-expr","locations":[{"start":{"line":202,"column":8},"end":{"line":202,"column":26}},{"start":{"line":202,"column":30},"end":{"line":202,"column":57}}]},"35":{"loc":{"start":{"line":213,"column":4},"end":{"line":215,"column":5}},"type":"if","locations":[{"start":{"line":213,"column":4},"end":{"line":215,"column":5}}]},"36":{"loc":{"start":{"line":217,"column":4},"end":{"line":219,"column":5}},"type":"if","locations":[{"start":{"line":217,"column":4},"end":{"line":219,"column":5}}]},"37":{"loc":{"start":{"line":221,"column":4},"end":{"line":223,"column":5}},"type":"if","locations":[{"start":{"line":221,"column":4},"end":{"line":223,"column":5}}]},"38":{"loc":{"start":{"line":225,"column":4},"end":{"line":227,"column":5}},"type":"if","locations":[{"start":{"line":225,"column":4},"end":{"line":227,"column":5}}]},"39":{"loc":{"start":{"line":236,"column":4},"end":{"line":238,"column":5}},"type":"if","locations":[{"start":{"line":236,"column":4},"end":{"line":238,"column":5}}]},"40":{"loc":{"start":{"line":240,"column":4},"end":{"line":242,"column":5}},"type":"if","locations":[{"start":{"line":240,"column":4},"end":{"line":242,"column":5}}]},"41":{"loc":{"start":{"line":244,"column":4},"end":{"line":246,"column":5}},"type":"if","locations":[{"start":{"line":244,"column":4},"end":{"line":246,"column":5}}]},"42":{"loc":{"start":{"line":255,"column":4},"end":{"line":264,"column":5}},"type":"if","locations":[{"start":{"line":255,"column":4},"end":{"line":264,"column":5}}]},"43":{"loc":{"start":{"line":270,"column":23},"end":{"line":270,"column":42}},"type":"binary-expr","locations":[{"start":{"line":270,"column":23},"end":{"line":270,"column":37}},{"start":{"line":270,"column":41},"end":{"line":270,"column":42}}]},"44":{"loc":{"start":{"line":270,"column":47},"end":{"line":270,"column":67}},"type":"binary-expr","locations":[{"start":{"line":270,"column":47},"end":{"line":270,"column":62}},{"start":{"line":270,"column":66},"end":{"line":270,"column":67}}]},"45":{"loc":{"start":{"line":270,"column":72},"end":{"line":270,"column":91}},"type":"binary-expr","locations":[{"start":{"line":270,"column":72},"end":{"line":270,"column":86}},{"start":{"line":270,"column":90},"end":{"line":270,"column":91}}]},"46":{"loc":{"start":{"line":271,"column":25},"end":{"line":271,"column":46}},"type":"binary-expr","locations":[{"start":{"line":271,"column":25},"end":{"line":271,"column":41}},{"start":{"line":271,"column":45},"end":{"line":271,"column":46}}]},"47":{"loc":{"start":{"line":271,"column":51},"end":{"line":271,"column":73}},"type":"binary-expr","locations":[{"start":{"line":271,"column":51},"end":{"line":271,"column":68}},{"start":{"line":271,"column":72},"end":{"line":271,"column":73}}]},"48":{"loc":{"start":{"line":271,"column":78},"end":{"line":271,"column":99}},"type":"binary-expr","locations":[{"start":{"line":271,"column":78},"end":{"line":271,"column":94}},{"start":{"line":271,"column":98},"end":{"line":271,"column":99}}]},"49":{"loc":{"start":{"line":277,"column":15},"end":{"line":277,"column":48}},"type":"cond-expr","locations":[{"start":{"line":277,"column":27},"end":{"line":277,"column":44}},{"start":{"line":277,"column":47},"end":{"line":277,"column":48}}]},"50":{"loc":{"start":{"line":278,"column":18},"end":{"line":278,"column":44}},"type":"binary-expr","locations":[{"start":{"line":278,"column":18},"end":{"line":278,"column":39}},{"start":{"line":278,"column":43},"end":{"line":278,"column":44}}]},"51":{"loc":{"start":{"line":278,"column":49},"end":{"line":278,"column":76}},"type":"binary-expr","locations":[{"start":{"line":278,"column":49},"end":{"line":278,"column":71}},{"start":{"line":278,"column":75},"end":{"line":278,"column":76}}]},"52":{"loc":{"start":{"line":279,"column":19},"end":{"line":279,"column":44}},"type":"binary-expr","locations":[{"start":{"line":279,"column":19},"end":{"line":279,"column":39}},{"start":{"line":279,"column":43},"end":{"line":279,"column":44}}]},"53":{"loc":{"start":{"line":279,"column":49},"end":{"line":279,"column":74}},"type":"binary-expr","locations":[{"start":{"line":279,"column":49},"end":{"line":279,"column":69}},{"start":{"line":279,"column":73},"end":{"line":279,"column":74}}]},"54":{"loc":{"start":{"line":279,"column":79},"end":{"line":279,"column":101}},"type":"binary-expr","locations":[{"start":{"line":279,"column":79},"end":{"line":279,"column":96}},{"start":{"line":279,"column":100},"end":{"line":279,"column":101}}]},"55":{"loc":{"start":{"line":280,"column":18},"end":{"line":280,"column":42}},"type":"binary-expr","locations":[{"start":{"line":280,"column":18},"end":{"line":280,"column":37}},{"start":{"line":280,"column":41},"end":{"line":280,"column":42}}]},"56":{"loc":{"start":{"line":288,"column":4},"end":{"line":290,"column":5}},"type":"if","locations":[{"start":{"line":288,"column":4},"end":{"line":290,"column":5}}]},"57":{"loc":{"start":{"line":304,"column":4},"end":{"line":306,"column":5}},"type":"if","locations":[{"start":{"line":304,"column":4},"end":{"line":306,"column":5}}]},"58":{"loc":{"start":{"line":312,"column":4},"end":{"line":315,"column":5}},"type":"if","locations":[{"start":{"line":312,"column":4},"end":{"line":315,"column":5}}]},"59":{"loc":{"start":{"line":317,"column":4},"end":{"line":320,"column":5}},"type":"if","locations":[{"start":{"line":317,"column":4},"end":{"line":320,"column":5}}]},"60":{"loc":{"start":{"line":322,"column":4},"end":{"line":325,"column":5}},"type":"if","locations":[{"start":{"line":322,"column":4},"end":{"line":325,"column":5}}]},"61":{"loc":{"start":{"line":327,"column":4},"end":{"line":329,"column":5}},"type":"if","locations":[{"start":{"line":327,"column":4},"end":{"line":329,"column":5}}]},"62":{"loc":{"start":{"line":338,"column":4},"end":{"line":340,"column":5}},"type":"if","locations":[{"start":{"line":338,"column":4},"end":{"line":340,"column":5}}]},"63":{"loc":{"start":{"line":351,"column":4},"end":{"line":353,"column":5}},"type":"if","locations":[{"start":{"line":351,"column":4},"end":{"line":353,"column":5}}]},"64":{"loc":{"start":{"line":356,"column":18},"end":{"line":356,"column":34}},"type":"binary-expr","locations":[{"start":{"line":356,"column":18},"end":{"line":356,"column":26}},{"start":{"line":356,"column":30},"end":{"line":356,"column":34}}]},"65":{"loc":{"start":{"line":358,"column":4},"end":{"line":364,"column":5}},"type":"switch","locations":[{"start":{"line":359,"column":6},"end":{"line":359,"column":29}},{"start":{"line":360,"column":6},"end":{"line":360,"column":37}},{"start":{"line":361,"column":6},"end":{"line":361,"column":44}},{"start":{"line":362,"column":6},"end":{"line":362,"column":51}},{"start":{"line":363,"column":6},"end":{"line":363,"column":42}}]},"66":{"loc":{"start":{"line":371,"column":4},"end":{"line":371,"column":42}},"type":"if","locations":[{"start":{"line":371,"column":4},"end":{"line":371,"column":42}}]},"67":{"loc":{"start":{"line":372,"column":4},"end":{"line":372,"column":70}},"type":"if","locations":[{"start":{"line":372,"column":4},"end":{"line":372,"column":70}}]},"68":{"loc":{"start":{"line":373,"column":4},"end":{"line":373,"column":86}},"type":"if","locations":[{"start":{"line":373,"column":4},"end":{"line":373,"column":86}}]}},"s":{"0":3,"1":3,"2":3,"3":3,"4":72,"5":72,"6":72,"7":36,"8":36,"9":36,"10":1,"11":1,"12":35,"13":35,"14":35,"15":35,"16":35,"17":35,"18":35,"19":35,"20":35,"21":35,"22":35,"23":35,"24":35,"25":35,"26":0,"27":0,"28":40,"29":0,"30":40,"31":40,"32":35,"33":1,"34":1,"35":1,"36":1,"37":1,"38":39,"39":37,"40":37,"41":28,"42":11,"43":11,"44":11,"45":3,"46":3,"47":3,"48":8,"49":53,"50":0,"51":53,"52":53,"53":53,"54":51,"55":53,"56":52,"57":53,"58":50,"59":2,"60":4,"61":0,"62":4,"63":2,"64":2,"65":0,"66":2,"67":0,"68":2,"69":1,"70":0,"71":1,"72":1,"73":1,"74":1,"75":1,"76":1,"77":2,"78":2,"79":2,"80":2,"81":2,"82":2,"83":2,"84":2,"85":9,"86":1,"87":8,"88":8,"89":8,"90":8,"91":8,"92":8,"93":8,"94":2,"95":0,"96":2,"97":1,"98":0,"99":1,"100":1,"101":1,"102":1,"103":1,"104":1,"105":1,"106":1,"107":1,"108":1,"109":1,"110":1,"111":1,"112":31,"113":31,"114":30,"115":31,"116":31,"117":35,"118":35,"119":0,"120":35,"121":35,"122":35,"123":0,"124":0,"125":30,"126":5,"127":0,"128":70,"129":0,"130":70,"131":0,"132":70,"133":70,"134":0,"135":3},"f":{"0":72,"1":36,"2":40,"3":53,"4":4,"5":1,"6":2,"7":9,"8":2,"9":1,"10":31,"11":35,"12":70},"b":{"0":[1],"1":[34],"2":[0],"3":[40,35],"4":[35],"5":[40,40],"6":[1],"7":[35,1,1],"8":[1],"9":[1],"10":[37],"11":[39,36,37],"12":[28],"13":[11],"14":[11,9,11],"15":[3],"16":[3],"17":[46],"18":[0],"19":[53,50],"20":[51],"21":[53,52,51],"22":[52],"23":[53,51,52],"24":[50],"25":[53,53,50],"26":[2],"27":[50,2],"28":[0],"29":[2],"30":[4,4],"31":[0],"32":[2,2],"33":[0],"34":[2,2],"35":[0],"36":[1],"37":[1],"38":[1],"39":[2],"40":[2],"41":[2],"42":[1],"43":[8,6],"44":[8,8],"45":[8,8],"46":[8,6],"47":[8,6],"48":[8,8],"49":[2,6],"50":[8,2],"51":[8,1],"52":[8,2],"53":[8,1],"54":[8,8],"55":[8,8],"56":[0],"57":[0],"58":[1],"59":[1],"60":[1],"61":[1],"62":[30],"63":[0],"64":[35,0],"65":[0,0,30,5,0],"66":[0],"67":[0],"68":[70]}}
,"/Users/user/Documents/codelicious/src/cache/diskCache.ts": {"path":"/Users/user/Documents/codelicious/src/cache/diskCache.ts","statementMap":{"0":{"start":{"line":12,"column":0},"end":{"line":12,"column":25}},"1":{"start":{"line":13,"column":0},"end":{"line":13,"column":29}},"2":{"start":{"line":14,"column":0},"end":{"line":14,"column":33}},"3":{"start":{"line":50,"column":22},"end":{"line":50,"column":47}},"4":{"start":{"line":40,"column":10},"end":{"line":45,"column":4}},"5":{"start":{"line":46,"column":10},"end":{"line":46,"column":34}},"6":{"start":{"line":48,"column":10},"end":{"line":48,"column":92}},"7":{"start":{"line":51,"column":4},"end":{"line":53,"column":5}},"8":{"start":{"line":52,"column":6},"end":{"line":52,"column":40}},"9":{"start":{"line":61,"column":4},"end":{"line":63,"column":5}},"10":{"start":{"line":62,"column":6},"end":{"line":62,"column":63}},"11":{"start":{"line":66,"column":4},"end":{"line":66,"column":28}},"12":{"start":{"line":69,"column":4},"end":{"line":69,"column":24}},"13":{"start":{"line":71,"column":4},"end":{"line":71,"column":105}},"14":{"start":{"line":78,"column":21},"end":{"line":78,"column":42}},"15":{"start":{"line":81,"column":23},"end":{"line":81,"column":42}},"16":{"start":{"line":82,"column":4},"end":{"line":85,"column":5}},"17":{"start":{"line":83,"column":6},"end":{"line":83,"column":26}},"18":{"start":{"line":84,"column":6},"end":{"line":84,"column":23}},"19":{"start":{"line":88,"column":4},"end":{"line":92,"column":5}},"20":{"start":{"line":89,"column":6},"end":{"line":89,"column":29}},"21":{"start":{"line":90,"column":6},"end":{"line":90,"column":26}},"22":{"start":{"line":91,"column":6},"end":{"line":91,"column":23}},"23":{"start":{"line":94,"column":4},"end":{"line":114,"column":5}},"24":{"start":{"line":96,"column":19},"end":{"line":96,"column":64}},"25":{"start":{"line":97,"column":36},"end":{"line":97,"column":52}},"26":{"start":{"line":100,"column":6},"end":{"line":104,"column":7}},"27":{"start":{"line":101,"column":8},"end":{"line":101,"column":31}},"28":{"start":{"line":102,"column":8},"end":{"line":102,"column":28}},"29":{"start":{"line":103,"column":8},"end":{"line":103,"column":25}},"30":{"start":{"line":106,"column":6},"end":{"line":106,"column":24}},"31":{"start":{"line":107,"column":6},"end":{"line":107,"column":30}},"32":{"start":{"line":111,"column":6},"end":{"line":111,"column":29}},"33":{"start":{"line":112,"column":6},"end":{"line":112,"column":26}},"34":{"start":{"line":113,"column":6},"end":{"line":113,"column":23}},"35":{"start":{"line":121,"column":21},"end":{"line":121,"column":42}},"36":{"start":{"line":123,"column":34},"end":{"line":128,"column":6}},"37":{"start":{"line":130,"column":4},"end":{"line":162,"column":5}},"38":{"start":{"line":132,"column":19},"end":{"line":132,"column":40}},"39":{"start":{"line":133,"column":19},"end":{"line":133,"column":51}},"40":{"start":{"line":134,"column":6},"end":{"line":134,"column":24}},"41":{"start":{"line":137,"column":6},"end":{"line":139,"column":7}},"42":{"start":{"line":138,"column":8},"end":{"line":138,"column":33}},"43":{"start":{"line":142,"column":6},"end":{"line":142,"column":59}},"44":{"start":{"line":145,"column":23},"end":{"line":145,"column":42}},"45":{"start":{"line":146,"column":6},"end":{"line":148,"column":7}},"46":{"start":{"line":147,"column":8},"end":{"line":147,"column":42}},"47":{"start":{"line":150,"column":6},"end":{"line":154,"column":9}},"48":{"start":{"line":156,"column":6},"end":{"line":156,"column":31}},"49":{"start":{"line":157,"column":6},"end":{"line":157,"column":26}},"50":{"start":{"line":160,"column":6},"end":{"line":160,"column":65}},"51":{"start":{"line":161,"column":6},"end":{"line":161,"column":18}},"52":{"start":{"line":169,"column":23},"end":{"line":169,"column":42}},"53":{"start":{"line":170,"column":4},"end":{"line":170,"column":34}},"54":{"start":{"line":170,"column":21},"end":{"line":170,"column":34}},"55":{"start":{"line":172,"column":4},"end":{"line":175,"column":5}},"56":{"start":{"line":173,"column":6},"end":{"line":173,"column":23}},"57":{"start":{"line":174,"column":6},"end":{"line":174,"column":19}},"58":{"start":{"line":177,"column":4},"end":{"line":177,"column":16}},"59":{"start":{"line":184,"column":21},"end":{"line":184,"column":42}},"60":{"start":{"line":185,"column":23},"end":{"line":185,"column":42}},"61":{"start":{"line":187,"column":4},"end":{"line":187,"column":34}},"62":{"start":{"line":187,"column":21},"end":{"line":187,"column":34}},"63":{"start":{"line":189,"column":4},"end":{"line":205,"column":5}},"64":{"start":{"line":191,"column":6},"end":{"line":193,"column":7}},"65":{"start":{"line":192,"column":8},"end":{"line":192,"column":43}},"66":{"start":{"line":196,"column":6},"end":{"line":196,"column":42}},"67":{"start":{"line":197,"column":6},"end":{"line":197,"column":29}},"68":{"start":{"line":198,"column":6},"end":{"line":198,"column":27}},"69":{"start":{"line":200,"column":6},"end":{"line":200,"column":18}},"70":{"start":{"line":203,"column":6},"end":{"line":203,"column":66}},"71":{"start":{"line":204,"column":6},"end":{"line":204,"column":19}},"72":{"start":{"line":212,"column":4},"end":{"line":229,"column":5}},"73":{"start":{"line":214,"column":20},"end":{"line":214,"column":68}},"74":{"start":{"line":215,"column":6},"end":{"line":219,"column":8}},"75":{"start":{"line":217,"column":10},"end":{"line":217,"column":84}},"76":{"start":{"line":222,"column":6},"end":{"line":222,"column":25}},"77":{"start":{"line":223,"column":6},"end":{"line":223,"column":27}},"78":{"start":{"line":225,"column":6},"end":{"line":225,"column":39}},"79":{"start":{"line":228,"column":6},"end":{"line":228,"column":58}},"80":{"start":{"line":236,"column":4},"end":{"line":243,"column":6}},"81":{"start":{"line":250,"column":18},"end":{"line":250,"column":19}},"82":{"start":{"line":251,"column":16},"end":{"line":251,"column":26}},"83":{"start":{"line":253,"column":4},"end":{"line":258,"column":5}},"84":{"start":{"line":254,"column":6},"end":{"line":257,"column":7}},"85":{"start":{"line":255,"column":8},"end":{"line":255,"column":31}},"86":{"start":{"line":256,"column":8},"end":{"line":256,"column":18}},"87":{"start":{"line":260,"column":4},"end":{"line":260,"column":19}},"88":{"start":{"line":267,"column":4},"end":{"line":269,"column":5}},"89":{"start":{"line":268,"column":6},"end":{"line":268,"column":39}},"90":{"start":{"line":276,"column":4},"end":{"line":305,"column":5}},"91":{"start":{"line":277,"column":20},"end":{"line":277,"column":68}},"92":{"start":{"line":279,"column":6},"end":{"line":301,"column":7}},"93":{"start":{"line":280,"column":8},"end":{"line":280,"column":46}},"94":{"start":{"line":280,"column":37},"end":{"line":280,"column":46}},"95":{"start":{"line":282,"column":25},"end":{"line":282,"column":63}},"96":{"start":{"line":283,"column":8},"end":{"line":300,"column":9}},"97":{"start":{"line":284,"column":24},"end":{"line":284,"column":56}},"98":{"start":{"line":285,"column":23},"end":{"line":285,"column":68}},"99":{"start":{"line":286,"column":40},"end":{"line":286,"column":56}},"100":{"start":{"line":288,"column":22},"end":{"line":288,"column":47}},"101":{"start":{"line":289,"column":10},"end":{"line":293,"column":13}},"102":{"start":{"line":295,"column":10},"end":{"line":295,"column":41}},"103":{"start":{"line":299,"column":10},"end":{"line":299,"column":61}},"104":{"start":{"line":304,"column":6},"end":{"line":304,"column":64}},"105":{"start":{"line":312,"column":4},"end":{"line":317,"column":37}},"106":{"start":{"line":313,"column":22},"end":{"line":313,"column":42}},"107":{"start":{"line":314,"column":6},"end":{"line":316,"column":7}},"108":{"start":{"line":315,"column":8},"end":{"line":315,"column":77}},"109":{"start":{"line":320,"column":4},"end":{"line":320,"column":30}},"110":{"start":{"line":327,"column":35},"end":{"line":327,"column":39}},"111":{"start":{"line":328,"column":21},"end":{"line":328,"column":29}},"112":{"start":{"line":330,"column":4},"end":{"line":335,"column":5}},"113":{"start":{"line":331,"column":6},"end":{"line":334,"column":7}},"114":{"start":{"line":332,"column":8},"end":{"line":332,"column":37}},"115":{"start":{"line":333,"column":8},"end":{"line":333,"column":24}},"116":{"start":{"line":337,"column":4},"end":{"line":339,"column":5}},"117":{"start":{"line":338,"column":6},"end":{"line":338,"column":35}},"118":{"start":{"line":346,"column":4},"end":{"line":346,"column":27}},"119":{"start":{"line":346,"column":14},"end":{"line":346,"column":27}},"120":{"start":{"line":347,"column":4},"end":{"line":347,"column":40}},"121":{"start":{"line":355,"column":17},"end":{"line":355,"column":70}},"122":{"start":{"line":356,"column":4},"end":{"line":356,"column":60}},"123":{"start":{"line":363,"column":4},"end":{"line":363,"column":42}},"124":{"start":{"line":363,"column":22},"end":{"line":363,"column":42}},"125":{"start":{"line":364,"column":4},"end":{"line":364,"column":70}},"126":{"start":{"line":364,"column":29},"end":{"line":364,"column":70}},"127":{"start":{"line":365,"column":4},"end":{"line":365,"column":54}},"128":{"start":{"line":39,"column":0},"end":{"line":39,"column":13}}},"fnMap":{"0":{"name":"(anonymous_9)","decl":{"start":{"line":50,"column":2},"end":{"line":50,"column":22}},"loc":{"start":{"line":50,"column":47},"end":{"line":54,"column":3}}},"1":{"name":"(anonymous_10)","decl":{"start":{"line":59,"column":2},"end":{"line":59,"column":7}},"loc":{"start":{"line":59,"column":18},"end":{"line":72,"column":3}}},"2":{"name":"(anonymous_11)","decl":{"start":{"line":77,"column":2},"end":{"line":77,"column":7}},"loc":{"start":{"line":77,"column":26},"end":{"line":115,"column":3}}},"3":{"name":"(anonymous_12)","decl":{"start":{"line":120,"column":2},"end":{"line":120,"column":7}},"loc":{"start":{"line":120,"column":50},"end":{"line":163,"column":3}}},"4":{"name":"(anonymous_13)","decl":{"start":{"line":168,"column":2},"end":{"line":168,"column":5}},"loc":{"start":{"line":168,"column":17},"end":{"line":178,"column":3}}},"5":{"name":"(anonymous_14)","decl":{"start":{"line":183,"column":2},"end":{"line":183,"column":7}},"loc":{"start":{"line":183,"column":26},"end":{"line":206,"column":3}}},"6":{"name":"(anonymous_15)","decl":{"start":{"line":211,"column":2},"end":{"line":211,"column":7}},"loc":{"start":{"line":211,"column":13},"end":{"line":230,"column":3}}},"7":{"name":"(anonymous_16)","decl":{"start":{"line":216,"column":18},"end":{"line":216,"column":22}},"loc":{"start":{"line":217,"column":10},"end":{"line":217,"column":84}}},"8":{"name":"(anonymous_17)","decl":{"start":{"line":217,"column":75},"end":{"line":217,"column":78}},"loc":{"start":{"line":217,"column":80},"end":{"line":217,"column":83}}},"9":{"name":"(anonymous_18)","decl":{"start":{"line":235,"column":2},"end":{"line":235,"column":10}},"loc":{"start":{"line":235,"column":10},"end":{"line":244,"column":3}}},"10":{"name":"(anonymous_19)","decl":{"start":{"line":249,"column":2},"end":{"line":249,"column":7}},"loc":{"start":{"line":249,"column":15},"end":{"line":261,"column":3}}},"11":{"name":"(anonymous_20)","decl":{"start":{"line":266,"column":2},"end":{"line":266,"column":9}},"loc":{"start":{"line":266,"column":9},"end":{"line":270,"column":3}}},"12":{"name":"(anonymous_21)","decl":{"start":{"line":275,"column":10},"end":{"line":275,"column":15}},"loc":{"start":{"line":275,"column":26},"end":{"line":306,"column":3}}},"13":{"name":"(anonymous_22)","decl":{"start":{"line":299,"column":51},"end":{"line":299,"column":54}},"loc":{"start":{"line":299,"column":56},"end":{"line":299,"column":59}}},"14":{"name":"(anonymous_23)","decl":{"start":{"line":311,"column":10},"end":{"line":311,"column":22}},"loc":{"start":{"line":311,"column":22},"end":{"line":321,"column":3}}},"15":{"name":"(anonymous_24)","decl":{"start":{"line":312,"column":36},"end":{"line":312,"column":41}},"loc":{"start":{"line":312,"column":47},"end":{"line":317,"column":5}}},"16":{"name":"(anonymous_25)","decl":{"start":{"line":326,"column":10},"end":{"line":326,"column":15}},"loc":{"start":{"line":326,"column":27},"end":{"line":340,"column":3}}},"17":{"name":"(anonymous_26)","decl":{"start":{"line":345,"column":10},"end":{"line":345,"column":19}},"loc":{"start":{"line":345,"column":51},"end":{"line":348,"column":3}}},"18":{"name":"(anonymous_27)","decl":{"start":{"line":353,"column":10},"end":{"line":353,"column":21}},"loc":{"start":{"line":353,"column":33},"end":{"line":357,"column":3}}},"19":{"name":"(anonymous_28)","decl":{"start":{"line":362,"column":10},"end":{"line":362,"column":20}},"loc":{"start":{"line":362,"column":34},"end":{"line":366,"column":3}}}},"branchMap":{"0":{"loc":{"start":{"line":51,"column":4},"end":{"line":53,"column":5}},"type":"if","locations":[{"start":{"line":51,"column":4},"end":{"line":53,"column":5}}]},"1":{"loc":{"start":{"line":61,"column":4},"end":{"line":63,"column":5}},"type":"if","locations":[{"start":{"line":61,"column":4},"end":{"line":63,"column":5}}]},"2":{"loc":{"start":{"line":82,"column":4},"end":{"line":85,"column":5}},"type":"if","locations":[{"start":{"line":82,"column":4},"end":{"line":85,"column":5}}]},"3":{"loc":{"start":{"line":88,"column":4},"end":{"line":92,"column":5}},"type":"if","locations":[{"start":{"line":88,"column":4},"end":{"line":92,"column":5}}]},"4":{"loc":{"start":{"line":100,"column":6},"end":{"line":104,"column":7}},"type":"if","locations":[{"start":{"line":100,"column":6},"end":{"line":104,"column":7}}]},"5":{"loc":{"start":{"line":126,"column":11},"end":{"line":126,"column":41}},"type":"binary-expr","locations":[{"start":{"line":126,"column":11},"end":{"line":126,"column":14}},{"start":{"line":126,"column":18},"end":{"line":126,"column":41}}]},"6":{"loc":{"start":{"line":137,"column":13},"end":{"line":137,"column":82}},"type":"binary-expr","locations":[{"start":{"line":137,"column":13},"end":{"line":137,"column":59}},{"start":{"line":137,"column":63},"end":{"line":137,"column":82}}]},"7":{"loc":{"start":{"line":146,"column":6},"end":{"line":148,"column":7}},"type":"if","locations":[{"start":{"line":146,"column":6},"end":{"line":148,"column":7}}]},"8":{"loc":{"start":{"line":170,"column":4},"end":{"line":170,"column":34}},"type":"if","locations":[{"start":{"line":170,"column":4},"end":{"line":170,"column":34}}]},"9":{"loc":{"start":{"line":172,"column":4},"end":{"line":175,"column":5}},"type":"if","locations":[{"start":{"line":172,"column":4},"end":{"line":175,"column":5}}]},"10":{"loc":{"start":{"line":187,"column":4},"end":{"line":187,"column":34}},"type":"if","locations":[{"start":{"line":187,"column":4},"end":{"line":187,"column":34}}]},"11":{"loc":{"start":{"line":191,"column":6},"end":{"line":193,"column":7}},"type":"if","locations":[{"start":{"line":191,"column":6},"end":{"line":193,"column":7}}]},"12":{"loc":{"start":{"line":254,"column":6},"end":{"line":257,"column":7}},"type":"if","locations":[{"start":{"line":254,"column":6},"end":{"line":257,"column":7}}]},"13":{"loc":{"start":{"line":267,"column":4},"end":{"line":269,"column":5}},"type":"if","locations":[{"start":{"line":267,"column":4},"end":{"line":269,"column":5}}]},"14":{"loc":{"start":{"line":280,"column":8},"end":{"line":280,"column":46}},"type":"if","locations":[{"start":{"line":280,"column":8},"end":{"line":280,"column":46}}]},"15":{"loc":{"start":{"line":314,"column":6},"end":{"line":316,"column":7}},"type":"if","locations":[{"start":{"line":314,"column":6},"end":{"line":316,"column":7}}]},"16":{"loc":{"start":{"line":331,"column":6},"end":{"line":334,"column":7}},"type":"if","locations":[{"start":{"line":331,"column":6},"end":{"line":334,"column":7}}]},"17":{"loc":{"start":{"line":337,"column":4},"end":{"line":339,"column":5}},"type":"if","locations":[{"start":{"line":337,"column":4},"end":{"line":339,"column":5}}]},"18":{"loc":{"start":{"line":346,"column":4},"end":{"line":346,"column":27}},"type":"if","locations":[{"start":{"line":346,"column":4},"end":{"line":346,"column":27}}]},"19":{"loc":{"start":{"line":363,"column":4},"end":{"line":363,"column":42}},"type":"if","locations":[{"start":{"line":363,"column":4},"end":{"line":363,"column":42}}]},"20":{"loc":{"start":{"line":364,"column":4},"end":{"line":364,"column":70}},"type":"if","locations":[{"start":{"line":364,"column":4},"end":{"line":364,"column":70}}]}},"s":{"0":3,"1":3,"2":3,"3":35,"4":35,"5":35,"6":35,"7":35,"8":0,"9":35,"10":0,"11":35,"12":35,"13":35,"14":11,"15":11,"16":11,"17":6,"18":6,"19":5,"20":1,"21":1,"22":1,"23":4,"24":4,"25":4,"26":4,"27":0,"28":0,"29":0,"30":4,"31":4,"32":0,"33":0,"34":0,"35":52,"36":52,"37":52,"38":52,"39":52,"40":52,"41":52,"42":0,"43":52,"44":52,"45":52,"46":9,"47":52,"48":52,"49":52,"50":0,"51":0,"52":2,"53":2,"54":2,"55":0,"56":0,"57":0,"58":0,"59":3,"60":3,"61":3,"62":0,"63":3,"64":3,"65":3,"66":3,"67":3,"68":3,"69":3,"70":0,"71":0,"72":2,"73":2,"74":2,"75":17,"76":2,"77":2,"78":2,"79":0,"80":10,"81":1,"82":1,"83":1,"84":2,"85":1,"86":1,"87":1,"88":30,"89":30,"90":35,"91":35,"92":35,"93":232,"94":0,"95":232,"96":232,"97":232,"98":232,"99":232,"100":232,"101":232,"102":232,"103":0,"104":0,"105":35,"106":0,"107":0,"108":0,"109":35,"110":0,"111":0,"112":0,"113":0,"114":0,"115":0,"116":0,"117":0,"118":11,"119":0,"120":11,"121":66,"122":66,"123":35,"124":21,"125":14,"126":14,"127":0,"128":3},"f":{"0":35,"1":35,"2":11,"3":52,"4":2,"5":3,"6":2,"7":17,"8":0,"9":10,"10":1,"11":30,"12":35,"13":0,"14":35,"15":0,"16":0,"17":11,"18":66,"19":35},"b":{"0":[0],"1":[0],"2":[6],"3":[1],"4":[0],"5":[52,50],"6":[52,0],"7":[9],"8":[2],"9":[0],"10":[0],"11":[3],"12":[1],"13":[30],"14":[0],"15":[0],"16":[0],"17":[0],"18":[0],"19":[21],"20":[14]}}
,"/Users/user/Documents/codelicious/src/cache/memoryCache.ts": {"path":"/Users/user/Documents/codelicious/src/cache/memoryCache.ts","statementMap":{"0":{"start":{"line":46,"column":22},"end":{"line":46,"column":49}},"1":{"start":{"line":37,"column":10},"end":{"line":37,"column":58}},"2":{"start":{"line":38,"column":10},"end":{"line":38,"column":37}},"3":{"start":{"line":39,"column":10},"end":{"line":39,"column":34}},"4":{"start":{"line":40,"column":10},"end":{"line":44,"column":4}},"5":{"start":{"line":47,"column":4},"end":{"line":49,"column":5}},"6":{"start":{"line":48,"column":6},"end":{"line":48,"column":33}},"7":{"start":{"line":56,"column":18},"end":{"line":56,"column":37}},"8":{"start":{"line":58,"column":4},"end":{"line":61,"column":5}},"9":{"start":{"line":59,"column":6},"end":{"line":59,"column":26}},"10":{"start":{"line":60,"column":6},"end":{"line":60,"column":23}},"11":{"start":{"line":64,"column":4},"end":{"line":68,"column":5}},"12":{"start":{"line":65,"column":6},"end":{"line":65,"column":23}},"13":{"start":{"line":66,"column":6},"end":{"line":66,"column":26}},"14":{"start":{"line":67,"column":6},"end":{"line":67,"column":23}},"15":{"start":{"line":71,"column":4},"end":{"line":71,"column":24}},"16":{"start":{"line":72,"column":4},"end":{"line":72,"column":34}},"17":{"start":{"line":73,"column":4},"end":{"line":73,"column":32}},"18":{"start":{"line":75,"column":4},"end":{"line":75,"column":22}},"19":{"start":{"line":76,"column":4},"end":{"line":76,"column":28}},"20":{"start":{"line":83,"column":17},"end":{"line":83,"column":41}},"21":{"start":{"line":86,"column":4},"end":{"line":92,"column":5}},"22":{"start":{"line":91,"column":6},"end":{"line":91,"column":22}},"23":{"start":{"line":95,"column":4},"end":{"line":98,"column":5}},"24":{"start":{"line":96,"column":23},"end":{"line":96,"column":43}},"25":{"start":{"line":97,"column":6},"end":{"line":97,"column":40}},"26":{"start":{"line":101,"column":33},"end":{"line":108,"column":6}},"27":{"start":{"line":110,"column":4},"end":{"line":110,"column":31}},"28":{"start":{"line":111,"column":4},"end":{"line":111,"column":29}},"29":{"start":{"line":112,"column":4},"end":{"line":112,"column":32}},"30":{"start":{"line":119,"column":18},"end":{"line":119,"column":37}},"31":{"start":{"line":120,"column":4},"end":{"line":120,"column":29}},"32":{"start":{"line":120,"column":16},"end":{"line":120,"column":29}},"33":{"start":{"line":122,"column":4},"end":{"line":125,"column":5}},"34":{"start":{"line":123,"column":6},"end":{"line":123,"column":23}},"35":{"start":{"line":124,"column":6},"end":{"line":124,"column":19}},"36":{"start":{"line":127,"column":4},"end":{"line":127,"column":16}},"37":{"start":{"line":134,"column":18},"end":{"line":134,"column":37}},"38":{"start":{"line":135,"column":4},"end":{"line":135,"column":29}},"39":{"start":{"line":135,"column":16},"end":{"line":135,"column":29}},"40":{"start":{"line":137,"column":4},"end":{"line":137,"column":35}},"41":{"start":{"line":138,"column":4},"end":{"line":138,"column":27}},"42":{"start":{"line":139,"column":4},"end":{"line":139,"column":36}},"43":{"start":{"line":140,"column":4},"end":{"line":140,"column":16}},"44":{"start":{"line":147,"column":4},"end":{"line":147,"column":23}},"45":{"start":{"line":148,"column":4},"end":{"line":148,"column":26}},"46":{"start":{"line":149,"column":4},"end":{"line":149,"column":25}},"47":{"start":{"line":156,"column":18},"end":{"line":156,"column":53}},"48":{"start":{"line":157,"column":4},"end":{"line":164,"column":6}},"49":{"start":{"line":171,"column":4},"end":{"line":171,"column":41}},"50":{"start":{"line":178,"column":4},"end":{"line":178,"column":28}},"51":{"start":{"line":185,"column":4},"end":{"line":185,"column":27}},"52":{"start":{"line":192,"column":18},"end":{"line":192,"column":19}},"53":{"start":{"line":193,"column":16},"end":{"line":193,"column":26}},"54":{"start":{"line":195,"column":4},"end":{"line":200,"column":5}},"55":{"start":{"line":196,"column":6},"end":{"line":199,"column":7}},"56":{"start":{"line":197,"column":8},"end":{"line":197,"column":25}},"57":{"start":{"line":198,"column":8},"end":{"line":198,"column":18}},"58":{"start":{"line":202,"column":4},"end":{"line":202,"column":19}},"59":{"start":{"line":209,"column":4},"end":{"line":209,"column":33}},"60":{"start":{"line":209,"column":20},"end":{"line":209,"column":33}},"61":{"start":{"line":210,"column":4},"end":{"line":210,"column":52}},"62":{"start":{"line":217,"column":4},"end":{"line":217,"column":46}},"63":{"start":{"line":217,"column":39},"end":{"line":217,"column":46}},"64":{"start":{"line":219,"column":19},"end":{"line":219,"column":38}},"65":{"start":{"line":220,"column":4},"end":{"line":220,"column":24}},"66":{"start":{"line":221,"column":4},"end":{"line":221,"column":27}},"67":{"start":{"line":228,"column":4},"end":{"line":228,"column":36}},"68":{"start":{"line":229,"column":4},"end":{"line":229,"column":31}},"69":{"start":{"line":236,"column":18},"end":{"line":236,"column":47}},"70":{"start":{"line":237,"column":4},"end":{"line":239,"column":5}},"71":{"start":{"line":238,"column":6},"end":{"line":238,"column":40}},"72":{"start":{"line":246,"column":4},"end":{"line":246,"column":56}},"73":{"start":{"line":246,"column":47},"end":{"line":246,"column":56}},"74":{"start":{"line":248,"column":17},"end":{"line":248,"column":29}},"75":{"start":{"line":250,"column":4},"end":{"line":250,"column":37}},"76":{"start":{"line":250,"column":28},"end":{"line":250,"column":37}},"77":{"start":{"line":251,"column":4},"end":{"line":251,"column":36}},"78":{"start":{"line":251,"column":27},"end":{"line":251,"column":36}},"79":{"start":{"line":252,"column":4},"end":{"line":252,"column":51}},"80":{"start":{"line":252,"column":27},"end":{"line":252,"column":51}},"81":{"start":{"line":254,"column":4},"end":{"line":261,"column":5}},"82":{"start":{"line":256,"column":6},"end":{"line":260,"column":7}},"83":{"start":{"line":257,"column":8},"end":{"line":257,"column":48}},"84":{"start":{"line":259,"column":8},"end":{"line":259,"column":20}},"85":{"start":{"line":263,"column":4},"end":{"line":263,"column":13}},"86":{"start":{"line":36,"column":0},"end":{"line":36,"column":13}}},"fnMap":{"0":{"name":"(anonymous_0)","decl":{"start":{"line":46,"column":2},"end":{"line":46,"column":22}},"loc":{"start":{"line":46,"column":49},"end":{"line":50,"column":3}}},"1":{"name":"(anonymous_1)","decl":{"start":{"line":55,"column":2},"end":{"line":55,"column":5}},"loc":{"start":{"line":55,"column":20},"end":{"line":77,"column":3}}},"2":{"name":"(anonymous_2)","decl":{"start":{"line":82,"column":2},"end":{"line":82,"column":5}},"loc":{"start":{"line":82,"column":44},"end":{"line":113,"column":3}}},"3":{"name":"(anonymous_3)","decl":{"start":{"line":118,"column":2},"end":{"line":118,"column":5}},"loc":{"start":{"line":118,"column":17},"end":{"line":128,"column":3}}},"4":{"name":"(anonymous_4)","decl":{"start":{"line":133,"column":2},"end":{"line":133,"column":8}},"loc":{"start":{"line":133,"column":20},"end":{"line":141,"column":3}}},"5":{"name":"(anonymous_5)","decl":{"start":{"line":146,"column":2},"end":{"line":146,"column":7}},"loc":{"start":{"line":146,"column":7},"end":{"line":150,"column":3}}},"6":{"name":"(anonymous_6)","decl":{"start":{"line":155,"column":2},"end":{"line":155,"column":10}},"loc":{"start":{"line":155,"column":10},"end":{"line":165,"column":3}}},"7":{"name":"(anonymous_7)","decl":{"start":{"line":170,"column":2},"end":{"line":170,"co
[...]
10},"end":{"line":13,"column":43}},"4":{"start":{"line":22,"column":16},"end":{"line":22,"column":33}},"5":{"start":{"line":25,"column":4},"end":{"line":27,"column":5}},"6":{"start":{"line":26,"column":6},"end":{"line":26,"column":13}},"7":{"start":{"line":29,"column":4},"end":{"line":33,"column":7}},"8":{"start":{"line":35,"column":4},"end":{"line":35,"column":26}},"9":{"start":{"line":36,"column":4},"end":{"line":36,"column":16}},"10":{"start":{"line":43,"column":22},"end":{"line":43,"column":40}},"11":{"start":{"line":45,"column":4},"end":{"line":49,"column":5}},"12":{"start":{"line":46,"column":18},"end":{"line":46,"column":45}},"13":{"start":{"line":47,"column":6},"end":{"line":47,"column":31}},"14":{"start":{"line":48,"column":6},"end":{"line":48,"column":28}},"15":{"start":{"line":51,"column":4},"end":{"line":51,"column":21}},"16":{"start":{"line":58,"column":4},"end":{"line":58,"column":31}},"17":{"start":{"line":65,"column":4},"end":{"line":65,"column":35}},"18":{"start":{"line":72,"column":4},"end":{"line":72,"column":29}},"19":{"start":{"line":79,"column":4},"end":{"line":79,"column":20}},"20":{"start":{"line":80,"column":4},"end":{"line":80,"column":25}},"21":{"start":{"line":87,"column":16},"end":{"line":87,"column":33}},"22":{"start":{"line":88,"column":4},"end":{"line":88,"column":33}},"23":{"start":{"line":95,"column":16},"end":{"line":95,"column":33}},"24":{"start":{"line":96,"column":18},"end":{"line":96,"column":74}},"25":{"start":{"line":96,"column":45},"end":{"line":96,"column":73}},"26":{"start":{"line":98,"column":4},"end":{"line":101,"column":5}},"27":{"start":{"line":99,"column":6},"end":{"line":99,"column":47}},"28":{"start":{"line":100,"column":6},"end":{"line":100,"column":18}},"29":{"start":{"line":108,"column":4},"end":{"line":108,"column":41}},"30":{"start":{"line":108,"column":32},"end":{"line":108,"column":39}},"31":{"start":{"line":115,"column":4},"end":{"line":122,"column":7}},"32":{"start":{"line":117,"column":6},"end":{"line":119,"column":7}},"33":{"start":{"line":118,"column":8},"end":{"line":118,"column":39}},"34":{"start":{"line":121,"column":6},"end":{"line":121,"column":39}},"35":{"start":{"line":11,"column":0},"end":{"line":11,"column":13}},"36":{"start":{"line":136,"column":17},"end":{"line":136,"column":18}},"37":{"start":{"line":139,"column":2},"end":{"line":141,"column":3}},"38":{"start":{"line":140,"column":4},"end":{"line":140,"column":21}},"39":{"start":{"line":144,"column":2},"end":{"line":146,"column":3}},"40":{"start":{"line":145,"column":4},"end":{"line":145,"column":20}},"41":{"start":{"line":149,"column":2},"end":{"line":155,"column":3}},"42":{"start":{"line":150,"column":4},"end":{"line":150,"column":20}},"43":{"start":{"line":151,"column":9},"end":{"line":155,"column":3}},"44":{"start":{"line":152,"column":4},"end":{"line":152,"column":19}},"45":{"start":{"line":153,"column":9},"end":{"line":155,"column":3}},"46":{"start":{"line":154,"column":4},"end":{"line":154,"column":19}},"47":{"start":{"line":158,"column":2},"end":{"line":160,"column":3}},"48":{"start":{"line":159,"column":4},"end":{"line":159,"column":20}},"49":{"start":{"line":162,"column":2},"end":{"line":164,"column":3}},"50":{"start":{"line":163,"column":4},"end":{"line":163,"column":20}},"51":{"start":{"line":167,"column":2},"end":{"line":169,"column":3}},"52":{"start":{"line":168,"column":4},"end":{"line":168,"column":19}},"53":{"start":{"line":172,"column":2},"end":{"line":175,"column":3}},"54":{"start":{"line":174,"column":4},"end":{"line":174,"column":20}},"55":{"start":{"line":177,"column":2},"end":{"line":177,"column":31}}},"fnMap":{"0":{"name":"(anonymous_0)","decl":{"start":{"line":15,"column":2},"end":{"line":15,"column":22}},"loc":{"start":{"line":15,"column":49},"end":{"line":15,"column":53}}},"1":{"name":"(anonymous_1)","decl":{"start":{"line":21,"column":2},"end":{"line":21,"column":9}},"loc":{"start":{"line":21,"column":35},"end":{"line":37,"column":3}}},"2":{"name":"(anonymous_2)","decl":{"start":{"line":42,"column":2},"end":{"line":42,"column":9}},"loc":{"start":{"line":42,"column":9},"end":{"line":52,"column":3}}},"3":{"name":"(anonymous_3)","decl":{"start":{"line":57,"column":2},"end":{"line":57,"column":6}},"loc":{"start":{"line":57,"column":6},"end":{"line":59,"column":3}}},"4":{"name":"(anonymous_4)","decl":{"start":{"line":64,"column":2},"end":{"line":64,"column":9}},"loc":{"start":{"line":64,"column":9},"end":{"line":66,"column":3}}},"5":{"name":"(anonymous_5)","decl":{"start":{"line":71,"column":2},"end":{"line":71,"column":6}},"loc":{"start":{"line":71,"column":6},"end":{"line":73,"column":3}}},"6":{"name":"(anonymous_6)","decl":{"start":{"line":78,"column":2},"end":{"line":78,"column":7}},"loc":{"start":{"line":78,"column":7},"end":{"line":81,"column":3}}},"7":{"name":"(anonymous_7)","decl":{"start":{"line":86,"column":2},"end":{"line":86,"column":5}},"loc":{"start":{"line":86,"column":13},"end":{"line":89,"column":3}}},"8":{"name":"(anonymous_8)","decl":{"start":{"line":94,"column":2},"end":{"line":94,"column":16}},"loc":{"start":{"line":94,"column":45},"end":{"line":102,"column":3}}},"9":{"name":"(anonymous_9)","decl":{"start":{"line":96,"column":39},"end":{"line":96,"column":41}},"loc":{"start":{"line":96,"column":45},"end":{"line":96,"column":73}}},"10":{"name":"(anonymous_10)","decl":{"start":{"line":107,"column":2},"end":{"line":107,"column":8}},"loc":{"start":{"line":107,"column":8},"end":{"line":109,"column":3}}},"11":{"name":"(anonymous_11)","decl":{"start":{"line":108,"column":26},"end":{"line":108,"column":28}},"loc":{"start":{"line":108,"column":32},"end":{"line":108,"column":39}}},"12":{"name":"(anonymous_12)","decl":{"start":{"line":114,"column":10},"end":{"line":114,"column":14}},"loc":{"start":{"line":114,"column":14},"end":{"line":123,"column":3}}},"13":{"name":"(anonymous_13)","decl":{"start":{"line":115,"column":20},"end":{"line":115,"column":21}},"loc":{"start":{"line":115,"column":29},"end":{"line":122,"column":5}}},"14":{"name":"calculateFilePriority","decl":{"start":{"line":129,"column":16},"end":{"line":129,"column":37}},"loc":{"start":{"line":134,"column":27},"end":{"line":178,"column":1}}}},"branchMap":{"0":{"loc":{"start":{"line":25,"column":4},"end":{"line":27,"column":5}},"type":"if","locations":[{"start":{"line":25,"column":4},"end":{"line":27,"column":5}}]},"1":{"loc":{"start":{"line":45,"column":4},"end":{"line":49,"column":5}},"type":"if","locations":[{"start":{"line":45,"column":4},"end":{"line":49,"column":5}}]},"2":{"loc":{"start":{"line":98,"column":4},"end":{"line":101,"column":5}},"type":"if","locations":[{"start":{"line":98,"column":4},"end":{"line":101,"column":5}}]},"3":{"loc":{"start":{"line":117,"column":6},"end":{"line":119,"column":7}},"type":"if","locations":[{"start":{"line":117,"column":6},"end":{"line":119,"column":7}}]},"4":{"loc":{"start":{"line":133,"column":2},"end":{"line":133,"column":25}},"type":"default-arg","locations":[{"start":{"line":133,"column":20},"end":{"line":133,"column":25}}]},"5":{"loc":{"start":{"line":134,"column":2},"end":{"line":134,"column":27}},"type":"default-arg","locations":[{"start":{"line":134,"column":22},"end":{"line":134,"column":27}}]},"6":{"loc":{"start":{"line":139,"column":2},"end":{"line":141,"column":3}},"type":"if","locations":[{"start":{"line":139,"column":2},"end":{"line":141,"column":3}}]},"7":{"loc":{"start":{"line":144,"column":2},"end":{"line":146,"column":3}},"type":"if","locations":[{"start":{"line":144,"column":2},"end":{"line":146,"column":3}}]},"8":{"loc":{"start":{"line":149,"column":2},"end":{"line":155,"column":3}},"type":"if","locations":[{"start":{"line":149,"column":2},"end":{"line":155,"column":3}},{"start":{"line":151,"column":9},"end":{"line":155,"column":3}}]},"9":{"loc":{"start":{"line":151,"column":9},"end":{"line":155,"column":3}},"type":"if","locations":[{"start":{"line":151,"column":9},"end":{"line":155,"column":3}},{"start":{"line":153,"column":9},"end":{"line":155,"column":3}}]},"10":{"loc":{"start":{"line":153,"column":9},"end":{"line":155,"column":3}},"type":"if","locations":[{"start":{"line":153,"column":9},"end":{"line":155,"column":3}}]},"11":{"loc":{"start":{"line":158,"column":2},"end":{"line":160,"column":3}},"type":"if","locations":[{"start":{"line":158,"column":2},"end":{"line":160,"column":3}}]},"12":{"loc":{"start":{"line":158,"column":6},"end":{"line":158,"column":63}},"type":"binary-expr","locations":[{"start":{"line":158,"column":6},"end":{"line":158,"column":33}},{"start":{"line":158,"column":37},"end":{"line":158,"column":63}}]},"13":{"loc":{"start":{"line":162,"column":2},"end":{"line":164,"column":3}},"type":"if","locations":[{"start":{"line":162,"column":2},"end":{"line":164,"column":3}}]},"14":{"loc":{"start":{"line":162,"column":6},"end":{"line":162,"column":77}},"type":"binary-expr","locations":[{"start":{"line":162,"column":6},"end":{"line":162,"column":39}},{"start":{"line":162,"column":43},"end":{"line":162,"column":77}}]},"15":{"loc":{"start":{"line":167,"column":2},"end":{"line":169,"column":3}},"type":"if","locations":[{"start":{"line":167,"column":2},"end":{"line":169,"column":3}}]},"16":{"loc":{"start":{"line":167,"column":6},"end":{"line":167,"column":64}},"type":"binary-expr","locations":[{"start":{"line":167,"column":6},"end":{"line":167,"column":33}},{"start":{"line":167,"column":37},"end":{"line":167,"column":64}}]},"17":{"loc":{"start":{"line":172,"column":2},"end":{"line":175,"column":3}},"type":"if","locations":[{"start":{"line":172,"column":2},"end":{"line":175,"column":3}}]},"18":{"loc":{"start":{"line":172,"column":6},"end":{"line":173,"column":69}},"type":"binary-expr","locations":[{"start":{"line":172,"column":6},"end":{"line":172,"column":37}},{"start":{"line":173,"column":7},"end":{"line":173,"column":33}},{"start":{"line":173,"column":37},"end":{"line":173,"column":68}}]}},"s":{"0":3,"1":29,"2":29,"3":29,"4":273,"5":273,"6":1,"7":272,"8":272,"9":272,"10":262,"11":262,"12":261,"13":261,"14":261,"15":1,"16":2,"17":257,"18":7,"19":17,"20":17,"21":2,"22":2,"23":2,"24":2,"25":2,"26":2,"27":1,"28":1,"29":2,"30":3,"31":273,"32":34312,"33":2227,"34":32085,"35":3,"36":269,"37":269,"38":2,"39":269,"40":2,"41":269,"42":192,"43":77,"44":72,"45":5,"46":0,"47":269,"48":6,"49":269,"50":1,"51":269,"52":67,"53":269,"54":1,"55":269},"f":{"0":29,"1":273,"2":262,"3":2,"4":257,"5":7,"6":17,"7":2,"8":2,"9":2,"10":2,"11":3,"12":273,"13":34312,"14":269},"b":{"0":[1],"1":[261],"2":[1],"3":[2227],"4":[263],"5":[263],"6":[2],"7":[2],"8":[192,77],"9":[72,5],"10":[0],"11":[6],"12":[269,264],"13":[1],"14":[269,268],"15":[67],"16":[269,203],"17":[1],"18":[269,17,16]}}
,"/Users/user/Documents/codelicious/src/utils/symbolParser.ts": {"path":"/Users/user/Documents/codelicious/src/utils/symbolParser.ts","statementMap":{"0":{"start":{"line":11,"column":0},"end":{"line":11,"column":16}},"1":{"start":{"line":107,"column":0},"end":{"line":107,"column":16}},"2":{"start":{"line":146,"column":0},"end":{"line":146,"column":16}},"3":{"start":{"line":169,"column":0},"end":{"line":169,"column":16}},"4":{"start":{"line":192,"column":0},"end":{"line":192,"column":16}},"5":{"start":{"line":216,"column":0},"end":{"line":216,"column":16}},"6":{"start":{"line":231,"column":0},"end":{"line":231,"column":16}},"7":{"start":{"line":246,"column":0},"end":{"line":246,"column":16}},"8":{"start":{"line":6,"column":0},"end":{"line":6,"column":63}},"9":{"start":{"line":12,"column":28},"end":{"line":12,"column":30}},"10":{"start":{"line":13,"column":16},"end":{"line":13,"column":35}},"11":{"start":{"line":16,"column":21},"end":{"line":16,"column":69}},"12":{"start":{"line":19,"column":2},"end":{"line":29,"column":3}},"13":{"start":{"line":20,"column":23},"end":{"line":20,"column":79}},"14":{"start":{"line":21,"column":4},"end":{"line":28,"column":7}},"15":{"start":{"line":32,"column":25},"end":{"line":32,"column":61}},"16":{"start":{"line":33,"column":2},"end":{"line":43,"column":3}},"17":{"start":{"line":34,"column":23},"end":{"line":34,"column":79}},"18":{"start":{"line":35,"column":4},"end":{"line":42,"column":7}},"19":{"start":{"line":46,"column":24},"end":{"line":46,"column":72}},"20":{"start":{"line":47,"column":2},"end":{"line":57,"column":3}},"21":{"start":{"line":48,"column":23},"end":{"line":48,"column":79}},"22":{"start":{"line":49,"column":4},"end":{"line":56,"column":7}},"23":{"start":{"line":60,"column":29},"end":{"line":60,"column":95}},"24":{"start":{"line":61,"column":2},"end":{"line":71,"column":3}},"25":{"start":{"line":62,"column":23},"end":{"line":62,"column":79}},"26":{"start":{"line":63,"column":4},"end":{"line":70,"column":7}},"27":{"start":{"line":74,"column":22},"end":{"line":74,"column":99}},"28":{"start":{"line":75,"column":2},"end":{"line":85,"column":3}},"29":{"start":{"line":76,"column":23},"end":{"line":76,"column":79}},"30":{"start":{"line":77,"column":4},"end":{"line":84,"column":7}},"31":{"start":{"line":88,"column":20},"end":{"line":88,"column":51}},"32":{"start":{"line":89,"column":2},"end":{"line":99,"column":3}},"33":{"start":{"line":90,"column":23},"end":{"line":90,"column":79}},"34":{"start":{"line":91,"column":4},"end":{"line":98,"column":7}},"35":{"start":{"line":101,"column":2},"end":{"line":101,"column":17}},"36":{"start":{"line":108,"column":28},"end":{"line":108,"column":30}},"37":{"start":{"line":111,"column":21},"end":{"line":111,"column":39}},"38":{"start":{"line":114,"column":2},"end":{"line":124,"column":3}},"39":{"start":{"line":115,"column":23},"end":{"line":115,"column":79}},"40":{"start":{"line":116,"column":4},"end":{"line":123,"column":7}},"41":{"start":{"line":127,"column":24},"end":{"line":127,"column":53}},"42":{"start":{"line":128,"column":2},"end":{"line":138,"column":3}},"43":{"start":{"line":129,"column":23},"end":{"line":129,"column":79}},"44":{"start":{"line":130,"column":4},"end":{"line":137,"column":7}},"45":{"start":{"line":140,"column":2},"end":{"line":140,"column":17}},"46":{"start":{"line":147,"column":28},"end":{"line":147,"column":30}},"47":{"start":{"line":150,"column":22},"end":{"line":150,"column":78}},"48":{"start":{"line":153,"column":2},"end":{"line":155,"column":3}},"49":{"start":{"line":154,"column":4},"end":{"line":154,"column":27}},"50":{"start":{"line":158,"column":23},"end":{"line":158,"column":62}},"51":{"start":{"line":159,"column":2},"end":{"line":161,"column":3}},"52":{"start":{"line":160,"column":4},"end":{"line":160,"column":27}},"53":{"start":{"line":163,"column":2},"end":{"line":163,"column":17}},"54":{"start":{"line":170,"column":28},"end":{"line":170,"column":30}},"55":{"start":{"line":173,"column":22},"end":{"line":173,"column":44}},"56":{"start":{"line":176,"column":2},"end":{"line":178,"column":3}},"57":{"start":{"line":177,"column":4},"end":{"line":177,"column":27}},"58":{"start":{"line":181,"column":26},"end":{"line":181,"column":55}},"59":{"start":{"line":182,"column":2},"end":{"line":184,"column":3}},"60":{"start":{"line":183,"column":4},"end":{"line":183,"column":27}},"61":{"start":{"line":186,"column":2},"end":{"line":186,"column":17}},"62":{"start":{"line":193,"column":28},"end":{"line":193,"column":30}},"63":{"start":{"line":196,"column":22},"end":{"line":196,"column":94}},"64":{"start":{"line":199,"column":2},"end":{"line":201,"column":3}},"65":{"start":{"line":200,"column":4},"end":{"line":200,"column":27}},"66":{"start":{"line":204,"column":27},"end":{"line":204,"column":48}},"67":{"start":{"line":205,"column":2},"end":{"line":208,"column":3}},"68":{"start":{"line":206,"column":18},"end":{"line":206,"column":77}},"69":{"start":{"line":206,"column":47},"end":{"line":206,"column":76}},"70":{"start":{"line":207,"column":4},"end":{"line":207,"column":27}},"71":{"start":{"line":210,"column":2},"end":{"line":210,"column":17}},"72":{"start":{"line":217,"column":2},"end":{"line":225,"column":3}},"73":{"start":{"line":220,"column":6},"end":{"line":220,"column":55}},"74":{"start":{"line":222,"column":6},"end":{"line":222,"column":51}},"75":{"start":{"line":224,"column":6},"end":{"line":224,"column":16}},"76":{"start":{"line":232,"column":2},"end":{"line":240,"column":3}},"77":{"start":{"line":235,"column":6},"end":{"line":235,"column":45}},"78":{"start":{"line":237,"column":6},"end":{"line":237,"column":41}},"79":{"start":{"line":239,"column":6},"end":{"line":239,"column":16}},"80":{"start":{"line":247,"column":2},"end":{"line":253,"column":3}},"81":{"start":{"line":250,"column":6},"end":{"line":250,"column":45}},"82":{"start":{"line":252,"column":6},"end":{"line":252,"column":16}}},"fnMap":{"0":{"name":"parseTypeScriptSymbols","decl":{"start":{"line":11,"column":16},"end":{"line":11,"column":38}},"loc":{"start":{"line":11,"column":72},"end":{"line":102,"column":1}}},"1":{"name":"parsePythonSymbols","decl":{"start":{"line":107,"column":16},"end":{"line":107,"column":34}},"loc":{"start":{"line":107,"column":68},"end":{"line":141,"column":1}}},"2":{"name":"parseTypeScriptImports","decl":{"start":{"line":146,"column":16},"end":{"line":146,"column":38}},"loc":{"start":{"line":146,"column":54},"end":{"line":164,"column":1}}},"3":{"name":"parsePythonImports","decl":{"start":{"line":169,"column":16},"end":{"line":169,"column":34}},"loc":{"start":{"line":169,"column":50},"end":{"line":187,"column":1}}},"4":{"name":"parseTypeScriptExports","decl":{"start":{"line":192,"column":16},"end":{"line":192,"column":38}},"loc":{"start":{"line":192,"column":54},"end":{"line":211,"column":1}}},"5":{"name":"(anonymous_5)","decl":{"start":{"line":206,"column":42},"end":{"line":206,"column":43}},"loc":{"start":{"line":206,"column":47},"end":{"line":206,"column":76}}},"6":{"name":"parseSymbols","decl":{"start":{"line":216,"column":16},"end":{"line":216,"column":28}},"loc":{"start":{"line":216,"column":80},"end":{"line":226,"column":1}}},"7":{"name":"parseImports","decl":{"start":{"line":231,"column":16},"end":{"line":231,"column":28}},"loc":{"start":{"line":231,"column":62},"end":{"line":241,"column":1}}},"8":{"name":"parseExports","decl":{"start":{"line":246,"column":16},"end":{"line":246,"column":28}},"loc":{"start":{"line":246,"column":62},"end":{"line":254,"column":1}}}},"branchMap":{"0":{"loc":{"start":{"line":217,"column":2},"end":{"line":225,"column":3}},"type":"switch","locations":[{"start":{"line":218,"column":4},"end":{"line":218,"column":22}},{"start":{"line":219,"column":4},"end":{"line":220,"column":55}},{"start":{"line":221,"column":4},"end":{"line":222,"column":51}},{"start":{"line":223,"column":4},"end":{"line":224,"column":16}}]},"1":{"loc":{"start":{"line":232,"column":2},"end":{"line":240,"column":3}},"type":"switch","locations":[{"start":{"line":233,"column":4},"end":{"line":233,"column":22}},{"start":{"line":234,"column":4},"end":{"line":235,"column":45}},{"start":{"line":236,"column":4},"end":{"line":237,"column":41}},{"start":{"line":238,"column":4},"end":{"line":239,"column":16}}]},"2":{"loc":{"start":{"line":247,"column":2},"end":{"line":253,"column":3}},"type":"switch","locations":[{"start":{"line":248,"column":4},"end":{"line":248,"column":22}},{"start":{"line":249,"column":4},"end":{"line":250,"column":45}},{"start":{"line":251,"column":4},"end":{"line":252,"column":16}}]}},"s":{"0":3,"1":3,"2":3,"3":3,"4":3,"5":3,"6":3,"7":3,"8":3,"9":201,"10":201,"11":201,"12":201,"13":83,"14":83,"15":201,"16":201,"17":278,"18":278,"19":201,"20":201,"21":100,"22":100,"23":201,"24":201,"25":10,"26":10,"27":201,"28":201,"29":1831,"30":1831,"31":201,"32":201,"33":30,"34":30,"35":201,"36":4,"37":4,"38":4,"39":5,"40":5,"41":4,"42":4,"43":9,"44":9,"45":4,"46":198,"47":198,"48":198,"49":305,"50":198,"51":198,"52":99,"53":198,"54":4,"55":4,"56":4,"57":7,"58":4,"59":4,"60":8,"61":4,"62":198,"63":198,"64":198,"65":395,"66":198,"67":198,"68":5,"69":8,"70":5,"71":198,"72":255,"73":196,"74":2,"75":57,"76":254,"77":196,"78":2,"79":56,"80":253,"81":196,"82":57},"f":{"0":201,"1":4,"2":198,"3":4,"4":198,"5":8,"6":255,"7":254,"8":253},"b":{"0":[165,196,2,57],"1":[165,196,2,56],"2":[165,196,57]}}
}
