TN:
SF:src/extension.ts
FN:19,activate
FN:38,(anonymous_10)
FN:76,deactivate
FN:90,registerCommands
FN:96,(anonymous_13)
FN:108,(anonymous_14)
FN:115,(anonymous_15)
FN:122,(anonymous_16)
FN:129,(anonymous_17)
FN:136,(anonymous_18)
FN:143,(anonymous_19)
FN:160,(anonymous_20)
FN:173,(anonymous_21)
FN:185,(anonymous_22)
FN:197,(anonymous_23)
FN:209,(anonymous_24)
FN:221,(anonymous_25)
FN:231,(anonymous_26)
FN:243,(anonymous_27)
FN:255,(anonymous_28)
FN:267,(anonymous_29)
FN:279,(anonymous_30)
FN:291,(anonymous_31)
FN:303,(anonymous_32)
FN:323,(anonymous_33)
FN:358,(anonymous_34)
FN:379,(anonymous_35)
FN:395,(anonymous_36)
FN:408,(anonymous_37)
FN:421,(anonymous_38)
FN:436,showWelcomeMessage
FN:440,(anonymous_40)
FNF:32
FNH:0
FNDA:0,activate
FNDA:0,(anonymous_10)
FNDA:0,deactivate
FNDA:0,registerCommands
FNDA:0,(anonymous_13)
FNDA:0,(anonymous_14)
FNDA:0,(anonymous_15)
FNDA:0,(anonymous_16)
FNDA:0,(anonymous_17)
FNDA:0,(anonymous_18)
FNDA:0,(anonymous_19)
FNDA:0,(anonymous_20)
FNDA:0,(anonymous_21)
FNDA:0,(anonymous_22)
FNDA:0,(anonymous_23)
FNDA:0,(anonymous_24)
FNDA:0,(anonymous_25)
FNDA:0,(anonymous_26)
FNDA:0,(anonymous_27)
FNDA:0,(anonymous_28)
FNDA:0,(anonymous_29)
FNDA:0,(anonymous_30)
FNDA:0,(anonymous_31)
FNDA:0,(anonymous_32)
FNDA:0,(anonymous_33)
FNDA:0,(anonymous_34)
FNDA:0,(anonymous_35)
FNDA:0,(anonymous_36)
FNDA:0,(anonymous_37)
FNDA:0,(anonymous_38)
FNDA:0,showWelcomeMessage
FNDA:0,(anonymous_40)
DA:5,0
DA:6,0
DA:8,0
DA:9,0
DA:10,0
DA:11,0
DA:12,0
DA:19,0
DA:20,0
DA:22,0
DA:24,0
DA:25,0
DA:26,0
DA:29,0
DA:37,0
DA:38,0
DA:42,0
DA:45,0
DA:48,0
DA:49,0
DA:56,0
DA:59,0
DA:60,0
DA:61,0
DA:62,0
DA:66,0
DA:67,0
DA:76,0
DA:77,0
DA:79,0
DA:80,0
DA:81,0
DA:84,0
DA:95,0
DA:97,0
DA:98,0
DA:99,0
DA:101,0
DA:107,0
DA:109,0
DA:114,0
DA:116,0
DA:121,0
DA:123,0
DA:128,0
DA:130,0
DA:135,0
DA:137,0
DA:142,0
DA:144,0
DA:145,0
DA:146,0
DA:147,0
DA:148,0
DA:149,0
DA:150,0
DA:153,0
DA:159,0
DA:161,0
DA:162,0
DA:163,0
DA:164,0
DA:166,0
DA:172,0
DA:174,0
DA:175,0
DA:176,0
DA:178,0
DA:184,0
DA:186,0
DA:187,0
DA:188,0
DA:190,0
DA:196,0
DA:198,0
DA:199,0
DA:200,0
DA:202,0
DA:208,0
DA:210,0
DA:211,0
DA:212,0
DA:214,0
DA:220,0
DA:222,0
DA:223,0
DA:224,0
DA:230,0
DA:232,0
DA:233,0
DA:234,0
DA:236,0
DA:242,0
DA:244,0
DA:245,0
DA:246,0
DA:248,0
DA:254,0
DA:256,0
DA:257,0
DA:258,0
DA:260,0
DA:266,0
DA:268,0
DA:269,0
DA:270,0
DA:272,0
DA:278,0
DA:280,0
DA:281,0
DA:282,0
DA:284,0
DA:290,0
DA:292,0
DA:293,0
DA:294,0
DA:296,0
DA:302,0
DA:304,0
DA:305,0
DA:306,0
DA:307,0
DA:310,0
DA:311,0
DA:312,0
DA:313,0
DA:316,0
DA:317,0
DA:322,0
DA:324,0
DA:325,0
DA:326,0
DA:327,0
DA:331,0
DA:332,0
DA:334,0
DA:345,0
DA:346,0
DA:349,0
DA:352,0
DA:357,0
DA:359,0
DA:360,0
DA:361,0
DA:362,0
DA:365,0
DA:366,0
DA:367,0
DA:368,0
DA:371,0
DA:372,0
DA:373,0
DA:378,0
DA:380,0
DA:381,0
DA:382,0
DA:383,0
DA:386,0
DA:387,0
DA:394,0
DA:396,0
DA:397,0
DA:398,0
DA:399,0
DA:402,0
DA:407,0
DA:409,0
DA:410,0
DA:411,0
DA:412,0
DA:415,0
DA:420,0
DA:422,0
DA:423,0
DA:424,0
DA:425,0
DA:428,0
DA:437,0
DA:438,0
DA:440,0
DA:441,0
DA:443,0
DA:444,0
DA:446,0
DA:447,0
DA:449,0
DA:450,0
LF:187
LH:0
BRDA:60,0,0,0
BRDA:68,1,0,0
BRDA:68,1,1,0
BRDA:79,2,0,0
BRDA:145,3,0,0
BRDA:145,3,1,0
BRDA:148,4,0,0
BRDA:162,5,0,0
BRDA:162,5,1,0
BRDA:175,6,0,0
BRDA:175,6,1,0
BRDA:187,7,0,0
BRDA:187,7,1,0
BRDA:199,8,0,0
BRDA:199,8,1,0
BRDA:211,9,0,0
BRDA:211,9,1,0
BRDA:223,10,0,0
BRDA:233,11,0,0
BRDA:233,11,1,0
BRDA:245,12,0,0
BRDA:245,12,1,0
BRDA:257,13,0,0
BRDA:257,13,1,0
BRDA:269,14,0,0
BRDA:269,14,1,0
BRDA:281,15,0,0
BRDA:281,15,1,0
BRDA:293,16,0,0
BRDA:293,16,1,0
BRDA:305,17,0,0
BRDA:311,18,0,0
BRDA:325,19,0,0
BRDA:331,20,0,0
BRDA:331,20,1,0
BRDA:345,21,0,0
BRDA:345,22,0,0
BRDA:345,22,1,0
BRDA:360,23,0,0
BRDA:366,24,0,0
BRDA:381,25,0,0
BRDA:397,26,0,0
BRDA:410,27,0,0
BRDA:423,28,0,0
BRDA:441,29,0,0
BRDA:441,29,1,0
BRDA:441,29,2,0
BRF:47
BRH:0
end_of_record
TN:
SF:src/cache/cacheManager.ts
FN:38,(anonymous_9)
FN:46,(anonymous_10)
FN:101,(anonymous_11)
FN:151,(anonymous_12)
FN:186,(anonymous_13)
FN:212,(anonymous_14)
FN:233,(anonymous_15)
FN:254,(anonymous_16)
FN:287,(anonymous_17)
FN:303,(anonymous_18)
FN:335,(anonymous_19)
FN:349,(anonymous_20)
FN:370,(anonymous_21)
FNF:13
FNH:13
FNDA:72,(anonymous_9)
FNDA:36,(anonymous_10)
FNDA:40,(anonymous_11)
FNDA:53,(anonymous_12)
FNDA:4,(anonymous_13)
FNDA:1,(anonymous_14)
FNDA:2,(anonymous_15)
FNDA:9,(anonymous_16)
FNDA:2,(anonymous_17)
FNDA:1,(anonymous_18)
FNDA:31,(anonymous_19)
FNDA:35,(anonymous_20)
FNDA:70,(anonymous_21)
DA:18,3
DA:21,3
DA:22,3
DA:23,3
DA:32,3
DA:36,72
DA:39,72
DA:40,72
DA:47,36
DA:49,36
DA:51,36
DA:52,1
DA:53,1
DA:56,35
DA:58,35
DA:61,35
DA:62,35
DA:67,35
DA:70,35
DA:71,35
DA:72,35
DA:78,35
DA:79,35
DA:82,35
DA:87,35
DA:89,35
DA:90,35
DA:93,0
DA:94,0
DA:102,40
DA:103,0
DA:106,40
DA:109,40
DA:110,35
DA:111,1
DA:115,1
DA:117,1
DA:118,1
DA:120,1
DA:126,39
DA:127,37
DA:128,37
DA:129,28
DA:134,11
DA:135,11
DA:136,11
DA:138,3
DA:139,3
DA:141,3
DA:145,8
DA:152,53
DA:153,0
DA:156,53
DA:157,53
DA:160,53
DA:161,51
DA:165,53
DA:166,52
DA:170,53
DA:171,50
DA:172,2
DA:187,4
DA:188,0
DA:192,4
DA:193,2
DA:197,2
DA:198,0
DA:202,2
DA:203,0
DA:206,2
DA:213,1
DA:214,0
DA:217,1
DA:218,1
DA:221,1
DA:222,1
DA:225,1
DA:226,1
DA:234,2
DA:236,2
DA:237,2
DA:240,2
DA:241,2
DA:244,2
DA:245,2
DA:248,2
DA:255,9
DA:256,1
DA:266,8
DA:267,8
DA:268,8
DA:270,8
DA:271,8
DA:272,8
DA:274,8
DA:288,2
DA:289,0
DA:292,2
DA:304,1
DA:305,0
DA:308,1
DA:310,1
DA:312,1
DA:313,1
DA:314,1
DA:317,1
DA:318,1
DA:319,1
DA:322,1
DA:323,1
DA:324,1
DA:327,1
DA:328,1
DA:336,31
DA:338,31
DA:339,30
DA:342,31
DA:343,31
DA:350,35
DA:351,35
DA:352,0
DA:355,35
DA:356,35
DA:358,35
DA:359,0
DA:360,0
DA:361,30
DA:362,5
DA:363,0
DA:371,70
DA:372,70
DA:373,70
DA:374,0
LF:133
LH:118
BRDA:51,0,0,1
BRDA:101,1,0,34
BRDA:102,2,0,0
BRDA:106,3,0,40
BRDA:106,3,1,35
BRDA:109,4,0,35
BRDA:109,5,0,40
BRDA:109,5,1,40
BRDA:110,6,0,1
BRDA:110,7,0,35
BRDA:110,7,1,1
BRDA:110,7,2,1
BRDA:115,8,0,1
BRDA:117,9,0,1
BRDA:126,10,0,37
BRDA:126,11,0,39
BRDA:126,11,1,36
BRDA:126,11,2,37
BRDA:128,12,0,28
BRDA:134,13,0,11
BRDA:134,14,0,11
BRDA:134,14,1,9
BRDA:134,14,2,11
BRDA:136,15,0,3
BRDA:138,16,0,3
BRDA:151,17,0,46
BRDA:152,18,0,0
BRDA:156,19,0,53
BRDA:156,19,1,50
BRDA:160,20,0,51
BRDA:160,21,0,53
BRDA:160,21,1,52
BRDA:160,21,2,51
BRDA:165,22,0,52
BRDA:165,23,0,53
BRDA:165,23,1,51
BRDA:165,23,2,52
BRDA:170,24,0,50
BRDA:170,25,0,53
BRDA:170,25,1,53
BRDA:170,25,2,50
BRDA:171,26,0,2
BRDA:171,27,0,50
BRDA:171,27,1,2
BRDA:187,28,0,0
BRDA:192,29,0,2
BRDA:192,30,0,4
BRDA:192,30,1,4
BRDA:197,31,0,0
BRDA:197,32,0,2
BRDA:197,32,1,2
BRDA:202,33,0,0
BRDA:202,34,0,2
BRDA:202,34,1,2
BRDA:213,35,0,0
BRDA:217,36,0,1
BRDA:221,37,0,1
BRDA:225,38,0,1
BRDA:236,39,0,2
BRDA:240,40,0,2
BRDA:244,41,0,2
BRDA:255,42,0,1
BRDA:270,43,0,8
BRDA:270,43,1,6
BRDA:270,44,0,8
BRDA:270,44,1,8
BRDA:270,45,0,8
BRDA:270,45,1,8
BRDA:271,46,0,8
BRDA:271,46,1,6
BRDA:271,47,0,8
BRDA:271,47,1,6
BRDA:271,48,0,8
BRDA:271,48,1,8
BRDA:277,49,0,2
BRDA:277,49,1,6
BRDA:278,50,0,8
BRDA:278,50,1,2
BRDA:278,51,0,8
BRDA:278,51,1,1
BRDA:279,52,0,8
BRDA:279,52,1,2
BRDA:279,53,0,8
BRDA:279,53,1,1
BRDA:279,54,0,8
BRDA:279,54,1,8
BRDA:280,55,0,8
BRDA:280,55,1,8
BRDA:288,56,0,0
BRDA:304,57,0,0
BRDA:312,58,0,1
BRDA:317,59,0,1
BRDA:322,60,0,1
BRDA:327,61,0,1
BRDA:338,62,0,30
BRDA:351,63,0,0
BRDA:356,64,0,35
BRDA:356,64,1,0
BRDA:358,65,0,0
BRDA:358,65,1,0
BRDA:358,65,2,30
BRDA:358,65,3,5
BRDA:358,65,4,0
BRDA:371,66,0,0
BRDA:372,67,0,0
BRDA:373,68,0,70
BRF:106
BRH:91
end_of_record
TN:
SF:src/cache/diskCache.ts
FN:50,(anonymous_9)
FN:59,(anonymous_10)
FN:77,(anonymous_11)
FN:120,(anonymous_12)
FN:168,(anonymous_13)
FN:183,(anonymous_14)
FN:211,(anonymous_15)
FN:216,(anonymous_16)
FN:217,(anonymous_17)
FN:235,(anonymous_18)
FN:249,(anonymous_19)
FN:266,(anonymous_20)
FN:275,(anonymous_21)
FN:299,(anonymous_22)
FN:311,(anonymous_23)
FN:312,(anonymous_24)
FN:326,(anonymous_25)
FN:345,(anonymous_26)
FN:353,(anonymous_27)
FN:362,(anonymous_28)
FNF:20
FNH:16
FNDA:35,(anonymous_9)
FNDA:35,(anonymous_10)
FNDA:11,(anonymous_11)
FNDA:52,(anonymous_12)
FNDA:2,(anonymous_13)
FNDA:3,(anonymous_14)
FNDA:2,(anonymous_15)
FNDA:17,(anonymous_16)
FNDA:0,(anonymous_17)
FNDA:10,(anonymous_18)
FNDA:1,(anonymous_19)
FNDA:30,(anonymous_20)
FNDA:35,(anonymous_21)
FNDA:0,(anonymous_22)
FNDA:35,(anonymous_23)
FNDA:0,(anonymous_24)
FNDA:0,(anonymous_25)
FNDA:11,(anonymous_26)
FNDA:66,(anonymous_27)
FNDA:35,(anonymous_28)
DA:12,3
DA:13,3
DA:14,3
DA:39,3
DA:40,35
DA:46,35
DA:48,35
DA:50,35
DA:51,35
DA:52,0
DA:61,35
DA:62,0
DA:66,35
DA:69,35
DA:71,35
DA:78,11
DA:81,11
DA:82,11
DA:83,6
DA:84,6
DA:88,5
DA:89,1
DA:90,1
DA:91,1
DA:94,4
DA:96,4
DA:97,4
DA:100,4
DA:101,0
DA:102,0
DA:103,0
DA:106,4
DA:107,4
DA:111,0
DA:112,0
DA:113,0
DA:121,52
DA:123,52
DA:130,52
DA:132,52
DA:133,52
DA:134,52
DA:137,52
DA:138,0
DA:142,52
DA:145,52
DA:146,52
DA:147,9
DA:150,52
DA:156,52
DA:157,52
DA:160,0
DA:161,0
DA:169,2
DA:170,2
DA:172,0
DA:173,0
DA:174,0
DA:177,0
DA:184,3
DA:185,3
DA:187,3
DA:189,3
DA:191,3
DA:192,3
DA:196,3
DA:197,3
DA:198,3
DA:200,3
DA:203,0
DA:204,0
DA:212,2
DA:214,2
DA:215,2
DA:217,17
DA:222,2
DA:223,2
DA:225,2
DA:228,0
DA:236,10
DA:250,1
DA:251,1
DA:253,1
DA:254,2
DA:255,1
DA:256,1
DA:260,1
DA:267,30
DA:268,30
DA:276,35
DA:277,35
DA:279,35
DA:280,232
DA:282,232
DA:283,232
DA:284,232
DA:285,232
DA:286,232
DA:288,232
DA:289,232
DA:295,232
DA:299,0
DA:304,0
DA:312,35
DA:313,0
DA:314,0
DA:315,0
DA:320,35
DA:327,0
DA:328,0
DA:330,0
DA:331,0
DA:332,0
DA:333,0
DA:337,0
DA:338,0
DA:346,11
DA:347,11
DA:355,66
DA:356,66
DA:363,35
DA:364,14
DA:365,0
LF:123
LH:91
BRDA:51,0,0,0
BRDA:61,1,0,0
BRDA:82,2,0,6
BRDA:88,3,0,1
BRDA:100,4,0,0
BRDA:126,5,0,52
BRDA:126,5,1,50
BRDA:137,6,0,52
BRDA:137,6,1,0
BRDA:146,7,0,9
BRDA:170,8,0,2
BRDA:172,9,0,0
BRDA:187,10,0,0
BRDA:191,11,0,3
BRDA:254,12,0,1
BRDA:267,13,0,30
BRDA:280,14,0,0
BRDA:314,15,0,0
BRDA:331,16,0,0
BRDA:337,17,0,0
BRDA:346,18,0,0
BRDA:363,19,0,21
BRDA:364,20,0,14
BRF:23
BRH:12
end_of_record
TN:
SF:src/cache/memoryCache.ts
FN:46,(anonymous_0)
FN:55,(anonymous_1)
FN:82,(anonymous_2)
FN:118,(anonymous_3)
FN:133,(anonymous_4)
FN:146,(anonymous_5)
FN:155,(anonymous_6)
FN:170,(anonymous_7)
FN:177,(anonymous_8)
FN:184,(anonymous_9)
FN:191,(anonymous_10)
FN:208,(anonymous_11)
FN:216,(anonymous_12)
FN:227,(anonymous_13)
FN:235,(anonymous_14)
FN:245,(anonymous_15)
FNF:16
FNH:16
FNDA:62,(anonymous_0)
FNDA:61,(anonymous_1)
FNDA:296,(anonymous_2)
FNDA:14,(anonymous_3)
FNDA:109,(anonymous_4)
FNDA:3,(anonymous_5)
FNDA:13,(anonymous_6)
FNDA:1,(anonymous_7)
FNDA:3,(anonymous_8)
FNDA:5,(anonymous_9)
FNDA:2,(anonymous_10)
FNDA:62,(anonymous_11)
FNDA:102,(anonymous_12)
FNDA:343,(anonymous_13)
FNDA:452,(anonymous_14)
FNDA:296,(anonymous_15)
DA:36,4
DA:37,62
DA:38,62
DA:39,62
DA:40,62
DA:46,62
DA:47,62
DA:48,0
DA:56,61
DA:58,61
DA:59,12
DA:60,12
DA:64,49
DA:65,2
DA:66,2
DA:67,2
DA:71,47
DA:72,47
DA:73,47
DA:75,47
DA:76,47
DA:83,296
DA:86,296
DA:91,102
DA:95,296
DA:96,109
DA:97,109
DA:101,296
DA:110,296
DA:111,296
DA:112,296
DA:119,14
DA:120,14
DA:122,8
DA:123,0
DA:124,0
DA:127,8
DA:134,109
DA:135,109
DA:137,109
DA:138,109
DA:139,109
DA:140,109
DA:147,3
DA:148,3
DA:149,3
DA:156,13
DA:157,13
DA:171,1
DA:178,3
DA:185,5
DA:192,2
DA:193,2
DA:195,2
DA:196,5
DA:197,3
DA:198,3
DA:202,2
DA:209,62
DA:210,58
DA:217,102
DA:219,102
DA:220,102
DA:221,102
DA:228,343
DA:229,343
DA:236,452
DA:237,452
DA:238,265
DA:246,296
DA:248,292
DA:250,292
DA:251,292
DA:252,292
DA:254,7
DA:256,7
DA:257,7
DA:259,0
DA:263,0
LF:79
LH:74
BRDA:47,0,0,0
BRDA:58,1,0,12
BRDA:64,2,0,2
BRDA:87,3,0,398
BRDA:87,3,1,303
BRDA:87,3,2,102
BRDA:95,4,0,109
BRDA:105,5,0,296
BRDA:105,5,1,291
BRDA:120,6,0,6
BRDA:122,7,0,0
BRDA:135,8,0,0
BRDA:163,9,0,3
BRDA:163,9,1,10
BRDA:196,10,0,3
BRDA:209,11,0,4
BRDA:217,12,0,0
BRDA:237,13,0,265
BRDA:246,14,0,4
BRDA:246,15,0,296
BRDA:246,15,1,294
BRDA:250,16,0,0
BRDA:251,17,0,0
BRDA:252,18,0,285
BRDA:254,19,0,7
BRF:25
BRH:19
end_of_record
TN:
SF:src/cache/semanticCache.ts
FN:48,(anonymous_0)
FN:53,(anonymous_1)
FN:105,(anonymous_2)
FN:133,(anonymous_3)
FN:150,(anonymous_4)
FN:166,(anonymous_5)
FN:173,(anonymous_6)
FN:180,(anonymous_7)
FN:194,(anonymous_8)
FN:211,(anonymous_9)
FN:213,(anonymous_10)
FN:220,(anonymous_11)
FN:248,(anonymous_12)
FN:267,(anonymous_13)
FN:296,(anonymous_14)
FN:303,(anonymous_15)
FN:310,(anonymous_16)
FNF:17
FNH:17
FNDA:60,(anonymous_0)
FNDA:16,(anonymous_1)
FNDA:40,(anonymous_2)
FNDA:11,(anonymous_3)
FNDA:10,(anonymous_4)
FNDA:2,(anonymous_5)
FNDA:3,(anonymous_6)
FNDA:13,(anonymous_7)
FNDA:2,(anonymous_8)
FNDA:2,(anonymous_9)
FNDA:3,(anonymous_10)
FNDA:21,(anonymous_11)
FNDA:1,(anonymous_12)
FNDA:1,(anonymous_13)
FNDA:2,(anonymous_14)
FNDA:3,(anonymous_15)
FNDA:3,(anonymous_16)
DA:39,4
DA:40,60
DA:41,60
DA:48,60
DA:58,16
DA:60,16
DA:62,16
DA:64,16
DA:66,18
DA:67,1
DA:68,1
DA:72,17
DA:75,17
DA:76,17
DA:79,17
DA:80,11
DA:81,11
DA:88,16
DA:90,11
DA:91,11
DA:93,11
DA:95,11
DA:98,5
DA:99,5
DA:113,40
DA:114,1
DA:117,40
DA:127,40
DA:134,11
DA:135,11
DA:138,10
DA:139,1
DA:140,1
DA:143,9
DA:144,9
DA:151,10
DA:152,10
DA:155,5
DA:156,0
DA:157,0
DA:160,5
DA:167,2
DA:174,3
DA:181,13
DA:195,2
DA:196,2
DA:198,2
DA:199,2
DA:200,1
DA:201,1
DA:205,2
DA:212,2
DA:213,3
DA:221,21
DA:222,0
DA:225,21
DA:226,21
DA:227,21
DA:229,21
DA:230,1594
DA:231,1594
DA:232,1594
DA:235,21
DA:236,21
DA:238,21
DA:239,1
DA:242,20
DA:249,1
DA:250,1
DA:252,1
DA:253,3
DA:254,2
DA:255,2
DA:259,1
DA:260,1
DA:272,1
DA:273,1
DA:274,1
DA:276,1
DA:278,4
DA:279,0
DA:280,0
DA:284,4
DA:286,4
DA:287,3
DA:295,1
DA:296,2
DA:304,3
DA:311,3
DA:313,3
DA:315,5
DA:318,5
DA:319,5
DA:322,5
DA:323,5
DA:325,0
DA:329,5
DA:332,3
LF:98
LH:92
BRDA:58,0,0,16
BRDA:58,0,1,16
BRDA:66,1,0,1
BRDA:66,2,0,18
BRDA:66,2,1,18
BRDA:79,3,0,11
BRDA:88,4,0,11
BRDA:113,5,0,1
BRDA:123,6,0,40
BRDA:123,6,1,37
BRDA:135,7,0,1
BRDA:138,8,0,1
BRDA:138,9,0,10
BRDA:138,9,1,8
BRDA:152,10,0,5
BRDA:155,11,0,0
BRDA:155,12,0,5
BRDA:155,12,1,2
BRDA:185,13,0,2
BRDA:185,13,1,11
BRDA:199,14,0,1
BRDA:199,15,0,2
BRDA:199,15,1,2
BRDA:211,16,0,0
BRDA:221,17,0,0
BRDA:238,18,0,1
BRDA:238,19,0,21
BRDA:238,19,1,20
BRDA:253,20,0,2
BRDA:259,21,0,1
BRDA:269,22,0,0
BRDA:272,23,0,1
BRDA:272,23,1,0
BRDA:278,24,0,0
BRDA:278,25,0,4
BRDA:278,25,1,4
BRDA:286,26,0,3
BRF:37
BRH:31
end_of_record
TN:
SF:src/core/autonomousExecutor.ts
FN:48,(anonymous_9)
FN:55,(anonymous_10)
FN:149,(anonymous_11)
FN:150,(anonymous_12)
FN:187,(anonymous_13)
FN:235,(anonymous_14)
FN:254,(anonymous_15)
FN:277,(anonymous_16)
FN:287,(anonymous_17)
FN:298,(anonymous_18)
FN:305,(anonymous_19)
FN:320,(anonymous_20)
FN:327,(anonymous_21)
FN:357,(anonymous_22)
FN:383,(anonymous_23)
FN:415,(anonymous_24)
FN:427,(anonymous_25)
FN:428,(anonymous_26)
FN:429,(anonymous_27)
FN:444,(anonymous_28)
FN:445,(anonymous_29)
FN:446,(anonymous_30)
FN:447,(anonymous_31)
FN:460,(anonymous_32)
FN:467,(anonymous_33)
FNF:25
FNH:22
FNDA:19,(anonymous_9)
FNDA:9,(anonymous_10)
FNDA:3,(anonymous_11)
FNDA:3,(anonymous_12)
FNDA:8,(anonymous_13)
FNDA:8,(anonymous_14)
FNDA:5,(anonymous_15)
FNDA:2,(anonymous_16)
FNDA:0,(anonymous_17)
FNDA:1,(anonymous_18)
FNDA:0,(anonymous_19)
FNDA:1,(anonymous_20)
FNDA:0,(anonymous_21)
FNDA:3,(anonymous_22)
FNDA:2,(anonymous_23)
FNDA:7,(anonymous_24)
FNDA:8,(anonymous_25)
FNDA:16,(anonymous_26)
FNDA:16,(anonymous_27)
FNDA:8,(anonymous_28)
FNDA:16,(anonymous_29)
FNDA:16,(anonymous_30)
FNDA:16,(anonymous_31)
FNDA:4,(anonymous_32)
FNDA:1,(anonymous_33)
DA:13,1
DA:14,1
DA:15,1
DA:44,1
DA:45,19
DA:46,19
DA:49,19
DA:56,9
DA:62,9
DA:65,9
DA:66,11
DA:67,11
DA:68,11
DA:70,11
DA:83,9
DA:85,9
DA:86,2
DA:87,2
DA:88,2
DA:91,2
DA:94,2
DA:95,2
DA:98,2
DA:109,9
DA:111,9
DA:112,3
DA:115,3
DA:118,3
DA:119,3
DA:122,3
DA:129,9
DA:130,1
DA:134,8
DA:137,8
DA:139,8
DA:150,3
DA:151,3
DA:153,3
DA:156,3
DA:159,3
DA:161,3
DA:169,3
DA:170,1
DA:172,1
DA:178,1
DA:181,2
DA:188,8
DA:189,8
DA:190,8
DA:193,8
DA:199,8
DA:200,8
DA:201,8
DA:202,8
DA:203,7
DA:205,1
DA:206,1
DA:211,8
DA:212,7
DA:215,8
DA:223,0
DA:236,8
DA:238,8
DA:240,5
DA:241,4
DA:243,2
DA:244,2
DA:246,1
DA:247,1
DA:256,5
DA:257,5
DA:258,5
DA:262,5
DA:263,0
DA:267,5
DA:270,4
DA:271,4
DA:278,2
DA:279,0
DA:283,2
DA:286,2
DA:287,0
DA:290,2
DA:291,0
DA:299,1
DA:300,0
DA:304,1
DA:305,0
DA:308,1
DA:309,0
DA:310,0
DA:314,1
DA:321,1
DA:322,1
DA:324,1
DA:325,1
DA:326,1
DA:327,1
DA:328,0
DA:330,0
DA:332,0
DA:333,0
DA:334,0
DA:337,0
DA:338,0
DA:339,0
DA:341,0
DA:342,0
DA:344,0
DA:358,3
DA:359,1
DA:360,1
DA:363,2
DA:365,2
DA:367,2
DA:368,2
DA:371,2
DA:372,2
DA:375,0
DA:376,0
DA:384,2
DA:386,2
DA:389,1
DA:390,1
DA:392,1
DA:395,1
DA:396,1
DA:398,1
DA:401,0
DA:402,0
DA:403,0
DA:404,0
DA:406,0
DA:408,0
DA:416,7
DA:419,7
DA:420,0
DA:428,16
DA:429,16
DA:430,8
DA:432,8
DA:433,3
DA:434,5
DA:435,1
DA:437,4
DA:445,16
DA:446,16
DA:447,16
DA:449,8
DA:450,8
DA:451,8
DA:452,8
DA:454,8
DA:461,4
DA:468,1
LF:155
LH:126
BRDA:94,0,0,2
BRDA:118,1,0,3
BRDA:129,2,0,1
BRDA:151,3,0,3
BRDA:151,3,1,0
BRDA:152,4,0,0
BRDA:152,4,1,0
BRDA:156,5,0,0
BRDA:156,5,1,3
BRDA:157,6,0,0
BRDA:157,6,1,3
BRDA:169,7,0,1
BRDA:206,8,0,1
BRDA:206,8,1,0
BRDA:211,9,0,7
BRDA:227,10,0,0
BRDA:227,10,1,0
BRDA:238,11,0,5
BRDA:238,11,1,2
BRDA:238,11,2,1
BRDA:257,12,0,5
BRDA:262,13,0,0
BRDA:278,14,0,0
BRDA:290,15,0,0
BRDA:299,16,0,0
BRDA:308,17,0,0
BRDA:322,18,0,1
BRDA:322,18,1,0
BRDA:328,19,0,0
BRDA:328,19,1,0
BRDA:330,20,0,0
BRDA:330,21,0,0
BRDA:330,21,1,0
BRDA:333,22,0,0
BRDA:342,23,0,0
BRDA:342,23,1,0
BRDA:358,24,0,1
BRDA:375,25,0,0
BRDA:375,25,1,0
BRDA:386,26,0,1
BRDA:386,26,1,1
BRDA:386,26,2,0
BRDA:389,27,0,1
BRDA:395,28,0,1
BRDA:401,29,0,0
BRDA:403,30,0,0
BRDA:419,31,0,0
BRDA:432,32,0,3
BRDA:432,32,1,5
BRDA:432,33,0,8
BRDA:432,33,1,5
BRDA:434,34,0,1
BRDA:434,34,1,4
BRDA:434,35,0,5
BRDA:434,35,1,5
BRDA:450,36,0,5
BRDA:450,37,0,2
BRDA:450,37,1,3
BRDA:451,38,0,2
BRDA:451,39,0,0
BRDA:451,39,1,2
BRDA:452,40,0,3
BRDA:452,41,0,0
BRDA:452,41,1,3
BRF:64
BRH:34
end_of_record
TN:
SF:src/core/configurationManager.ts
FN:14,(anonymous_9)
FN:27,(anonymous_10)
FN:47,(anonymous_11)
FN:60,(anonymous_12)
FN:72,(anonymous_13)
FN:84,(anonymous_14)
FN:95,(anonymous_15)
FN:106,(anonymous_16)
FN:114,(anonymous_17)
FN:115,(anonymous_18)
FNF:10
FNH:6
FNDA:1,(anonymous_9)
FNDA:5,(anonymous_10)
FNDA:10,(anonymous_11)
FNDA:2,(anonymous_12)
FNDA:8,(anonymous_13)
FNDA:23,(anonymous_14)
FNDA:0,(anonymous_15)
FNDA:0,(anonymous_16)
FNDA:0,(anonymous_17)
FNDA:0,(anonymous_18)
DA:5,4
DA:8,4
DA:9,4
DA:15,1
DA:28,5
DA:29,5
DA:48,10
DA:49,10
DA:61,2
DA:62,2
DA:73,8
DA:74,8
DA:85,23
DA:86,23
DA:96,0
DA:97,0
DA:107,0
DA:108,0
DA:115,0
DA:116,0
DA:117,0
LF:21
LH:14
BRDA:106,0,0,0
BRDA:108,1,0,0
BRDA:108,1,1,0
BRDA:116,2,0,0
BRF:4
BRH:0
end_of_record
TN:
SF:src/core/executionEngine.ts
FN:10,(anonymous_0)
FN:15,(anonymous_1)
FNF:2
FNH:0
FNDA:0,(anonymous_0)
FNDA:0,(anonymous_1)
DA:9,0
DA:10,0
DA:16,0
DA:18,0
LF:4
LH:0
BRF:0
BRH:0
end_of_record
TN:
SF:src/core/extensionManager.ts
FN:42,(anonymous_9)
FN:52,(anonymous_10)
FN:85,(anonymous_11)
FN:124,(anonymous_12)
FN:139,(anonymous_13)
FN:144,(anonymous_14)
FN:152,(anonymous_15)
FN:176,(anonymous_16)
FN:186,(anonymous_17)
FN:197,(anonymous_18)
FN:231,(anonymous_19)
FN:235,(anonymous_20)
FN:239,(anonymous_21)
FN:243,(anonymous_22)
FN:253,(anonymous_23)
FN:274,(anonymous_24)
FN:301,(anonymous_25)
FN:317,(anonymous_26)
FN:338,(anonymous_27)
FN:348,(anonymous_28)
FN:367,(anonymous_29)
FN:374,(anonymous_30)
FN:381,(anonymous_31)
FN:388,(anonymous_32)
FN:395,(anonymous_33)
FN:402,(anonymous_34)
FN:409,(anonymous_35)
FN:416,(anonymous_36)
FN:423,(anonymous_37)
FN:430,(anonymous_38)
FN:437,(anonymous_39)
FN:444,(anonymous_40)
FNF:32
FNH:0
FNDA:0,(anonymous_9)
FNDA:0,(anonymous_10)
FNDA:0,(anonymous_11)
FNDA:0,(anonymous_12)
FNDA:0,(anonymous_13)
FNDA:0,(anonymous_14)
FNDA:0,(anonymous_15)
FNDA:0,(anonymous_16)
FNDA:0,(anonymous_17)
FNDA:0,(anonymous_18)
FNDA:0,(anonymous_19)
FNDA:0,(anonymous_20)
FNDA:0,(anonymous_21)
FNDA:0,(anonymous_22)
FNDA:0,(anonymous_23)
FNDA:0,(anonymous_24)
FNDA:0,(anonymous_25)
FNDA:0,(anonymous_26)
FNDA:0,(anonymous_27)
FNDA:0,(anonymous_28)
FNDA:0,(anonymous_29)
FNDA:0,(anonymous_30)
FNDA:0,(anonymous_31)
FNDA:0,(anonymous_32)
FNDA:0,(anonymous_33)
FNDA:0,(anonymous_34)
FNDA:0,(anonymous_35)
FNDA:0,(anonymous_36)
FNDA:0,(anonymous_37)
FNDA:0,(anonymous_38)
FNDA:0,(anonymous_39)
FNDA:0,(anonymous_40)
DA:6,0
DA:10,0
DA:11,0
DA:12,0
DA:13,0
DA:14,0
DA:15,0
DA:16,0
DA:17,0
DA:18,0
DA:19,0
DA:20,0
DA:21,0
DA:22,0
DA:23,0
DA:25,0
DA:40,0
DA:43,0
DA:44,0
DA:45,0
DA:46,0
DA:53,0
DA:54,0
DA:57,0
DA:58,0
DA:61,0
DA:64,0
DA:67,0
DA:69,0
DA:70,0
DA:73,0
DA:76,0
DA:77,0
DA:78,0
DA:87,0
DA:88,0
DA:91,0
DA:97,0
DA:100,0
DA:103,0
DA:104,0
DA:107,0
DA:108,0
DA:109,0
DA:110,0
DA:111,0
DA:114,0
DA:115,0
DA:116,0
DA:125,0
DA:126,0
DA:127,0
DA:128,0
DA:132,0
DA:139,0
DA:140,0
DA:144,0
DA:145,0
DA:153,0
DA:154,0
DA:155,0
DA:159,0
DA:166,0
DA:169,0
DA:175,0
DA:177,0
DA:179,0
DA:180,0
DA:184,0
DA:187,0
DA:188,0
DA:198,0
DA:199,0
DA:200,0
DA:203,0
DA:204,0
DA:205,0
DA:206,0
DA:209,0
DA:211,0
DA:220,0
DA:222,0
DA:224,0
DA:233,0
DA:235,0
DA:236,0
DA:239,0
DA:240,0
DA:243,0
DA:244,0
DA:247,0
DA:254,0
DA:262,0
DA:263,0
DA:265,0
DA:275,0
DA:277,0
DA:281,0
DA:282,0
DA:285,0
DA:291,0
DA:292,0
DA:293,0
DA:294,0
DA:302,0
DA:308,0
DA:309,0
DA:310,0
DA:318,0
DA:319,0
DA:320,0
DA:323,0
DA:324,0
DA:332,0
DA:339,0
DA:340,0
DA:341,0
DA:349,0
DA:350,0
DA:351,0
DA:352,0
DA:360,0
DA:368,0
DA:375,0
DA:382,0
DA:389,0
DA:396,0
DA:403,0
DA:410,0
DA:417,0
DA:424,0
DA:431,0
DA:438,0
DA:445,0
DA:446,0
DA:447,0
DA:448,0
DA:449,0
DA:450,0
DA:451,0
DA:452,0
DA:453,0
DA:454,0
DA:455,0
LF:144
LH:0
BRDA:53,0,0,0
BRDA:108,1,0,0
BRDA:108,2,0,0
BRDA:108,2,1,0
BRDA:114,3,0,0
BRDA:126,4,0,0
BRDA:126,5,0,0
BRDA:126,5,1,0
BRDA:153,6,0,0
BRDA:179,7,0,0
BRDA:179,8,0,0
BRDA:179,8,1,0
BRDA:198,9,0,0
BRDA:198,10,0,0
BRDA:198,10,1,0
BRDA:198,10,2,0
BRDA:204,11,0,0
BRDA:204,12,0,0
BRDA:204,12,1,0
BRDA:263,13,0,0
BRDA:263,13,1,0
BRDA:267,14,0,0
BRDA:267,14,1,0
BRDA:281,15,0,0
BRDA:291,16,0,0
BRDA:308,17,0,0
BRDA:308,18,0,0
BRDA:308,18,1,0
BRDA:318,19,0,0
BRDA:329,20,0,0
BRDA:329,20,1,0
BRDA:339,21,0,0
BRDA:349,22,0,0
BRDA:351,23,0,0
BRDA:351,23,1,0
BRF:35
BRH:0
end_of_record
TN:
SF:src/core/indexer.ts
FN:48,(anonymous_0)
FN:61,(anonymous_1)
FN:67,(anonymous_2)
FN:115,(anonymous_3)
FN:157,(anonymous_4)
FN:185,(anonymous_5)
FN:198,(anonymous_6)
FN:244,(anonymous_7)
FN:272,(anonymous_8)
FN:277,(anonymous_9)
FN:299,(anonymous_10)
FN:323,(anonymous_11)
FN:335,(anonymous_12)
FN:343,(anonymous_13)
FN:353,(anonymous_14)
FN:361,(anonymous_15)
FN:396,(anonymous_16)
FN:413,(anonymous_17)
FN:428,(anonymous_18)
FN:435,(anonymous_19)
FN:443,(anonymous_20)
FN:445,(anonymous_21)
FN:451,(anonymous_22)
FN:457,(anonymous_23)
FN:471,(anonymous_24)
FN:502,(anonymous_25)
FN:509,(anonymous_26)
FN:517,(anonymous_27)
FN:523,(anonymous_28)
FN:530,(anonymous_29)
FNF:30
FNH:27
FNDA:14,(anonymous_0)
FNDA:504,(anonymous_1)
FNDA:2,(anonymous_2)
FNDA:2,(anonymous_3)
FNDA:1,(anonymous_4)
FNDA:5,(anonymous_5)
FNDA:252,(anonymous_6)
FNDA:1,(anonymous_7)
FNDA:1,(anonymous_8)
FNDA:252,(anonymous_9)
FNDA:195,(anonymous_10)
FNDA:20,(anonymous_11)
FNDA:1,(anonymous_12)
FNDA:1,(anonymous_13)
FNDA:0,(anonymous_14)
FNDA:1,(anonymous_15)
FNDA:1,(anonymous_16)
FNDA:1,(anonymous_17)
FNDA:2,(anonymous_18)
FNDA:1,(anonymous_19)
FNDA:1,(anonymous_20)
FNDA:0,(anonymous_21)
FNDA:2,(anonymous_22)
FNDA:0,(anonymous_23)
FNDA:1,(anonymous_24)
FNDA:1,(anonymous_25)
FNDA:56,(anonymous_26)
FNDA:1,(anonymous_27)
FNDA:16,(anonymous_28)
FNDA:15,(anonymous_29)
DA:10,2
DA:11,2
DA:20,2
DA:21,2
DA:37,2
DA:38,14
DA:40,14
DA:42,14
DA:43,14
DA:44,14
DA:45,14
DA:49,14
DA:50,14
DA:51,14
DA:53,14
DA:61,504
DA:68,2
DA:69,0
DA:70,0
DA:73,2
DA:74,2
DA:75,2
DA:77,2
DA:79,2
DA:81,2
DA:83,2
DA:86,1
DA:88,1
DA:91,1
DA:93,1
DA:96,1
DA:99,1
DA:102,0
DA:103,0
DA:105,2
DA:116,2
DA:117,2
DA:119,2
DA:122,2
DA:123,2
DA:126,2
DA:127,2
DA:128,1
DA:132,2
DA:133,2
DA:135,2
DA:138,2
DA:139,252
DA:140,252
DA:141,252
DA:144,2
DA:145,2
DA:147,2
DA:148,2
DA:158,1
DA:159,1
DA:161,1
DA:162,1
DA:163,1
DA:166,1
DA:167,252
DA:168,252
DA:170,252
DA:171,252
DA:174,252
DA:175,25
DA:176,25
DA:184,252
DA:185,5
DA:189,1
DA:191,1
DA:192,1
DA:199,252
DA:200,252
DA:201,252
DA:203,252
DA:204,252
DA:207,252
DA:210,252
DA:211,252
DA:214,252
DA:225,252
DA:231,252
DA:234,0
DA:245,1
DA:246,1
DA:249,1
DA:250,0
DA:251,0
DA:252,0
DA:253,0
DA:255,0
DA:259,1
DA:262,1
DA:263,1
DA:273,1
DA:274,1
DA:277,1
DA:278,252
DA:281,1
DA:282,0
DA:283,0
DA:284,0
DA:287,1
DA:290,1
DA:291,1
DA:293,1
DA:294,20
DA:296,20
DA:299,20
DA:300,195
DA:301,195
DA:302,195
DA:304,195
DA:310,0
DA:314,20
DA:315,20
DA:316,20
DA:323,20
DA:326,1
DA:327,1
DA:336,1
DA:337,1
DA:344,1
DA:346,0
DA:347,0
DA:354,0
DA:355,0
DA:362,1
DA:364,0
DA:365,0
DA:367,0
DA:368,0
DA:371,0
DA:374,0
DA:375,0
DA:376,0
DA:377,0
DA:381,0
DA:384,0
DA:385,0
DA:386,0
DA:388,0
DA:397,1
DA:398,1
DA:401,1
DA:402,0
DA:403,0
DA:405,0
DA:414,1
DA:417,1
DA:418,1
DA:419,1
DA:422,1
DA:429,2
DA:436,1
DA:437,1
DA:444,1
DA:445,0
DA:452,2
DA:453,2
DA:455,2
DA:456,0
DA:457,0
DA:460,0
DA:461,0
DA:465,2
DA:472,1
DA:479,1
DA:480,0
DA:483,0
DA:486,0
DA:487,0
DA:490,0
DA:491,0
DA:492,0
DA:496,1
DA:503,1
DA:510,56
DA:517,56
DA:524,16
DA:531,15
DA:532,15
DA:533,15
DA:534,15
DA:535,15
LF:186
LH:139
BRDA:68,0,0,0
BRDA:83,1,0,1
BRDA:88,2,0,0
BRDA:93,3,0,0
BRDA:127,4,0,1
BRDA:166,5,0,253
BRDA:166,5,1,252
BRDA:168,6,0,0
BRDA:174,7,0,25
BRDA:184,8,0,5
BRDA:201,9,0,0
BRDA:249,10,0,0
BRDA:249,10,1,1
BRDA:249,11,0,1
BRDA:249,11,1,0
BRDA:281,12,0,0
BRDA:294,13,0,0
BRDA:302,14,0,195
BRDA:302,15,0,195
BRDA:302,15,1,195
BRDA:344,16,0,1
BRDA:362,17,0,1
BRDA:365,18,0,0
BRDA:375,19,0,0
BRDA:384,20,0,0
BRDA:384,21,0,0
BRDA:384,21,1,0
BRDA:401,22,0,0
BRDA:401,23,0,1
BRDA:401,23,1,0
BRDA:460,24,0,0
BRDA:486,25,0,0
BRDA:486,25,1,0
BRDA:491,26,0,0
BRDA:491,26,1,0
BRF:35
BRH:14
end_of_record
TN:
SF:src/core/secureStorage.ts
FN:10,(anonymous_0)
FN:15,(anonymous_1)
FN:23,(anonymous_2)
FN:31,(anonymous_3)
FN:39,(anonymous_4)
FN:47,(anonymous_5)
FN:54,(anonymous_6)
FN:61,(anonymous_7)
FNF:8
FNH:2
FNDA:20,(anonymous_0)
FNDA:0,(anonymous_1)
FNDA:0,(anonymous_2)
FNDA:0,(anonymous_3)
FNDA:0,(anonymous_4)
FNDA:0,(anonymous_5)
FNDA:21,(anonymous_6)
FNDA:0,(anonymous_7)
DA:7,1
DA:8,1
DA:10,20
DA:16,0
DA:17,0
DA:24,0
DA:25,0
DA:32,0
DA:33,0
DA:40,0
DA:41,0
DA:48,0
DA:55,21
DA:62,0
LF:14
LH:4
BRDA:41,0,0,0
BRDA:41,0,1,0
BRF:2
BRH:0
end_of_record
TN:
SF:src/core/sessionManager.ts
FN:40,(anonymous_9)
FN:48,(anonymous_10)
FN:73,(anonymous_11)
FN:100,(anonymous_12)
FN:107,(anonymous_13)
FN:119,(anonymous_14)
FN:134,(anonymous_15)
FN:145,(anonymous_16)
FN:155,(anonymous_17)
FN:169,(anonymous_18)
FN:199,(anonymous_19)
FN:207,(anonymous_20)
FN:224,(anonymous_21)
FN:242,(anonymous_22)
FN:250,(anonymous_23)
FN:258,(anonymous_24)
FN:273,(anonymous_25)
FN:305,(anonymous_26)
FN:316,(anonymous_27)
FN:324,(anonymous_28)
FN:330,(anonymous_29)
FN:347,(anonymous_30)
FN:357,(anonymous_31)
FN:363,(anonymous_32)
FN:380,(anonymous_33)
FN:387,(anonymous_34)
FN:389,(anonymous_35)
FN:407,(anonymous_36)
FN:414,(anonymous_37)
FN:423,(anonymous_38)
FNF:30
FNH:28
FNDA:29,(anonymous_9)
FNDA:5,(anonymous_10)
FNDA:13,(anonymous_11)
FNDA:13,(anonymous_12)
FNDA:6,(anonymous_13)
FNDA:1,(anonymous_14)
FNDA:11,(anonymous_15)
FNDA:13,(anonymous_16)
FNDA:8,(anonymous_17)
FNDA:4,(anonymous_18)
FNDA:1,(anonymous_19)
FNDA:2,(anonymous_20)
FNDA:2,(anonymous_21)
FNDA:0,(anonymous_22)
FNDA:1,(anonymous_23)
FNDA:1,(anonymous_24)
FNDA:2,(anonymous_25)
FNDA:1,(anonymous_26)
FNDA:1,(anonymous_27)
FNDA:5,(anonymous_28)
FNDA:0,(anonymous_29)
FNDA:23,(anonymous_30)
FNDA:2,(anonymous_31)
FNDA:3,(anonymous_32)
FNDA:15,(anonymous_33)
FNDA:4,(anonymous_34)
FNDA:4,(anonymous_35)
FNDA:23,(anonymous_36)
FNDA:29,(anonymous_37)
FNDA:23,(anonymous_38)
DA:14,2
DA:15,2
DA:16,2
DA:34,2
DA:37,29
DA:38,29
DA:40,29
DA:41,29
DA:42,29
DA:49,5
DA:52,5
DA:53,5
DA:54,2
DA:55,2
DA:56,1
DA:58,1
DA:63,5
DA:64,5
DA:67,5
DA:74,13
DA:75,13
DA:77,13
DA:91,13
DA:92,13
DA:94,13
DA:101,13
DA:108,6
DA:109,1
DA:112,6
DA:113,6
DA:120,1
DA:121,0
DA:124,1
DA:128,1
DA:135,11
DA:136,0
DA:139,11
DA:146,13
DA:147,13
DA:149,13
DA:156,8
DA:158,8
DA:159,2
DA:162,6
DA:163,6
DA:170,4
DA:171,1
DA:174,3
DA:175,3
DA:177,3
DA:178,4
DA:179,4
DA:180,4
DA:181,4
DA:182,4
DA:184,4
DA:193,0
DA:199,3
DA:201,3
DA:208,2
DA:210,2
DA:211,2
DA:215,2
DA:216,1
DA:217,1
DA:225,2
DA:226,2
DA:228,2
DA:229,2
DA:230,2
DA:231,2
DA:233,2
DA:234,1
DA:237,0
DA:242,2
DA:244,2
DA:251,1
DA:252,1
DA:259,1
DA:262,1
DA:263,1
DA:265,1
DA:267,1
DA:274,2
DA:275,1
DA:278,1
DA:296,1
DA:297,1
DA:299,1
DA:306,1
DA:307,1
DA:308,1
DA:310,1
DA:317,1
DA:318,1
DA:325,5
DA:326,0
DA:330,5
DA:331,0
DA:332,0
DA:333,0
DA:335,0
DA:341,5
DA:348,23
DA:349,3
DA:350,3
DA:358,2
DA:359,2
DA:360,2
DA:363,2
DA:364,3
DA:365,1
DA:366,1
DA:370,2
DA:381,15
DA:389,4
DA:391,4
DA:392,4
DA:393,4
DA:394,4
DA:395,0
DA:397,4
DA:401,0
DA:408,23
DA:415,29
DA:416,23
DA:424,23
DA:427,23
DA:430,23
DA:431,9
DA:434,23
LF:131
LH:120
BRDA:53,0,0,2
BRDA:63,1,0,5
BRDA:83,2,0,13
BRDA:83,2,1,12
BRDA:108,3,0,1
BRDA:120,4,0,0
BRDA:135,5,0,0
BRDA:158,6,0,2
BRDA:170,7,0,1
BRDA:178,8,0,4
BRDA:210,9,0,2
BRDA:215,10,0,1
BRDA:233,11,0,1
BRDA:274,12,0,1
BRDA:325,13,0,0
BRDA:331,14,0,0
BRDA:331,15,0,0
BRDA:331,15,1,0
BRDA:348,16,0,3
BRDA:364,17,0,1
BRDA:391,18,0,4
BRDA:394,19,0,0
BRDA:415,20,0,23
BRDA:430,21,0,9
BRF:24
BRH:17
end_of_record
TN:
SF:src/embedding/codeChunker.ts
FN:23,(anonymous_0)
FN:31,(anonymous_1)
FN:48,(anonymous_2)
FN:81,(anonymous_3)
FN:109,(anonymous_4)
FN:139,(anonymous_5)
FN:162,(anonymous_6)
FN:178,(anonymous_7)
FN:197,(anonymous_8)
FN:200,(anonymous_9)
FN:215,(anonymous_10)
FN:218,(anonymous_11)
FN:242,(anonymous_12)
FN:266,(anonymous_13)
FN:274,(anonymous_14)
FNF:15
FNH:0
FNDA:0,(anonymous_0)
FNDA:0,(anonymous_1)
FNDA:0,(anonymous_2)
FNDA:0,(anonymous_3)
FNDA:0,(anonymous_4)
FNDA:0,(anonymous_5)
FNDA:0,(anonymous_6)
FNDA:0,(anonymous_7)
FNDA:0,(anonymous_8)
FNDA:0,(anonymous_9)
FNDA:0,(anonymous_10)
FNDA:0,(anonymous_11)
FNDA:0,(anonymous_12)
FNDA:0,(anonymous_13)
FNDA:0,(anonymous_14)
DA:5,0
DA:6,0
DA:7,0
DA:19,0
DA:24,0
DA:25,0
DA:32,0
DA:33,0
DA:36,0
DA:37,0
DA:38,0
DA:42,0
DA:49,0
DA:50,0
DA:52,0
DA:53,0
DA:54,0
DA:56,0
DA:59,0
DA:60,0
DA:61,0
DA:63,0
DA:75,0
DA:82,0
DA:83,0
DA:85,0
DA:86,0
DA:89,0
DA:90,0
DA:91,0
DA:92,0
DA:93,0
DA:94,0
DA:95,0
DA:96,0
DA:103,0
DA:115,0
DA:116,0
DA:118,0
DA:119,0
DA:120,0
DA:122,0
DA:133,0
DA:140,0
DA:141,0
DA:143,0
DA:144,0
DA:145,0
DA:147,0
DA:156,0
DA:163,0
DA:166,0
DA:169,0
DA:171,0
DA:183,0
DA:184,0
DA:185,0
DA:188,0
DA:197,0
DA:198,0
DA:200,0
DA:201,0
DA:202,0
DA:203,0
DA:215,0
DA:216,0
DA:218,0
DA:219,0
DA:220,0
DA:221,0
DA:232,0
DA:243,0
DA:244,0
DA:247,0
DA:250,0
DA:251,0
DA:252,0
DA:253,0
DA:254,0
DA:255,0
DA:260,0
DA:271,0
DA:272,0
DA:274,0
DA:275,0
DA:276,0
DA:278,0
LF:87
LH:0
BRDA:23,0,0,0
BRDA:23,1,0,0
BRDA:37,2,0,0
BRDA:59,3,0,0
BRDA:59,3,1,0
BRDA:90,4,0,0
BRDA:90,4,1,0
BRDA:93,5,0,0
BRDA:95,6,0,0
BRDA:95,7,0,0
BRDA:95,7,1,0
BRDA:163,8,0,0
BRDA:163,8,1,0
BRDA:163,8,2,0
BRDA:163,8,3,0
BRDA:163,8,4,0
BRDA:198,9,0,0
BRDA:198,9,1,0
BRDA:216,10,0,0
BRDA:216,10,1,0
BRDA:250,11,0,0
BRDA:254,12,0,0
BRDA:269,13,0,0
BRF:23
BRH:0
end_of_record
TN:
SF:src/embedding/embeddingManager.ts
FN:34,(anonymous_1)
FN:53,(anonymous_2)
FN:76,(anonymous_3)
FN:89,(anonymous_4)
FN:119,(anonymous_5)
FN:122,(anonymous_6)
FN:135,(anonymous_7)
FN:142,(anonymous_8)
FN:165,(anonymous_9)
FN:172,(anonymous_10)
FN:182,(anonymous_11)
FN:195,(anonymous_12)
FN:202,(anonymous_13)
FNF:13
FNH:1
FNDA:21,(anonymous_1)
FNDA:0,(anonymous_2)
FNDA:0,(anonymous_3)
FNDA:0,(anonymous_4)
FNDA:0,(anonymous_5)
FNDA:0,(anonymous_6)
FNDA:0,(anonymous_7)
FNDA:0,(anonymous_8)
FNDA:0,(anonymous_9)
FNDA:0,(anonymous_10)
FNDA:0,(anonymous_11)
FNDA:0,(anonymous_12)
FNDA:0,(anonymous_13)
DA:5,1
DA:27,1
DA:30,21
DA:31,21
DA:32,21
DA:35,21
DA:36,21
DA:38,21
DA:39,21
DA:41,21
DA:54,0
DA:56,0
DA:58,0
DA:59,0
DA:60,0
DA:61,0
DA:62,0
DA:63,0
DA:65,0
DA:68,0
DA:69,0
DA:77,0
DA:78,0
DA:79,0
DA:81,0
DA:82,0
DA:90,0
DA:91,0
DA:92,0
DA:96,0
DA:97,0
DA:98,0
DA:99,0
DA:102,0
DA:103,0
DA:104,0
DA:107,0
DA:109,0
DA:111,0
DA:112,0
DA:120,0
DA:121,0
DA:122,0
DA:125,0
DA:126,0
DA:131,0
DA:132,0
DA:134,0
DA:135,0
DA:146,0
DA:148,0
DA:166,0
DA:173,0
DA:183,0
DA:184,0
DA:185,0
DA:186,0
DA:187,0
DA:189,0
DA:196,0
DA:203,0
DA:204,0
LF:62
LH:10
BRDA:59,0,0,0
BRDA:59,0,1,0
BRDA:90,1,0,0
BRDA:98,2,0,0
BRDA:119,3,0,0
BRDA:120,4,0,0
BRDA:153,5,0,0
BRDA:153,5,1,0
BRDA:154,6,0,0
BRDA:154,6,1,0
BRDA:155,7,0,0
BRDA:155,7,1,0
BRF:12
BRH:0
end_of_record
TN:
SF:src/embedding/embeddingService.ts
FN:38,(anonymous_0)
FN:55,(anonymous_1)
FN:84,(anonymous_2)
FN:120,(anonymous_3)
FN:163,(anonymous_4)
FN:170,(anonymous_5)
FN:206,(anonymous_6)
FN:236,(anonymous_7)
FN:252,(anonymous_8)
FN:275,(anonymous_9)
FN:282,(anonymous_10)
FN:291,(anonymous_11)
FN:298,(anonymous_12)
FN:321,(anonymous_13)
FNF:14
FNH:0
FNDA:0,(anonymous_0)
FNDA:0,(anonymous_1)
FNDA:0,(anonymous_2)
FNDA:0,(anonymous_3)
FNDA:0,(anonymous_4)
FNDA:0,(anonymous_5)
FNDA:0,(anonymous_6)
FNDA:0,(anonymous_7)
FNDA:0,(anonymous_8)
FNDA:0,(anonymous_9)
FNDA:0,(anonymous_10)
FNDA:0,(anonymous_11)
FNDA:0,(anonymous_12)
FNDA:0,(anonymous_13)
DA:7,0
DA:8,0
DA:9,0
DA:12,0
DA:14,0
DA:24,0
DA:29,0
DA:30,0
DA:39,0
DA:40,0
DA:41,0
DA:44,0
DA:47,0
DA:48,0
DA:49,0
DA:56,0
DA:57,0
DA:60,0
DA:62,0
DA:64,0
DA:67,0
DA:70,0
DA:72,0
DA:73,0
DA:75,0
DA:76,0
DA:77,0
DA:85,0
DA:86,0
DA:87,0
DA:90,0
DA:91,0
DA:93,0
DA:94,0
DA:95,0
DA:97,0
DA:98,0
DA:99,0
DA:100,0
DA:102,0
DA:103,0
DA:106,0
DA:110,0
DA:111,0
DA:113,0
DA:114,0
DA:121,0
DA:122,0
DA:123,0
DA:126,0
DA:128,0
DA:129,0
DA:130,0
DA:131,0
DA:135,0
DA:137,0
DA:138,0
DA:139,0
DA:143,0
DA:146,0
DA:149,0
DA:150,0
DA:151,0
DA:153,0
DA:155,0
DA:156,0
DA:167,0
DA:170,0
DA:173,0
DA:176,0
DA:177,0
DA:178,0
DA:180,0
DA:197,0
DA:200,0
DA:207,0
DA:208,0
DA:211,0
DA:213,0
DA:215,0
DA:218,0
DA:219,0
DA:220,0
DA:221,0
DA:225,0
DA:227,0
DA:229,0
DA:237,0
DA:238,0
DA:241,0
DA:242,0
DA:243,0
DA:245,0
DA:253,0
DA:254,0
DA:255,0
DA:258,0
DA:260,0
DA:263,0
DA:265,0
DA:267,0
DA:268,0
DA:276,0
DA:283,0
DA:292,0
DA:299,0
DA:300,0
DA:303,0
DA:304,0
DA:305,0
DA:312,0
DA:314,0
DA:322,0
DA:323,0
DA:324,0
LF:115
LH:0
BRDA:56,0,0,0
BRDA:85,1,0,0
BRDA:102,2,0,0
BRDA:121,3,0,0
BRDA:129,4,0,0
BRDA:137,5,0,0
BRDA:207,6,0,0
BRDA:219,7,0,0
BRDA:237,8,0,0
BRDA:252,9,0,0
BRDA:253,10,0,0
BRDA:283,11,0,0
BRDA:283,11,1,0
BRDA:283,11,2,0
BRDA:299,12,0,0
BRF:15
BRH:0
end_of_record
TN:
SF:src/embedding/vectorStore.ts
FN:28,(anonymous_0)
FN:38,(anonymous_1)
FN:74,(anonymous_2)
FN:85,(anonymous_3)
FN:86,(anonymous_4)
FN:87,(anonymous_5)
FN:88,(anonymous_6)
FN:101,(anonymous_7)
FN:108,(anonymous_8)
FN:158,(anonymous_9)
FN:170,(anonymous_10)
FN:191,(anonymous_11)
FN:210,(anonymous_12)
FN:229,(anonymous_13)
FN:257,(anonymous_14)
FN:273,(anonymous_15)
FN:293,(anonymous_16)
FN:311,(anonymous_17)
FN:329,(anonymous_18)
FN:336,(anonymous_19)
FNF:20
FNH:1
FNDA:21,(anonymous_0)
FNDA:0,(anonymous_1)
FNDA:0,(anonymous_2)
FNDA:0,(anonymous_3)
FNDA:0,(anonymous_4)
FNDA:0,(anonymous_5)
FNDA:0,(anonymous_6)
FNDA:0,(anonymous_7)
FNDA:0,(anonymous_8)
FNDA:0,(anonymous_9)
FNDA:0,(anonymous_10)
FNDA:0,(anonymous_11)
FNDA:0,(anonymous_12)
FNDA:0,(anonymous_13)
FNDA:0,(anonymous_14)
FNDA:0,(anonymous_15)
FNDA:0,(anonymous_16)
FNDA:0,(anonymous_17)
FNDA:0,(anonymous_18)
FNDA:0,(anonymous_19)
DA:5,1
DA:22,1
DA:23,21
DA:24,21
DA:26,21
DA:29,21
DA:32,21
DA:39,0
DA:40,0
DA:42,0
DA:44,0
DA:49,0
DA:50,0
DA:58,0
DA:59,0
DA:61,0
DA:62,0
DA:65,0
DA:66,0
DA:67,0
DA:75,0
DA:76,0
DA:79,0
DA:80,0
DA:83,0
DA:84,0
DA:85,0
DA:86,0
DA:87,0
DA:88,0
DA:91,0
DA:93,0
DA:94,0
DA:102,0
DA:112,0
DA:113,0
DA:116,0
DA:118,0
DA:119,0
DA:125,0
DA:126,0
DA:129,0
DA:131,0
DA:132,0
DA:133,0
DA:134,0
DA:135,0
DA:138,0
DA:140,0
DA:148,0
DA:150,0
DA:151,0
DA:163,0
DA:164,0
DA:171,0
DA:172,0
DA:175,0
DA:176,0
DA:183,0
DA:184,0
DA:192,0
DA:193,0
DA:196,0
DA:197,0
DA:200,0
DA:202,0
DA:203,0
DA:211,0
DA:212,0
DA:215,0
DA:216,0
DA:219,0
DA:221,0
DA:222,0
DA:230,0
DA:231,0
DA:234,0
DA:235,0
DA:239,0
DA:240,0
DA:243,0
DA:249,0
DA:250,0
DA:258,0
DA:259,0
DA:262,0
DA:263,0
DA:265,0
DA:266,0
DA:274,0
DA:275,0
DA:278,0
DA:279,0
DA:280,0
DA:283,0
DA:285,0
DA:286,0
DA:294,0
DA:312,0
DA:330,0
DA:337,0
DA:338,0
DA:339,0
DA:340,0
LF:104
LH:7
BRDA:30,0,0,21
BRDA:75,1,0,0
BRDA:75,2,0,0
BRDA:75,2,1,0
BRDA:79,3,0,0
BRDA:88,4,0,0
BRDA:88,4,1,0
BRDA:110,5,0,0
BRDA:112,6,0,0
BRDA:112,7,0,0
BRDA:112,7,1,0
BRDA:116,8,0,0
BRDA:116,8,1,0
BRDA:125,9,0,0
BRDA:125,10,0,0
BRDA:125,10,1,0
BRDA:133,11,0,0
BRDA:133,11,1,0
BRDA:134,12,0,0
BRDA:134,12,1,0
BRDA:135,13,0,0
BRDA:135,13,1,0
BRDA:161,14,0,0
BRDA:171,15,0,0
BRDA:171,16,0,0
BRDA:171,16,1,0
BRDA:180,17,0,0
BRDA:180,17,1,0
BRDA:192,18,0,0
BRDA:192,19,0,0
BRDA:192,19,1,0
BRDA:211,20,0,0
BRDA:211,21,0,0
BRDA:211,21,1,0
BRDA:230,22,0,0
BRDA:230,23,0,0
BRDA:230,23,1,0
BRDA:239,24,0,0
BRDA:239,25,0,0
BRDA:239,25,1,0
BRDA:245,26,0,0
BRDA:245,26,1,0
BRDA:246,27,0,0
BRDA:246,27,1,0
BRDA:258,28,0,0
BRDA:258,29,0,0
BRDA:258,29,1,0
BRDA:274,30,0,0
BRDA:274,31,0,0
BRDA:274,31,1,0
BRDA:295,32,0,0
BRDA:295,32,1,0
BRDA:296,33,0,0
BRDA:296,33,1,0
BRDA:297,34,0,0
BRDA:297,34,1,0
BRDA:298,35,0,0
BRDA:298,35,1,0
BRDA:299,36,0,0
BRDA:299,36,1,0
BRDA:300,37,0,0
BRDA:300,37,1,0
BRDA:301,38,0,0
BRDA:301,38,1,0
BRDA:302,39,0,0
BRDA:302,39,1,0
BRDA:303,40,0,0
BRDA:303,40,1,0
BRDA:304,41,0,0
BRDA:304,41,1,0
BRDA:313,42,0,0
BRDA:313,42,1,0
BRDA:314,43,0,0
BRDA:314,43,1,0
BRDA:315,44,0,0
BRDA:315,44,1,0
BRDA:316,45,0,0
BRDA:316,45,1,0
BRDA:317,46,0,0
BRDA:317,46,1,0
BRF:80
BRH:1
end_of_record
TN:
SF:src/git/changeAnalyzer.ts
FN:19,(anonymous_0)
FN:27,(anonymous_1)
FN:46,(anonymous_2)
FN:54,(anonymous_3)
FN:67,(anonymous_4)
FN:80,(anonymous_5)
FN:100,(anonymous_6)
FN:132,(anonymous_7)
FN:147,(anonymous_8)
FN:170,(anonymous_9)
FN:177,(anonymous_10)
FN:181,(anonymous_11)
FN:189,(anonymous_12)
FN:190,(anonymous_13)
FN:199,(anonymous_14)
FN:201,(anonymous_15)
FN:206,(anonymous_16)
FN:213,(anonymous_17)
FN:214,(anonymous_18)
FN:222,(anonymous_19)
FN:245,(anonymous_20)
FN:262,(anonymous_21)
FN:280,(anonymous_22)
FN:294,(anonymous_23)
FN:314,(anonymous_24)
FN:325,(anonymous_25)
FN:336,(anonymous_26)
FN:351,(anonymous_27)
FN:366,(anonymous_28)
FNF:29
FNH:27
FNDA:1,(anonymous_0)
FNDA:1,(anonymous_1)
FNDA:19,(anonymous_2)
FNDA:2,(anonymous_3)
FNDA:0,(anonymous_4)
FNDA:0,(anonymous_5)
FNDA:1,(anonymous_6)
FNDA:4,(anonymous_7)
FNDA:5,(anonymous_8)
FNDA:4,(anonymous_9)
FNDA:5,(anonymous_10)
FNDA:5,(anonymous_11)
FNDA:5,(anonymous_12)
FNDA:5,(anonymous_13)
FNDA:7,(anonymous_14)
FNDA:8,(anonymous_15)
FNDA:7,(anonymous_16)
FNDA:7,(anonymous_17)
FNDA:7,(anonymous_18)
FNDA:4,(anonymous_19)
FNDA:4,(anonymous_20)
FNDA:3,(anonymous_21)
FNDA:1,(anonymous_22)
FNDA:4,(anonymous_23)
FNDA:1,(anonymous_24)
FNDA:3,(anonymous_25)
FNDA:2,(anonymous_26)
FNDA:1,(anonymous_27)
FNDA:1,(anonymous_28)
DA:6,1
DA:19,1
DA:20,1
DA:21,1
DA:22,1
DA:23,1
DA:24,1
DA:27,1
DA:28,1
DA:29,1
DA:30,1
DA:31,1
DA:32,1
DA:45,1
DA:47,19
DA:48,19
DA:55,2
DA:56,2
DA:57,1
DA:60,1
DA:61,1
DA:68,0
DA:69,0
DA:70,0
DA:73,0
DA:74,0
DA:81,0
DA:82,0
DA:83,0
DA:86,0
DA:91,0
DA:92,0
DA:94,0
DA:102,1
DA:105,1
DA:106,1
DA:109,1
DA:112,1
DA:113,1
DA:116,1
DA:118,1
DA:133,4
DA:134,4
DA:136,4
DA:137,5
DA:138,5
DA:141,4
DA:144,4
DA:147,4
DA:148,5
DA:154,4
DA:156,4
DA:171,4
DA:174,4
DA:177,5
DA:178,4
DA:181,4
DA:182,5
DA:186,4
DA:189,5
DA:190,5
DA:191,4
DA:193,4
DA:201,8
DA:202,1
DA:206,6
DA:207,7
DA:213,7
DA:214,7
DA:216,6
DA:223,4
DA:224,1
DA:227,3
DA:228,2
DA:231,1
DA:232,0
DA:235,1
DA:236,1
DA:239,0
DA:246,4
DA:249,4
DA:252,4
DA:253,3
DA:257,4
DA:258,1
DA:262,4
DA:263,3
DA:266,4
DA:267,2
DA:270,4
DA:271,3
DA:272,2
DA:273,1
DA:274,1
DA:281,1
DA:282,1
DA:283,1
DA:284,1
DA:285,1
DA:288,1
DA:295,4
DA:297,4
DA:298,2
DA:301,4
DA:302,1
DA:305,4
DA:306,1
DA:307,1
DA:310,4
DA:311,1
DA:314,4
DA:315,4
DA:316,1
DA:319,4
DA:326,3
DA:328,3
DA:329,1
DA:332,3
DA:333,1
DA:336,3
DA:337,3
DA:338,1
DA:341,3
DA:342,1
DA:345,3
DA:358,1
DA:366,1
DA:369,1
DA:370,1
DA:375,1
DA:377,0
LF:131
LH:116
BRDA:19,0,0,1
BRDA:19,0,1,1
BRDA:27,1,0,1
BRDA:27,1,1,1
BRDA:56,2,0,1
BRDA:69,3,0,0
BRDA:82,4,0,0
BRDA:148,5,0,5
BRDA:148,5,1,3
BRDA:148,5,2,3
BRDA:182,6,0,5
BRDA:182,6,1,5
BRDA:182,6,2,5
BRDA:186,7,0,0
BRDA:191,8,0,0
BRDA:201,9,0,1
BRDA:207,10,0,7
BRDA:207,10,1,6
BRDA:207,10,2,6
BRDA:216,11,0,6
BRDA:216,11,1,1
BRDA:223,12,0,1
BRDA:223,13,0,4
BRDA:223,13,1,2
BRDA:227,14,0,2
BRDA:227,15,0,3
BRDA:227,15,1,2
BRDA:231,16,0,0
BRDA:231,17,0,1
BRDA:231,17,1,0
BRDA:235,18,0,1
BRDA:235,19,0,1
BRDA:235,19,1,1
BRDA:252,20,0,3
BRDA:257,21,0,1
BRDA:263,22,0,3
BRDA:263,22,1,1
BRDA:266,23,0,2
BRDA:270,24,0,1
BRDA:271,25,0,1
BRDA:272,26,0,1
BRDA:273,27,0,0
BRDA:284,28,0,1
BRDA:297,29,0,2
BRDA:301,30,0,1
BRDA:305,31,0,1
BRDA:310,32,0,1
BRDA:315,33,0,1
BRDA:315,34,0,4
BRDA:315,34,1,4
BRDA:328,35,0,1
BRDA:328,36,0,3
BRDA:328,36,1,2
BRDA:332,37,0,1
BRDA:337,38,0,1
BRDA:341,39,0,1
BRF:56
BRH:49
end_of_record
TN:
SF:src/git/commitMessageGenerator.ts
FN:25,(anonymous_0)
FN:40,(anonymous_1)
FN:48,(anonymous_2)
FN:84,(anonymous_3)
FN:106,(anonymous_4)
FN:110,(anonymous_5)
FN:134,(anonymous_6)
FN:135,(anonymous_7)
FN:136,(anonymous_8)
FN:143,(anonymous_9)
FN:145,(anonymous_10)
FN:147,(anonymous_11)
FN:151,(anonymous_12)
FN:157,(anonymous_13)
FN:172,(anonymous_14)
FN:220,(anonymous_15)
FNF:16
FNH:15
FNDA:1,(anonymous_0)
FNDA:15,(anonymous_1)
FNDA:10,(anonymous_2)
FNDA:2,(anonymous_3)
FNDA:15,(anonymous_4)
FNDA:17,(anonymous_5)
FNDA:17,(anonymous_6)
FNDA:17,(anonymous_7)
FNDA:17,(anonymous_8)
FNDA:17,(anonymous_9)
FNDA:1,(anonymous_10)
FNDA:1,(anonymous_11)
FNDA:0,(anonymous_12)
FNDA:13,(anonymous_13)
FNDA:9,(anonymous_14)
FNDA:11,(anonymous_15)
DA:25,1
DA:26,1
DA:27,1
DA:28,1
DA:29,1
DA:30,1
DA:31,1
DA:32,1
DA:33,1
DA:34,1
DA:35,1
DA:36,1
DA:39,1
DA:41,15
DA:42,15
DA:54,10
DA:57,10
DA:58,10
DA:59,1
DA:63,9
DA:66,9
DA:69,9
DA:70,9
DA:75,8
DA:78,8
DA:85,2
DA:87,2
DA:88,6
DA:89,6
DA:94,5
DA:96,1
DA:100,2
DA:107,15
DA:110,17
DA:118,15
DA:119,17
DA:120,17
DA:124,15
DA:125,15
DA:126,17
DA:127,17
DA:128,15
DA:131,15
DA:134,17
DA:135,17
DA:136,15
DA:137,17
DA:143,17
DA:145,15
DA:146,1
DA:147,14
DA:148,1
DA:149,13
DA:150,1
DA:151,12
DA:152,0
DA:153,12
DA:154,1
DA:157,13
DA:158,11
DA:162,15
DA:163,12
DA:166,15
DA:179,9
DA:181,9
DA:182,9
DA:183,9
DA:184,9
DA:186,9
DA:187,9
DA:188,9
DA:189,9
DA:190,9
DA:192,9
DA:195,9
DA:197,9
DA:198,9
DA:201,9
DA:202,0
DA:205,9
DA:206,9
DA:207,9
DA:208,9
DA:210,9
DA:211,9
DA:214,9
DA:221,11
DA:222,11
DA:223,11
DA:224,11
DA:226,11
DA:228,11
DA:229,35
DA:231,35
DA:232,11
DA:233,11
DA:234,24
DA:235,11
DA:236,11
DA:237,13
DA:238,11
DA:239,11
DA:240,2
DA:241,2
DA:242,0
DA:243,2
DA:244,2
DA:245,0
DA:246,0
DA:252,11
DA:255,11
DA:256,10
DA:257,10
DA:258,10
DA:259,10
DA:260,10
DA:265,11
DA:266,11
DA:267,11
DA:269,11
DA:270,0
DA:273,11
LF:122
LH:116
BRDA:25,0,0,1
BRDA:25,0,1,1
BRDA:48,1,0,2
BRDA:50,2,0,9
BRDA:51,3,0,9
BRDA:52,4,0,10
BRDA:53,5,0,10
BRDA:58,6,0,1
BRDA:84,7,0,0
BRDA:84,8,0,2
BRDA:127,9,0,15
BRDA:134,10,0,17
BRDA:134,10,1,16
BRDA:135,11,0,17
BRDA:135,11,1,16
BRDA:137,12,0,17
BRDA:137,12,1,16
BRDA:137,12,2,16
BRDA:137,12,3,16
BRDA:137,12,4,16
BRDA:143,13,0,17
BRDA:143,13,1,17
BRDA:145,14,0,1
BRDA:145,14,1,14
BRDA:145,15,0,15
BRDA:145,15,1,1
BRDA:145,16,0,1
BRDA:145,16,1,0
BRDA:147,17,0,1
BRDA:147,17,1,13
BRDA:147,18,0,14
BRDA:147,18,1,1
BRDA:149,19,0,1
BRDA:149,19,1,12
BRDA:151,20,0,0
BRDA:151,20,1,12
BRDA:151,21,0,12
BRDA:151,21,1,0
BRDA:151,22,0,0
BRDA:151,22,1,0
BRDA:153,23,0,1
BRDA:153,23,1,11
BRDA:157,24,0,13
BRDA:157,24,1,12
BRDA:158,25,0,1
BRDA:158,25,1,10
BRDA:162,26,0,12
BRDA:186,27,0,9
BRDA:189,28,0,9
BRDA:197,29,0,9
BRDA:201,30,0,0
BRDA:201,31,0,9
BRDA:201,31,1,9
BRDA:207,32,0,9
BRDA:210,33,0,9
BRDA:231,34,0,11
BRDA:231,34,1,24
BRDA:234,35,0,11
BRDA:234,35,1,13
BRDA:237,36,0,11
BRDA:237,36,1,2
BRDA:240,37,0,2
BRDA:240,38,0,2
BRDA:240,38,1,2
BRDA:241,39,0,0
BRDA:241,39,1,2
BRDA:243,40,0,2
BRDA:243,40,1,0
BRDA:245,41,0,0
BRDA:255,42,0,10
BRDA:255,43,0,11
BRDA:255,43,1,10
BRDA:257,44,0,10
BRDA:265,45,0,10
BRDA:265,45,1,1
BRDA:265,46,0,2
BRDA:265,46,1,8
BRDA:266,47,0,11
BRDA:269,48,0,0
BRDA:274,49,0,10
BRDA:274,49,1,1
BRDA:274,50,0,2
BRDA:274,50,1,8
BRDA:275,51,0,11
BRDA:275,51,1,0
BRDA:276,52,0,11
BRDA:276,52,1,11
BRF:87
BRH:75
end_of_record
TN:
SF:src/git/gitManager.ts
FN:21,(anonymous_9)
FN:38,(anonymous_10)
FN:56,(anonymous_11)
FN:72,(anonymous_12)
FN:88,(anonymous_13)
FN:102,(anonymous_14)
FN:106,(anonymous_15)
FN:139,(anonymous_16)
FN:168,(anonymous_17)
FN:184,(anonymous_18)
FN:190,(anonymous_19)
FN:211,(anonymous_20)
FN:227,(anonymous_21)
FN:233,(anonymous_22)
FN:289,(anonymous_23)
FN:296,(anonymous_24)
FNF:16
FNH:0
FNDA:0,(anonymous_9)
FNDA:0,(anonymous_10)
FNDA:0,(anonymous_11)
FNDA:0,(anonymous_12)
FNDA:0,(anonymous_13)
FNDA:0,(anonymous_14)
FNDA:0,(anonymous_15)
FNDA:0,(anonymous_16)
FNDA:0,(anonymous_17)
FNDA:0,(anonymous_18)
FNDA:0,(anonymous_19)
FNDA:0,(anonymous_20)
FNDA:0,(anonymous_21)
FNDA:0,(anonymous_22)
FNDA:0,(anonymous_23)
FNDA:0,(anonymous_24)
DA:6,0
DA:7,0
DA:8,0
DA:9,0
DA:10,0
DA:13,0
DA:22,0
DA:23,0
DA:25,0
DA:26,0
DA:27,0
DA:28,0
DA:29,0
DA:30,0
DA:31,0
DA:32,0
DA:39,0
DA:40,0
DA:41,0
DA:42,0
DA:45,0
DA:46,0
DA:49,0
DA:50,0
DA:57,0
DA:59,0
DA:60,0
DA:61,0
DA:62,0
DA:64,0
DA:65,0
DA:73,0
DA:75,0
DA:76,0
DA:77,0
DA:78,0
DA:80,0
DA:81,0
DA:89,0
DA:91,0
DA:92,0
DA:93,0
DA:94,0
DA:98,0
DA:103,0
DA:106,0
DA:113,0
DA:120,0
DA:126,0
DA:127,0
DA:132,0
DA:133,0
DA:136,0
DA:140,0
DA:141,0
DA:143,0
DA:147,0
DA:148,0
DA:151,0
DA:155,0
DA:156,0
DA:157,0
DA:160,0
DA:161,0
DA:169,0
DA:171,0
DA:172,0
DA:173,0
DA:174,0
DA:176,0
DA:177,0
DA:185,0
DA:186,0
DA:191,0
DA:194,0
DA:199,0
DA:200,0
DA:203,0
DA:204,0
DA:212,0
DA:214,0
DA:215,0
DA:216,0
DA:217,0
DA:219,0
DA:220,0
DA:228,0
DA:229,0
DA:234,0
DA:237,0
DA:238,0
DA:239,0
DA:240,0
DA:241,0
DA:242,0
DA:243,0
DA:244,0
DA:245,0
DA:246,0
DA:247,0
DA:249,0
DA:250,0
DA:251,0
DA:252,0
DA:254,0
DA:257,0
DA:258,0
DA:259,0
DA:260,0
DA:262,0
DA:265,0
DA:266,0
DA:267,0
DA:268,0
DA:273,0
DA:278,0
DA:281,0
DA:282,0
DA:290,0
DA:297,0
DA:298,0
DA:299,0
LF:122
LH:0
BRDA:40,0,0,0
BRDA:72,1,0,0
BRDA:92,2,0,0
BRDA:126,3,0,0
BRDA:132,4,0,0
BRDA:132,4,1,0
BRDA:140,5,0,0
BRDA:140,6,0,0
BRDA:140,6,1,0
BRDA:147,7,0,0
BRDA:246,8,0,0
BRDA:246,8,1,0
BRDA:247,9,0,0
BRDA:247,9,1,0
BRDA:249,10,0,0
BRDA:257,11,0,0
BRDA:265,12,0,0
BRF:17
BRH:0
end_of_record
TN:
SF:src/git/gitService.ts
FN:30,(anonymous_9)
FN:71,(anonymous_10)
FN:79,(anonymous_11)
FN:91,(anonymous_12)
FN:97,(anonymous_13)
FN:159,(anonymous_14)
FN:167,(anonymous_15)
FN:175,(anonymous_16)
FN:187,(anonymous_17)
FN:202,(anonymous_18)
FN:210,(anonymous_19)
FN:212,(anonymous_20)
FN:214,(anonymous_21)
FN:230,(anonymous_22)
FN:237,(anonymous_23)
FN:244,(anonymous_24)
FN:253,(anonymous_25)
FN:265,(anonymous_26)
FN:289,(anonymous_27)
FN:305,(anonymous_28)
FN:306,(anonymous_29)
FN:327,(anonymous_30)
FN:365,(anonymous_31)
FN:370,(anonymous_32)
FN:391,(anonymous_33)
FNF:25
FNH:25
FNDA:3,(anonymous_9)
FNDA:17,(anonymous_10)
FNDA:2,(anonymous_11)
FNDA:2,(anonymous_12)
FNDA:7,(anonymous_13)
FNDA:2,(anonymous_14)
FNDA:1,(anonymous_15)
FNDA:1,(anonymous_16)
FNDA:1,(anonymous_17)
FNDA:3,(anonymous_18)
FNDA:1,(anonymous_19)
FNDA:4,(anonymous_20)
FNDA:3,(anonymous_21)
FNDA:1,(anonymous_22)
FNDA:1,(anonymous_23)
FNDA:1,(anonymous_24)
FNDA:2,(anonymous_25)
FNDA:18,(anonymous_26)
FNDA:10,(anonymous_27)
FNDA:3,(anonymous_28)
FNDA:6,(anonymous_29)
FNDA:1,(anonymous_30)
FNDA:1,(anonymous_31)
FNDA:4,(anonymous_32)
FNDA:17,(anonymous_33)
DA:6,3
DA:7,3
DA:8,3
DA:11,3
DA:30,3
DA:31,3
DA:32,3
DA:33,3
DA:34,3
DA:35,3
DA:36,3
DA:37,3
DA:67,3
DA:72,17
DA:73,17
DA:80,2
DA:81,2
DA:82,1
DA:84,1
DA:92,2
DA:97,7
DA:98,2
DA:99,2
DA:100,2
DA:102,2
DA:103,2
DA:105,2
DA:106,5
DA:108,2
DA:109,2
DA:110,1
DA:111,1
DA:112,1
DA:113,0
DA:114,0
DA:118,2
DA:121,3
DA:122,3
DA:124,3
DA:130,3
DA:131,2
DA:135,3
DA:136,0
DA:140,3
DA:141,1
DA:145,2
DA:160,2
DA:161,2
DA:168,1
DA:169,1
DA:176,1
DA:180,1
DA:181,1
DA:188,1
DA:196,1
DA:203,3
DA:204,3
DA:211,1
DA:212,4
DA:214,1
DA:215,3
DA:216,3
DA:217,3
DA:219,3
DA:231,1
DA:238,1
DA:245,1
DA:246,1
DA:247,1
DA:254,2
DA:255,2
DA:256,1
DA:258,1
DA:266,18
DA:267,18
DA:269,18
DA:270,18
DA:275,16
DA:276,0
DA:279,16
DA:281,2
DA:282,2
DA:290,10
DA:291,2
DA:292,2
DA:293,1
DA:294,1
DA:295,1
DA:296,2
DA:297,1
DA:298,0
DA:306,6
DA:307,3
DA:309,3
DA:310,3
DA:311,3
DA:312,3
DA:321,3
DA:328,1
DA:329,1
DA:330,1
DA:331,1
DA:332,1
DA:334,1
DA:335,6
DA:336,1
DA:337,1
DA:338,1
DA:340,1
DA:343,5
DA:344,1
DA:345,1
DA:346,4
DA:347,1
DA:348,1
DA:349,3
DA:350,2
DA:354,1
DA:366,1
DA:367,1
DA:369,1
DA:370,4
DA:371,2
DA:373,1
DA:374,1
DA:376,1
DA:385,1
DA:392,17
LF:128
LH:123
BRDA:30,0,0,3
BRDA:30,0,1,3
BRDA:106,1,0,2
BRDA:109,2,0,1
BRDA:111,3,0,1
BRDA:111,3,1,0
BRDA:113,4,0,0
BRDA:130,5,0,2
BRDA:130,6,0,3
BRDA:130,6,1,3
BRDA:135,7,0,0
BRDA:135,8,0,3
BRDA:135,8,1,1
BRDA:140,9,0,1
BRDA:140,10,0,3
BRDA:140,10,1,1
BRDA:152,11,0,2
BRDA:152,11,1,1
BRDA:152,11,2,1
BRDA:175,12,0,1
BRDA:176,13,0,0
BRDA:176,13,1,1
BRDA:187,14,0,0
BRDA:220,15,0,1
BRDA:220,15,1,2
BRDA:222,16,0,1
BRDA:222,16,1,2
BRDA:247,17,0,1
BRDA:247,17,1,0
BRDA:253,18,0,0
BRDA:275,19,0,0
BRDA:275,20,0,16
BRDA:275,20,1,0
BRDA:290,21,0,2
BRDA:290,21,1,2
BRDA:290,21,2,1
BRDA:290,21,3,1
BRDA:290,21,4,1
BRDA:290,21,5,2
BRDA:290,21,6,1
BRDA:290,21,7,0
BRDA:311,22,0,3
BRDA:314,23,0,3
BRDA:314,23,1,0
BRDA:315,24,0,3
BRDA:315,24,1,0
BRDA:335,25,0,1
BRDA:337,26,0,1
BRDA:343,27,0,1
BRDA:343,27,1,4
BRDA:343,28,0,5
BRDA:343,28,1,1
BRDA:346,29,0,1
BRDA:346,29,1,3
BRDA:346,30,0,4
BRDA:346,30,1,1
BRDA:349,31,0,2
BRDA:371,32,0,1
BRF:58
BRH:46
end_of_record
TN:
SF:src/git/prDescriptionGenerator.ts
FN:17,(anonymous_0)
FN:38,(anonymous_1)
FN:46,(anonymous_2)
FN:98,(anonymous_3)
FN:118,(anonymous_4)
FN:136,(anonymous_5)
FN:143,(anonymous_6)
FN:167,(anonymous_7)
FN:168,(anonymous_8)
FN:171,(anonymous_9)
FN:177,(anonymous_10)
FN:194,(anonymous_11)
FN:252,(anonymous_12)
FNF:13
FNH:0
FNDA:0,(anonymous_0)
FNDA:0,(anonymous_1)
FNDA:0,(anonymous_2)
FNDA:0,(anonymous_3)
FNDA:0,(anonymous_4)
FNDA:0,(anonymous_5)
FNDA:0,(anonymous_6)
FNDA:0,(anonymous_7)
FNDA:0,(anonymous_8)
FNDA:0,(anonymous_9)
FNDA:0,(anonymous_10)
FNDA:0,(anonymous_11)
FNDA:0,(anonymous_12)
DA:17,0
DA:18,0
DA:19,0
DA:20,0
DA:21,0
DA:22,0
DA:23,0
DA:37,0
DA:39,0
DA:40,0
DA:53,0
DA:56,0
DA:57,0
DA:58,0
DA:62,0
DA:63,0
DA:64,0
DA:68,0
DA:71,0
DA:74,0
DA:84,0
DA:89,0
DA:92,0
DA:99,0
DA:100,0
DA:108,0
DA:110,0
DA:111,0
DA:119,0
DA:120,0
DA:126,0
DA:128,0
DA:129,0
DA:137,0
DA:143,0
DA:151,0
DA:152,0
DA:153,0
DA:157,0
DA:158,0
DA:159,0
DA:160,0
DA:161,0
DA:164,0
DA:167,0
DA:168,0
DA:171,0
DA:172,0
DA:177,0
DA:178,0
DA:179,0
DA:180,0
DA:181,0
DA:182,0
DA:183,0
DA:185,0
DA:188,0
DA:203,0
DA:205,0
DA:206,0
DA:207,0
DA:208,0
DA:209,0
DA:211,0
DA:212,0
DA:213,0
DA:215,0
DA:217,0
DA:218,0
DA:219,0
DA:220,0
DA:222,0
DA:223,0
DA:224,0
DA:225,0
DA:226,0
DA:227,0
DA:228,0
DA:230,0
DA:231,0
DA:232,0
DA:233,0
DA:236,0
DA:237,0
DA:240,0
DA:241,0
DA:242,0
DA:243,0
DA:246,0
DA:257,0
DA:258,0
DA:259,0
DA:260,0
DA:261,0
DA:262,0
DA:263,0
DA:265,0
DA:267,0
DA:268,0
DA:270,0
DA:271,0
DA:272,0
DA:273,0
DA:274,0
DA:275,0
DA:276,0
DA:277,0
DA:278,0
DA:279,0
DA:280,0
DA:281,0
DA:282,0
DA:283,0
DA:284,0
DA:285,0
DA:286,0
DA:287,0
DA:288,0
DA:289,0
DA:290,0
DA:291,0
DA:292,0
DA:294,0
DA:295,0
DA:296,0
DA:297,0
DA:298,0
DA:299,0
DA:300,0
DA:306,0
DA:307,0
DA:309,0
DA:310,0
DA:311,0
DA:312,0
DA:314,0
DA:317,0
DA:318,0
DA:319,0
DA:320,0
DA:322,0
DA:325,0
DA:326,0
DA:327,0
DA:330,0
DA:331,0
DA:332,0
DA:333,0
DA:337,0
LF:149
LH:0
BRDA:17,0,0,0
BRDA:17,0,1,0
BRDA:46,1,0,0
BRDA:48,2,0,0
BRDA:49,3,0,0
BRDA:50,4,0,0
BRDA:51,5,0,0
BRDA:52,6,0,0
BRDA:57,7,0,0
BRDA:63,8,0,0
BRDA:160,9,0,0
BRDA:167,10,0,0
BRDA:167,10,1,0
BRDA:168,11,0,0
BRDA:168,11,1,0
BRDA:172,12,0,0
BRDA:172,12,1,0
BRDA:178,13,0,0
BRDA:178,13,1,0
BRDA:178,14,0,0
BRDA:178,14,1,0
BRDA:179,15,0,0
BRDA:179,15,1,0
BRDA:180,16,0,0
BRDA:180,16,1,0
BRDA:182,17,0,0
BRDA:182,17,1,0
BRDA:182,18,0,0
BRDA:182,18,1,0
BRDA:230,19,0,0
BRDA:230,20,0,0
BRDA:230,20,1,0
BRDA:236,21,0,0
BRDA:240,22,0,0
BRDA:270,23,0,0
BRDA:270,23,1,0
BRDA:273,24,0,0
BRDA:273,24,1,0
BRDA:276,25,0,0
BRDA:276,25,1,0
BRDA:278,26,0,0
BRDA:278,26,1,0
BRDA:280,27,0,0
BRDA:280,27,1,0
BRDA:283,28,0,0
BRDA:283,28,1,0
BRDA:285,29,0,0
BRDA:285,29,1,0
BRDA:285,30,0,0
BRDA:285,30,1,0
BRDA:287,31,0,0
BRDA:287,31,1,0
BRDA:289,32,0,0
BRDA:289,32,1,0
BRDA:291,33,0,0
BRDA:294,34,0,0
BRDA:294,35,0,0
BRDA:294,35,1,0
BRDA:295,36,0,0
BRDA:295,36,1,0
BRDA:297,37,0,0
BRDA:297,37,1,0
BRDA:299,38,0,0
BRDA:309,39,0,0
BRDA:317,40,0,0
BRDA:325,41,0,0
BRDA:330,42,0,0
BRDA:341,43,0,0
BRDA:341,43,1,0
BRDA:342,44,0,0
BRDA:342,44,1,0
BRDA:343,45,0,0
BRDA:343,45,1,0
BRF:73
BRH:0
end_of_record
TN:
SF:src/intelligence/codeAnalyzer.ts
FN:55,(anonymous_9)
FN:62,(anonymous_10)
FN:110,(anonymous_11)
FN:141,(anonymous_12)
FN:174,(anonymous_13)
FN:206,(anonymous_14)
FN:235,(anonymous_15)
FN:272,(anonymous_16)
FN:289,(anonymous_17)
FN:298,(anonymous_18)
FN:307,(anonymous_19)
FN:318,(anonymous_20)
FN:390,(anonymous_21)
FN:441,(anonymous_22)
FN:491,(anonymous_23)
FNF:15
FNH:15
FNDA:17,(anonymous_9)
FNDA:17,(anonymous_10)
FNDA:17,(anonymous_11)
FNDA:17,(anonymous_12)
FNDA:17,(anonymous_13)
FNDA:17,(anonymous_14)
FNDA:17,(anonymous_15)
FNDA:17,(anonymous_16)
FNDA:17,(anonymous_17)
FNDA:17,(anonymous_18)
FNDA:17,(anonymous_19)
FNDA:17,(anonymous_20)
FNDA:17,(anonymous_21)
FNDA:17,(anonymous_22)
FNDA:17,(anonymous_23)
DA:13,2
DA:54,2
DA:56,17
DA:63,17
DA:64,17
DA:65,17
DA:66,17
DA:67,17
DA:68,17
DA:70,17
DA:78,0
DA:80,0
DA:111,17
DA:112,17
DA:113,17
DA:114,17
DA:115,17
DA:116,17
DA:121,17
DA:122,17
DA:123,17
DA:125,17
DA:142,17
DA:143,17
DA:145,17
DA:146,840
DA:149,840
DA:152,798
DA:153,1
DA:155,798
DA:156,2
DA:157,1
DA:159,2
DA:163,796
DA:165,789
DA:168,17
DA:175,17
DA:176,17
DA:178,17
DA:179,840
DA:181,840
DA:182,1
DA:183,1
DA:184,1
DA:187,839
DA:188,1
DA:189,1
DA:190,1
DA:192,1
DA:195,838
DA:196,7
DA:200,17
DA:207,17
DA:210,17
DA:222,17
DA:223,153
DA:224,153
DA:225,14
DA:229,17
DA:236,17
DA:237,17
DA:239,17
DA:241,17
DA:242,840
DA:245,840
DA:246,685
DA:250,840
DA:251,685
DA:255,840
DA:256,58
DA:260,840
DA:261,840
DA:264,17
DA:278,17
DA:279,17
DA:283,17
DA:290,17
DA:291,17
DA:292,17
DA:299,17
DA:300,17
DA:301,17
DA:308,17
DA:309,17
DA:310,17
DA:311,17
DA:312,17
DA:319,17
DA:322,17
DA:323,1
DA:334,17
DA:335,3
DA:346,17
DA:347,2
DA:358,17
DA:359,0
DA:370,17
DA:371,1
DA:382,17
DA:384,17
DA:391,17
DA:392,17
DA:394,17
DA:395,840
DA:396,840
DA:399,840
DA:400,1
DA:411,840
DA:412,11
DA:423,840
DA:424,2
DA:435,17
DA:446,17
DA:449,17
DA:450,1
DA:461,17
DA:462,17
DA:463,11
DA:474,17
DA:475,1
DA:485,17
DA:492,17
DA:495,17
DA:496,17
DA:499,17
DA:500,21
DA:502,0
DA:503,0
DA:505,4
DA:506,4
DA:508,2
DA:509,2
DA:511,15
DA:512,15
DA:517,17
DA:519,17
LF:136
LH:131
BRDA:96,0,0,0
BRDA:96,0,1,0
BRDA:149,1,0,42
BRDA:152,2,0,1
BRDA:155,3,0,2
BRDA:156,4,0,1
BRDA:163,5,0,7
BRDA:181,6,0,1
BRDA:187,7,0,1
BRDA:189,8,0,1
BRDA:195,9,0,7
BRDA:224,10,0,14
BRDA:245,11,0,685
BRDA:250,12,0,685
BRDA:255,13,0,58
BRDA:260,14,0,840
BRDA:260,14,1,818
BRDA:278,15,0,17
BRDA:278,15,1,0
BRDA:292,16,0,14
BRDA:292,16,1,3
BRDA:301,17,0,2
BRDA:301,17,1,15
BRDA:310,18,0,17
BRDA:310,18,1,16
BRDA:311,19,0,17
BRDA:311,19,1,16
BRDA:322,20,0,1
BRDA:334,21,0,3
BRDA:346,22,0,2
BRDA:358,23,0,0
BRDA:370,24,0,1
BRDA:399,25,0,1
BRDA:411,26,0,11
BRDA:411,27,0,840
BRDA:411,27,1,12
BRDA:423,28,0,2
BRDA:449,29,0,1
BRDA:462,30,0,11
BRDA:474,31,0,1
BRDA:500,32,0,0
BRDA:500,32,1,4
BRDA:500,32,2,2
BRDA:500,32,3,15
BRF:44
BRH:39
end_of_record
TN:
SF:src/intelligence/dependencyAnalyzer.ts
FN:59,(anonymous_9)
FN:66,(anonymous_10)
FN:125,(anonymous_11)
FN:159,(anonymous_12)
FN:164,(anonymous_13)
FN:201,(anonymous_14)
FN:221,(anonymous_15)
FN:238,(anonymous_16)
FN:244,(anonymous_17)
FN:245,(anonymous_18)
FN:252,(anonymous_19)
FN:274,(anonymous_20)
FN:281,(anonymous_21)
FN:290,(anonymous_22)
FN:321,(anonymous_23)
FN:327,(anonymous_24)
FN:337,(anonymous_25)
FN:350,(anonymous_26)
FN:385,(anonymous_27)
FNF:19
FNH:17
FNDA:13,(anonymous_9)
FNDA:4,(anonymous_10)
FNDA:40,(anonymous_11)
FNDA:4,(anonymous_12)
FNDA:13,(anonymous_13)
FNDA:4,(anonymous_14)
FNDA:0,(anonymous_15)
FNDA:4,(anonymous_16)
FNDA:36,(anonymous_17)
FNDA:36,(anonymous_18)
FNDA:36,(anonymous_19)
FNDA:4,(anonymous_20)
FNDA:36,(anonymous_21)
FNDA:45,(anonymous_22)
FNDA:36,(anonymous_23)
FNDA:252,(anonymous_24)
FNDA:0,(anonymous_25)
FNDA:1,(anonymous_26)
FNDA:5,(anonymous_27)
DA:12,2
DA:13,2
DA:14,2
DA:55,2
DA:56,13
DA:57,13
DA:60,13
DA:67,4
DA:68,4
DA:69,4
DA:72,4
DA:73,36
DA:74,36
DA:77,36
DA:78,35
DA:79,8
DA:81,35
DA:85,36
DA:94,36
DA:95,35
DA:105,4
DA:108,4
DA:111,4
DA:113,4
DA:126,40
DA:127,40
DA:128,40
DA:131,40
DA:133,40
DA:134,40
DA:138,40
DA:139,40
DA:140,3
DA:144,40
DA:145,40
DA:146,2
DA:149,40
DA:151,0
DA:152,0
DA:160,4
DA:161,4
DA:162,4
DA:164,4
DA:165,13
DA:166,13
DA:167,13
DA:169,13
DA:170,13
DA:171,9
DA:172,4
DA:173,5
DA:175,0
DA:176,0
DA:177,0
DA:179,0
DA:186,13
DA:189,4
DA:190,9
DA:191,9
DA:195,4
DA:202,4
DA:205,4
DA:206,4
DA:207,4
DA:210,0
DA:211,0
DA:217,0
DA:218,0
DA:220,0
DA:221,0
DA:222,0
DA:223,0
DA:227,0
DA:228,0
DA:232,0
DA:244,36
DA:245,36
DA:246,4
DA:248,4
DA:252,36
DA:255,4
DA:259,4
DA:275,4
DA:276,4
DA:277,4
DA:279,4
DA:280,16
DA:281,36
DA:284,4
DA:292,45
DA:293,41
DA:297,4
DA:298,4
DA:301,4
DA:302,4
DA:303,4
DA:304,4
DA:305,4
DA:310,0
DA:311,0
DA:312,0
DA:315,0
DA:322,36
DA:323,0
DA:326,36
DA:327,252
DA:328,0
DA:331,36
DA:338,0
DA:339,0
DA:340,0
DA:341,0
DA:343,0
DA:355,1
DA:356,1
DA:359,1
DA:360,1
DA:362,1
DA:363,0
DA:364,0
DA:366,0
DA:367,0
DA:368,0
DA:369,0
DA:370,0
DA:375,1
DA:386,5
DA:389,5
DA:390,1
DA:396,5
DA:397,1
DA:403,5
DA:404,1
DA:410,5
DA:411,2
DA:416,5
LF:136
LH:101
BRDA:78,0,0,8
BRDA:90,1,0,36
BRDA:90,1,1,36
BRDA:169,2,0,13
BRDA:169,2,1,4
BRDA:171,3,0,4
BRDA:171,3,1,5
BRDA:173,4,0,0
BRDA:190,5,0,9
BRDA:206,6,0,4
BRDA:221,7,0,0
BRDA:227,8,0,0
BRDA:248,9,0,4
BRDA:248,9,1,0
BRDA:292,10,0,41
BRDA:292,11,0,45
BRDA:292,11,1,41
BRDA:304,12,0,4
BRDA:311,13,0,0
BRDA:322,14,0,0
BRDA:327,15,0,0
BRDA:338,16,0,0
BRDA:338,16,1,0
BRDA:340,17,0,0
BRDA:340,17,1,0
BRDA:355,18,0,1
BRDA:355,18,1,1
BRDA:364,19,0,0
BRDA:364,19,1,0
BRDA:367,20,0,0
BRDA:389,21,0,1
BRDA:396,22,0,1
BRDA:403,23,0,1
BRDA:410,24,0,2
BRF:34
BRH:20
end_of_record
TN:
SF:src/intelligence/intelligenceManager.ts
FN:25,(anonymous_9)
FN:37,(anonymous_10)
FN:51,(anonymous_11)
FN:77,(anonymous_12)
FN:83,(anonymous_13)
FN:122,(anonymous_14)
FN:128,(anonymous_15)
FN:148,(anonymous_16)
FN:165,(anonymous_17)
FN:211,(anonymous_18)
FN:228,(anonymous_19)
FN:273,(anonymous_20)
FN:282,(anonymous_21)
FN:283,(anonymous_22)
FN:285,(anonymous_23)
FN:285,(anonymous_24)
FN:316,(anonymous_25)
FN:320,(anonymous_26)
FN:343,(anonymous_27)
FN:358,(anonymous_28)
FN:366,(anonymous_29)
FN:377,(anonymous_30)
FN:378,(anonymous_31)
FN:379,(anonymous_32)
FN:383,(anonymous_33)
FN:390,(anonymous_34)
FN:397,(anonymous_35)
FN:398,(anonymous_36)
FN:399,(anonymous_37)
FN:407,(anonymous_38)
FN:414,(anonymous_39)
FNF:31
FNH:25
FNDA:17,(anonymous_9)
FNDA:4,(anonymous_10)
FNDA:3,(anonymous_11)
FNDA:2,(anonymous_12)
FNDA:2,(anonymous_13)
FNDA:2,(anonymous_14)
FNDA:2,(anonymous_15)
FNDA:4,(anonymous_16)
FNDA:0,(anonymous_17)
FNDA:2,(anonymous_18)
FNDA:0,(anonymous_19)
FNDA:2,(anonymous_20)
FNDA:1,(anonymous_21)
FNDA:1,(anonymous_22)
FNDA:1,(anonymous_23)
FNDA:1,(anonymous_24)
FNDA:2,(anonymous_25)
FNDA:1,(anonymous_26)
FNDA:1,(anonymous_27)
FNDA:1,(anonymous_28)
FNDA:0,(anonymous_29)
FNDA:1,(anonymous_30)
FNDA:1,(anonymous_31)
FNDA:1,(anonymous_32)
FNDA:0,(anonymous_33)
FNDA:1,(anonymous_34)
FNDA:1,(anonymous_35)
FNDA:1,(anonymous_36)
FNDA:0,(anonymous_37)
FNDA:0,(anonymous_38)
FNDA:1,(anonymous_39)
DA:12,1
DA:13,1
DA:14,1
DA:15,1
DA:16,1
DA:18,1
DA:22,17
DA:26,17
DA:28,17
DA:29,17
DA:30,17
DA:31,17
DA:38,4
DA:39,4
DA:40,1
DA:41,1
DA:44,3
DA:46,3
DA:47,3
DA:52,3
DA:54,3
DA:55,2
DA:57,2
DA:60,2
DA:62,1
DA:65,1
DA:68,2
DA:78,2
DA:79,2
DA:84,2
DA:86,2
DA:91,1
DA:93,1
DA:94,1
DA:95,2
DA:96,2
DA:98,2
DA:99,2
DA:100,2
DA:106,1
DA:108,1
DA:113,1
DA:123,2
DA:124,2
DA:129,2
DA:131,2
DA:133,1
DA:136,1
DA:139,1
DA:149,4
DA:150,4
DA:151,1
DA:152,1
DA:155,3
DA:156,3
DA:157,1
DA:158,1
DA:162,2
DA:166,0
DA:167,0
DA:168,0
DA:170,0
DA:174,2
DA:176,1
DA:177,1
DA:183,1
DA:185,1
DA:191,1
DA:192,1
DA:196,1
DA:199,0
DA:202,0
DA:212,2
DA:213,2
DA:214,0
DA:215,0
DA:218,2
DA:219,2
DA:220,1
DA:221,1
DA:225,1
DA:229,0
DA:230,0
DA:231,0
DA:233,0
DA:237,1
DA:239,1
DA:240,1
DA:246,1
DA:247,1
DA:253,1
DA:254,1
DA:258,1
DA:261,0
DA:264,0
DA:274,2
DA:275,1
DA:278,1
DA:281,1
DA:282,1
DA:283,1
DA:284,1
DA:285,1
DA:289,1
DA:306,1
DA:310,1
DA:320,2
DA:321,1
DA:328,1
DA:334,0
DA:337,1
DA:344,1
DA:346,1
DA:347,1
DA:348,0
DA:349,0
DA:351,0
DA:359,1
DA:361,1
DA:363,1
DA:364,1
DA:366,0
DA:367,0
DA:368,0
DA:378,1
DA:379,1
DA:382,1
DA:384,0
DA:385,0
DA:389,1
DA:390,1
DA:398,1
DA:399,1
DA:401,1
DA:402,1
DA:405,0
DA:407,0
DA:415,1
LF:138
LH:113
BRDA:39,0,0,1
BRDA:69,1,0,2
BRDA:69,1,1,0
BRDA:114,2,0,1
BRDA:114,2,1,0
BRDA:140,3,0,1
BRDA:140,3,1,0
BRDA:150,4,0,1
BRDA:156,5,0,1
BRDA:166,6,0,0
BRDA:167,7,0,0
BRDA:174,8,0,1
BRDA:183,9,0,1
BRDA:183,9,1,0
BRDA:191,10,0,1
BRDA:203,11,0,0
BRDA:203,11,1,0
BRDA:213,12,0,0
BRDA:219,13,0,1
BRDA:229,14,0,0
BRDA:230,15,0,0
BRDA:237,16,0,0
BRDA:246,17,0,1
BRDA:246,17,1,0
BRDA:253,18,0,1
BRDA:265,19,0,0
BRDA:265,19,1,0
BRDA:274,20,0,1
BRDA:328,21,0,0
BRDA:328,21,1,1
BRDA:330,22,0,1
BRDA:330,22,1,0
BRDA:346,23,0,1
BRDA:346,23,1,0
BRDA:348,24,0,0
BRDA:348,24,1,0
BRDA:363,25,0,1
BRDA:363,25,1,0
BRDA:367,26,0,0
BRDA:401,27,0,1
BRF:40
BRH:18
end_of_record
TN:
SF:src/intelligence/refactoringEngine.ts
FN:32,(anonymous_9)
FN:39,(anonymous_10)
FN:48,(anonymous_11)
FN:89,(anonymous_12)
FN:122,(anonymous_13)
FN:139,(anonymous_14)
FN:157,(anonymous_15)
FN:184,(anonymous_16)
FN:202,(anonymous_17)
FN:245,(anonymous_18)
FN:261,(anonymous_19)
FN:279,(anonymous_20)
FN:293,(anonymous_21)
FN:300,(anonymous_22)
FN:308,(anonymous_23)
FN:320,(anonymous_24)
FN:341,(anonymous_25)
FN:362,(anonymous_26)
FN:382,(anonymous_27)
FN:394,(anonymous_28)
FNF:20
FNH:20
FNDA:14,(anonymous_9)
FNDA:3,(anonymous_10)
FNDA:5,(anonymous_11)
FNDA:2,(anonymous_12)
FNDA:2,(anonymous_13)
FNDA:2,(anonymous_14)
FNDA:2,(anonymous_15)
FNDA:2,(anonymous_16)
FNDA:3,(anonymous_17)
FNDA:2,(anonymous_18)
FNDA:3,(anonymous_19)
FNDA:5,(anonymous_20)
FNDA:3,(anonymous_21)
FNDA:3,(anonymous_22)
FNDA:4,(anonymous_23)
FNDA:2,(anonymous_24)
FNDA:2,(anonymous_25)
FNDA:1,(anonymous_26)
FNDA:1,(anonymous_27)
FNDA:9,(anonymous_28)
DA:13,2
DA:31,2
DA:33,14
DA:44,3
DA:47,3
DA:48,5
DA:49,3
DA:52,3
DA:53,3
DA:56,3
DA:65,3
DA:69,3
DA:79,3
DA:94,2
DA:97,2
DA:100,2
DA:102,2
DA:112,2
DA:127,2
DA:128,2
DA:129,1
DA:136,1
DA:137,1
DA:139,2
DA:147,1
DA:161,2
DA:162,2
DA:163,1
DA:170,1
DA:171,1
DA:173,1
DA:174,0
DA:181,1
DA:182,1
DA:184,2
DA:192,1
DA:206,3
DA:209,3
DA:210,3
DA:211,1
DA:218,2
DA:221,2
DA:225,2
DA:235,2
DA:249,2
DA:251,2
DA:252,3
DA:255,2
DA:262,3
DA:263,3
DA:266,3
DA:267,9
DA:268,9
DA:269,5
DA:273,3
DA:284,5
DA:287,5
DA:294,3
DA:307,3
DA:308,4
DA:310,3
DA:324,2
DA:325,2
DA:326,2
DA:328,2
DA:329,3
DA:330,3
DA:331,3
DA:332,3
DA:335,2
DA:345,2
DA:346,2
DA:347,2
DA:350,2
DA:351,4
DA:352,4
DA:353,4
DA:356,2
DA:366,1
DA:367,1
DA:368,1
DA:370,1
DA:371,1
DA:372,1
DA:373,1
DA:376,0
DA:386,1
DA:387,1
DA:388,1
DA:395,9
DA:403,9
LF:91
LH:89
BRDA:53,0,0,1
BRDA:53,0,1,2
BRDA:65,1,0,1
BRDA:65,1,1,2
BRDA:128,2,0,1
BRDA:162,3,0,1
BRDA:173,4,0,0
BRDA:210,5,0,1
BRDA:221,6,0,1
BRDA:221,6,1,1
BRDA:268,7,0,5
BRDA:268,8,0,9
BRDA:268,8,1,5
BRDA:370,9,0,1
BRDA:388,10,0,0
BRDA:388,10,1,1
BRF:16
BRH:14
end_of_record
TN:
SF:src/models/baseAdapter.ts
FN:40,(anonymous_0)
FN:85,(anonymous_1)
FN:99,(anonymous_2)
FN:108,(anonymous_3)
FN:127,(anonymous_4)
FN:136,(anonymous_5)
FN:167,(anonymous_6)
FN:184,(anonymous_7)
FN:185,(anonymous_8)
FN:191,(anonymous_9)
FN:199,(anonymous_10)
FN:214,(anonymous_11)
FN:227,(anonymous_12)
FN:238,(anonymous_13)
FNF:14
FNH:2
FNDA:41,(anonymous_0)
FNDA:0,(anonymous_1)
FNDA:3,(anonymous_2)
FNDA:0,(anonymous_3)
FNDA:0,(anonymous_4)
FNDA:0,(anonymous_5)
FNDA:0,(anonymous_6)
FNDA:0,(anonymous_7)
FNDA:0,(anonymous_8)
FNDA:0,(anonymous_9)
FNDA:0,(anonymous_10)
FNDA:0,(anonymous_11)
FNDA:0,(anonymous_12)
FNDA:0,(anonymous_13)
DA:34,5
DA:36,41
DA:37,41
DA:38,41
DA:41,41
DA:90,0
DA:91,0
DA:92,0
DA:93,0
DA:100,3
DA:101,3
DA:102,3
DA:115,0
DA:128,0
DA:129,0
DA:130,0
DA:142,0
DA:143,0
DA:144,0
DA:146,0
DA:149,0
DA:150,0
DA:154,0
DA:155,0
DA:156,0
DA:161,0
DA:169,0
DA:170,0
DA:174,0
DA:175,0
DA:178,0
DA:185,0
DA:193,0
DA:200,0
DA:201,0
DA:204,0
DA:205,0
DA:206,0
DA:215,0
DA:216,0
DA:218,0
DA:219,0
DA:221,0
DA:228,0
DA:229,0
DA:231,0
DA:239,0
LF:47
LH:8
BRDA:119,0,0,0
BRDA:119,0,1,0
BRDA:120,1,0,0
BRDA:120,1,1,0
BRDA:138,2,0,0
BRDA:138,3,0,0
BRDA:138,3,1,0
BRDA:149,4,0,0
BRDA:154,5,0,0
BRDA:155,6,0,0
BRDA:155,6,1,0
BRDA:161,7,0,0
BRDA:161,7,1,0
BRDA:169,8,0,0
BRDA:169,9,0,0
BRDA:169,9,1,0
BRDA:174,10,0,0
BRDA:174,11,0,0
BRDA:174,11,1,0
BRDA:200,12,0,0
BRDA:200,13,0,0
BRDA:200,13,1,0
BRDA:205,14,0,0
BRDA:205,15,0,0
BRDA:205,15,1,0
BRDA:215,16,0,0
BRDA:218,17,0,0
BRF:27
BRH:0
end_of_record
TN:
SF:src/models/modelRouter.ts
FN:15,(anonymous_0)
FN:39,(anonymous_1)
FN:50,(anonymous_2)
FN:57,(anonymous_3)
FN:64,(anonymous_4)
FN:122,(anonymous_5)
FN:225,(anonymous_6)
FN:226,(anonymous_7)
FN:266,(anonymous_8)
FN:297,(anonymous_9)
FN:307,(anonymous_10)
FN:312,(anonymous_11)
FNF:12
FNH:2
FNDA:4,(anonymous_0)
FNDA:20,(anonymous_1)
FNDA:0,(anonymous_2)
FNDA:0,(anonymous_3)
FNDA:0,(anonymous_4)
FNDA:0,(anonymous_5)
FNDA:0,(anonymous_6)
FNDA:0,(anonymous_7)
FNDA:0,(anonymous_8)
FNDA:0,(anonymous_9)
FNDA:0,(anonymous_10)
FNDA:0,(anonymous_11)
DA:12,4
DA:15,4
DA:16,4
DA:17,4
DA:18,4
DA:19,4
DA:39,4
DA:40,20
DA:41,20
DA:51,0
DA:58,0
DA:66,0
DA:67,0
DA:68,0
DA:69,0
DA:79,0
DA:80,0
DA:81,0
DA:82,0
DA:83,0
DA:93,0
DA:96,0
DA:98,0
DA:99,0
DA:103,0
DA:104,0
DA:105,0
DA:106,0
DA:107,0
DA:116,0
DA:128,0
DA:130,0
DA:131,0
DA:132,0
DA:141,0
DA:142,0
DA:143,0
DA:153,0
DA:156,0
DA:157,0
DA:158,0
DA:169,0
DA:170,0
DA:171,0
DA:178,0
DA:182,0
DA:183,0
DA:184,0
DA:191,0
DA:196,0
DA:197,0
DA:198,0
DA:207,0
DA:208,0
DA:209,0
DA:216,0
DA:219,0
DA:226,0
DA:229,0
DA:236,0
DA:240,0
DA:246,0
DA:250,0
DA:256,0
DA:260,0
DA:267,0
DA:269,0
DA:270,0
DA:272,0
DA:275,0
DA:276,0
DA:278,0
DA:279,0
DA:281,0
DA:284,0
DA:285,0
DA:287,0
DA:290,0
DA:298,0
DA:299,0
DA:300,0
DA:301,0
DA:308,0
DA:309,0
DA:311,0
DA:312,0
DA:313,0
DA:314,0
DA:316,0
LF:89
LH:9
BRDA:15,0,0,4
BRDA:15,0,1,4
BRDA:64,1,0,0
BRDA:66,2,0,0
BRDA:68,3,0,0
BRDA:79,4,0,0
BRDA:81,5,0,0
BRDA:81,6,0,0
BRDA:81,6,1,0
BRDA:93,7,0,0
BRDA:93,7,1,0
BRDA:98,8,0,0
BRDA:105,9,0,0
BRDA:105,10,0,0
BRDA:105,10,1,0
BRDA:128,11,0,0
BRDA:131,12,0,0
BRDA:131,13,0,0
BRDA:131,13,1,0
BRDA:142,14,0,0
BRDA:142,15,0,0
BRDA:142,15,1,0
BRDA:153,16,0,0
BRDA:153,16,1,0
BRDA:153,16,2,0
BRDA:153,16,3,0
BRDA:157,17,0,0
BRDA:157,18,0,0
BRDA:157,18,1,0
BRDA:170,19,0,0
BRDA:170,20,0,0
BRDA:170,20,1,0
BRDA:183,21,0,0
BRDA:183,22,0,0
BRDA:183,22,1,0
BRDA:197,23,0,0
BRDA:197,24,0,0
BRDA:197,24,1,0
BRDA:208,25,0,0
BRDA:208,26,0,0
BRDA:208,26,1,0
BRDA:229,27,0,0
BRDA:230,28,0,0
BRDA:230,28,1,0
BRDA:230,28,2,0
BRDA:230,28,3,0
BRDA:230,28,4,0
BRDA:240,29,0,0
BRDA:241,30,0,0
BRDA:241,30,1,0
BRDA:241,30,2,0
BRDA:241,30,3,0
BRDA:250,31,0,0
BRDA:251,32,0,0
BRDA:251,32,1,0
BRDA:251,32,2,0
BRDA:251,32,3,0
BRDA:267,33,0,0
BRDA:267,33,1,0
BRDA:267,33,2,0
BRDA:267,33,3,0
BRDA:269,34,0,0
BRDA:275,35,0,0
BRDA:278,36,0,0
BRDA:284,37,0,0
BRDA:298,38,0,0
BRDA:299,39,0,0
BRDA:299,40,0,0
BRDA:299,40,1,0
BRDA:300,41,0,0
BRDA:309,42,0,0
BRDA:314,43,0,0
BRDA:314,43,1,0
BRF:73
BRH:2
end_of_record
TN:
SF:src/models/orchestrator.ts
FN:56,(anonymous_9)
FN:68,(anonymous_10)
FN:91,(anonymous_11)
FN:163,(anonymous_12)
FN:231,(anonymous_13)
FN:286,(anonymous_14)
FN:295,(anonymous_15)
FN:333,(anonymous_16)
FN:349,(anonymous_17)
FN:367,(anonymous_18)
FN:384,(anonymous_19)
FN:385,(anonymous_20)
FN:393,(anonymous_21)
FN:406,(anonymous_22)
FN:420,(anonymous_23)
FN:431,(anonymous_24)
FN:438,(anonymous_25)
FN:455,(anonymous_26)
FN:462,(anonymous_27)
FN:469,(anonymous_28)
FN:476,(anonymous_29)
FNF:21
FNH:12
FNDA:20,(anonymous_9)
FNDA:16,(anonymous_10)
FNDA:16,(anonymous_11)
FNDA:3,(anonymous_12)
FNDA:1,(anonymous_13)
FNDA:0,(anonymous_14)
FNDA:0,(anonymous_15)
FNDA:0,(anonymous_16)
FNDA:0,(anonymous_17)
FNDA:0,(anonymous_18)
FNDA:0,(anonymous_19)
FNDA:0,(anonymous_20)
FNDA:0,(anonymous_21)
FNDA:16,(anonymous_22)
FNDA:1,(anonymous_23)
FNDA:6,(anonymous_24)
FNDA:1,(anonymous_25)
FNDA:1,(anonymous_26)
FNDA:1,(anonymous_27)
FNDA:2,(anonymous_28)
FNDA:0,(anonymous_29)
DA:12,4
DA:16,4
DA:18,4
DA:19,4
DA:20,4
DA:21,4
DA:22,4
DA:35,4
DA:37,20
DA:38,20
DA:41,20
DA:53,20
DA:54,20
DA:57,20
DA:58,20
DA:59,20
DA:60,20
DA:62,20
DA:69,16
DA:72,16
DA:73,16
DA:76,16
DA:79,16
DA:81,16
DA:82,16
DA:83,16
DA:84,16
DA:85,16
DA:93,16
DA:94,16
DA:95,7
DA:96,0
DA:97,0
DA:98,0
DA:99,0
DA:100,0
DA:104,9
DA:108,16
DA:109,16
DA:110,7
DA:111,0
DA:112,0
DA:113,0
DA:114,0
DA:115,0
DA:119,9
DA:123,16
DA:124,16
DA:125,7
DA:126,0
DA:127,0
DA:128,0
DA:129,0
DA:130,0
DA:134,9
DA:138,16
DA:139,16
DA:140,16
DA:141,0
DA:142,0
DA:143,0
DA:144,0
DA:145,0
DA:146,0
DA:148,0
DA:152,0
DA:155,16
DA:156,16
DA:167,3
DA:168,1
DA:171,2
DA:172,2
DA:176,0
DA:179,0
DA:180,0
DA:182,0
DA:183,0
DA:184,0
DA:185,0
DA:188,0
DA:191,0
DA:192,0
DA:195,0
DA:196,0
DA:197,0
DA:201,0
DA:202,0
DA:208,0
DA:211,0
DA:214,0
DA:215,0
DA:218,0
DA:221,0
DA:224,0
DA:236,1
DA:237,1
DA:240,0
DA:241,0
DA:245,0
DA:248,0
DA:252,0
DA:255,0
DA:256,0
DA:257,0
DA:261,0
DA:262,0
DA:268,0
DA:271,0
DA:272,0
DA:275,0
DA:278,0
DA:279,0
DA:291,0
DA:294,0
DA:295,0
DA:297,0
DA:298,0
DA:302,0
DA:303,0
DA:304,0
DA:305,0
DA:307,0
DA:310,0
DA:312,0
DA:317,0
DA:318,0
DA:319,0
DA:322,0
DA:323,0
DA:327,0
DA:334,0
DA:336,0
DA:338,0
DA:340,0
DA:342,0
DA:350,0
DA:351,0
DA:356,0
DA:357,0
DA:358,0
DA:368,0
DA:369,0
DA:370,0
DA:373,0
DA:374,0
DA:377,0
DA:378,0
DA:385,0
DA:386,0
DA:387,0
DA:394,0
DA:395,0
DA:396,0
DA:397,0
DA:398,0
DA:400,0
DA:407,16
DA:408,16
DA:409,16
DA:410,2
DA:413,0
DA:421,1
DA:422,1
DA:424,0
DA:432,6
DA:439,1
DA:449,1
DA:456,1
DA:463,1
DA:470,2
DA:477,0
LF:171
LH:63
BRDA:73,0,0,16
BRDA:73,0,1,0
BRDA:95,1,0,0
BRDA:97,2,0,0
BRDA:110,3,0,0
BRDA:112,4,0,0
BRDA:125,5,0,0
BRDA:127,6,0,0
BRDA:140,7,0,0
BRDA:145,8,0,0
BRDA:145,8,1,0
BRDA:155,9,0,16
BRDA:167,10,0,1
BRDA:171,11,0,2
BRDA:182,12,0,0
BRDA:191,13,0,0
BRDA:191,13,1,0
BRDA:196,14,0,0
BRDA:214,15,0,0
BRDA:236,16,0,1
BRDA:240,17,0,0
BRDA:256,18,0,0
BRDA:271,19,0,0
BRDA:297,20,0,0
BRDA:305,21,0,0
BRDA:334,22,0,0
BRDA:334,22,1,0
BRDA:334,22,2,0
BRDA:334,22,3,0
BRDA:350,23,0,0
BRDA:357,24,0,0
BRDA:357,25,0,0
BRDA:357,25,1,0
BRDA:373,26,0,0
BRDA:373,26,1,0
BRDA:374,27,0,0
BRDA:374,27,1,0
BRDA:386,28,0,0
BRDA:386,28,1,0
BRDA:386,29,0,0
BRDA:386,29,1,0
BRDA:386,30,0,0
BRDA:386,30,1,0
BRDA:409,31,0,2
BRDA:470,32,0,2
BRDA:470,32,1,2
BRF:46
BRH:8
end_of_record
TN:
SF:src/models/adapters/claudeAdapter.ts
FN:82,(anonymous_1)
FN:96,(anonymous_2)
FN:100,(anonymous_3)
FN:105,(anonymous_4)
FN:123,(anonymous_5)
FN:127,(anonymous_6)
FN:133,(anonymous_7)
FN:155,(anonymous_8)
FN:156,(anonymous_9)
FN:186,(anonymous_10)
FN:195,(anonymous_11)
FN:273,(anonymous_12)
FN:295,(anonymous_13)
FNF:13
FNH:0
FNDA:0,(anonymous_1)
FNDA:0,(anonymous_2)
FNDA:0,(anonymous_3)
FNDA:0,(anonymous_4)
FNDA:0,(anonymous_5)
FNDA:0,(anonymous_6)
FNDA:0,(anonymous_7)
FNDA:0,(anonymous_8)
FNDA:0,(anonymous_9)
FNDA:0,(anonymous_10)
FNDA:0,(anonymous_11)
FNDA:0,(anonymous_12)
FNDA:0,(anonymous_13)
DA:7,4
DA:8,4
DA:9,4
DA:38,4
DA:40,0
DA:43,0
DA:83,0
DA:85,0
DA:97,0
DA:102,0
DA:106,0
DA:108,0
DA:113,0
DA:115,0
DA:116,0
DA:119,0
DA:124,0
DA:128,0
DA:130,0
DA:131,0
DA:133,0
DA:134,0
DA:136,0
DA:138,0
DA:146,0
DA:147,0
DA:150,0
DA:151,0
DA:154,0
DA:155,0
DA:156,0
DA:159,0
DA:165,0
DA:166,0
DA:168,0
DA:176,0
DA:177,0
DA:180,0
DA:181,0
DA:190,0
DA:192,0
DA:193,0
DA:195,0
DA:196,0
DA:197,0
DA:199,0
DA:207,0
DA:208,0
DA:211,0
DA:212,0
DA:213,0
DA:215,0
DA:220,0
DA:221,0
DA:222,0
DA:223,0
DA:224,0
DA:228,0
DA:229,0
DA:230,0
DA:231,0
DA:236,0
DA:242,0
DA:248,0
DA:249,0
DA:251,0
DA:259,0
DA:260,0
DA:263,0
DA:264,0
DA:275,0
DA:277,0
DA:278,0
DA:280,0
DA:282,0
DA:289,0
DA:296,0
DA:298,0
DA:299,0
DA:300,0
DA:301,0
DA:303,0
DA:304,0
DA:305,0
DA:306,0
DA:307,0
DA:309,0
DA:310,0
DA:312,0
LF:89
LH:4
BRDA:86,0,0,0
BRDA:86,0,1,0
BRDA:87,1,0,0
BRDA:87,1,1,0
BRDA:102,2,0,0
BRDA:102,2,1,0
BRDA:115,3,0,0
BRDA:131,4,0,0
BRDA:131,4,1,0
BRDA:141,5,0,0
BRDA:141,5,1,0
BRDA:142,6,0,0
BRDA:142,6,1,0
BRDA:146,7,0,0
BRDA:193,8,0,0
BRDA:193,8,1,0
BRDA:202,9,0,0
BRDA:202,9,1,0
BRDA:203,10,0,0
BRDA:203,10,1,0
BRDA:207,11,0,0
BRDA:221,12,0,0
BRDA:221,12,1,0
BRDA:222,13,0,0
BRDA:222,13,1,0
BRDA:228,14,0,0
BRDA:228,14,1,0
BRDA:229,15,0,0
BRDA:229,15,1,0
BRDA:230,16,0,0
BRDA:231,17,0,0
BRDA:231,17,1,0
BRDA:278,18,0,0
BRDA:278,18,1,0
BRDA:280,19,0,0
BRDA:280,19,1,0
BRDA:301,20,0,0
BRDA:301,20,1,0
BRDA:304,21,0,0
BRDA:306,22,0,0
BRF:40
BRH:0
end_of_record
TN:
SF:src/models/adapters/geminiAdapter.ts
FN:82,(anonymous_1)
FN:94,(anonymous_2)
FN:98,(anonymous_3)
FN:103,(anonymous_4)
FN:122,(anonymous_5)
FN:126,(anonymous_6)
FN:132,(anonymous_7)
FN:148,(anonymous_8)
FN:154,(anonymous_9)
FN:185,(anonymous_10)
FN:194,(anonymous_11)
FN:212,(anonymous_12)
FN:233,(anonymous_13)
FN:275,(anonymous_14)
FN:308,(anonymous_15)
FNF:15
FNH:0
FNDA:0,(anonymous_1)
FNDA:0,(anonymous_2)
FNDA:0,(anonymous_3)
FNDA:0,(anonymous_4)
FNDA:0,(anonymous_5)
FNDA:0,(anonymous_6)
FNDA:0,(anonymous_7)
FNDA:0,(anonymous_8)
FNDA:0,(anonymous_9)
FNDA:0,(anonymous_10)
FNDA:0,(anonymous_11)
FNDA:0,(anonymous_12)
FNDA:0,(anonymous_13)
FNDA:0,(anonymous_14)
FNDA:0,(anonymous_15)
DA:7,4
DA:8,4
DA:9,4
DA:39,4
DA:43,0
DA:83,0
DA:85,0
DA:95,0
DA:100,0
DA:104,0
DA:106,0
DA:113,0
DA:115,0
DA:116,0
DA:118,0
DA:123,0
DA:127,0
DA:129,0
DA:130,0
DA:132,0
DA:133,0
DA:134,0
DA:136,0
DA:141,0
DA:143,0
DA:144,0
DA:147,0
DA:148,0
DA:152,0
DA:154,0
DA:160,0
DA:161,0
DA:164,0
DA:165,0
DA:167,0
DA:175,0
DA:176,0
DA:179,0
DA:180,0
DA:189,0
DA:191,0
DA:192,0
DA:194,0
DA:195,0
DA:196,0
DA:198,0
DA:199,0
DA:200,0
DA:202,0
DA:209,0
DA:210,0
DA:211,0
DA:212,0
DA:215,0
DA:216,0
DA:217,0
DA:224,0
DA:225,0
DA:226,0
DA:232,0
DA:233,0
DA:235,0
DA:236,0
DA:239,0
DA:245,0
DA:251,0
DA:252,0
DA:254,0
DA:262,0
DA:263,0
DA:266,0
DA:267,0
DA:276,0
DA:278,0
DA:280,0
DA:284,0
DA:288,0
DA:294,0
DA:302,0
DA:309,0
DA:311,0
DA:312,0
DA:315,0
DA:316,0
DA:318,0
DA:319,0
DA:320,0
DA:321,0
DA:323,0
DA:330,0
DA:331,0
DA:332,0
DA:334,0
LF:93
LH:4
BRDA:86,0,0,0
BRDA:86,0,1,0
BRDA:87,1,0,0
BRDA:87,1,1,0
BRDA:100,2,0,0
BRDA:100,2,1,0
BRDA:115,3,0,0
BRDA:115,4,0,0
BRDA:115,4,1,0
BRDA:130,5,0,0
BRDA:130,5,1,0
BRDA:143,6,0,0
BRDA:143,7,0,0
BRDA:143,7,1,0
BRDA:153,8,0,0
BRDA:153,8,1,0
BRDA:156,9,0,0
BRDA:156,9,1,0
BRDA:157,10,0,0
BRDA:157,10,1,0
BRDA:160,11,0,0
BRDA:192,12,0,0
BRDA:192,12,1,0
BRDA:210,13,0,0
BRDA:210,14,0,0
BRDA:210,14,1,0
BRDA:215,15,0,0
BRDA:224,16,0,0
BRDA:232,17,0,0
BRDA:235,18,0,0
BRDA:280,19,0,0
BRDA:280,19,1,0
BRDA:281,20,0,0
BRDA:281,20,1,0
BRDA:284,21,0,0
BRDA:284,21,1,0
BRDA:297,22,0,0
BRDA:297,22,1,0
BRDA:316,23,0,0
BRDA:316,23,1,0
BRDA:319,24,0,0
BRDA:330,25,0,0
BRF:42
BRH:0
end_of_record
TN:
SF:src/models/adapters/ollamaAdapter.ts
FN:149,(anonymous_1)
FN:168,(anonymous_2)
FN:172,(anonymous_3)
FN:180,(anonymous_4)
FN:198,(anonymous_5)
FN:236,(anonymous_6)
FN:260,(anonymous_7)
FN:261,(anonymous_8)
FN:262,(anonymous_9)
FN:302,(anonymous_10)
FN:313,(anonymous_11)
FN:318,(anonymous_12)
FN:329,(anonymous_13)
FN:332,(anonymous_14)
FN:342,(anonymous_15)
FN:357,(anonymous_16)
FN:371,(anonymous_17)
FN:384,(anonymous_18)
FN:385,(anonymous_19)
FN:394,(anonymous_20)
FNF:20
FNH:14
FNDA:41,(anonymous_1)
FNDA:2,(anonymous_2)
FNDA:7,(anonymous_3)
FNDA:10,(anonymous_4)
FNDA:4,(anonymous_5)
FNDA:0,(anonymous_6)
FNDA:0,(anonymous_7)
FNDA:0,(anonymous_8)
FNDA:0,(anonymous_9)
FNDA:0,(anonymous_10)
FNDA:1,(anonymous_11)
FNDA:19,(anonymous_12)
FNDA:2,(anonymous_13)
FNDA:2,(anonymous_14)
FNDA:2,(anonymous_15)
FNDA:2,(anonymous_16)
FNDA:0,(anonymous_17)
FNDA:4,(anonymous_18)
FNDA:4,(anonymous_19)
FNDA:1,(anonymous_20)
DA:18,5
DA:19,5
DA:20,5
DA:60,5
DA:62,41
DA:65,41
DA:151,41
DA:159,41
DA:169,2
DA:174,7
DA:175,5
DA:179,2
DA:180,10
DA:182,2
DA:183,1
DA:187,1
DA:199,4
DA:201,4
DA:202,4
DA:212,4
DA:213,3
DA:215,3
DA:227,3
DA:228,3
DA:231,1
DA:232,1
DA:240,0
DA:241,0
DA:242,0
DA:243,0
DA:245,0
DA:246,0
DA:256,0
DA:260,0
DA:261,0
DA:262,0
DA:264,0
DA:265,0
DA:266,0
DA:268,0
DA:269,0
DA:270,0
DA:276,0
DA:277,0
DA:278,0
DA:280,0
DA:292,0
DA:293,0
DA:297,0
DA:302,0
DA:303,0
DA:308,0
DA:309,0
DA:315,1
DA:319,19
DA:320,19
DA:323,2
DA:325,17
DA:330,2
DA:331,2
DA:332,2
DA:334,1
DA:335,1
DA:343,2
DA:344,2
DA:345,2
DA:346,1
DA:347,1
DA:349,1
DA:350,1
DA:358,2
DA:359,2
DA:360,1
DA:361,1
DA:363,1
DA:364,1
DA:372,0
DA:373,0
DA:374,0
DA:376,0
DA:377,0
DA:385,4
DA:401,1
LF:83
LH:51
BRDA:149,0,0,40
BRDA:153,1,0,41
BRDA:153,1,1,40
BRDA:154,2,0,41
BRDA:154,2,1,41
BRDA:155,3,0,41
BRDA:155,3,1,41
BRDA:156,4,0,41
BRDA:156,4,1,41
BRDA:174,5,0,5
BRDA:182,6,0,1
BRDA:203,7,0,4
BRDA:203,7,1,1
BRDA:219,8,0,3
BRDA:219,8,1,1
BRDA:220,9,0,3
BRDA:220,9,1,1
BRDA:221,10,0,3
BRDA:221,10,1,1
BRDA:221,11,0,3
BRDA:221,11,1,1
BRDA:247,12,0,0
BRDA:247,12,1,0
BRDA:268,13,0,0
BRDA:276,14,0,0
BRDA:277,15,0,0
BRDA:277,15,1,0
BRDA:278,16,0,0
BRDA:278,16,1,0
BRDA:406,17,0,0
BRDA:406,17,1,1
BRF:31
BRH:22
end_of_record
TN:
SF:src/models/adapters/openaiAdapter.ts
FN:123,(anonymous_1)
FN:136,(anonymous_2)
FN:140,(anonymous_3)
FN:145,(anonymous_4)
FN:157,(anonymous_5)
FN:161,(anonymous_6)
FN:162,(anonymous_7)
FN:168,(anonymous_8)
FN:174,(anonymous_9)
FN:215,(anonymous_10)
FN:224,(anonymous_11)
FN:257,(anonymous_12)
FN:298,(anonymous_13)
FNF:13
FNH:0
FNDA:0,(anonymous_1)
FNDA:0,(anonymous_2)
FNDA:0,(anonymous_3)
FNDA:0,(anonymous_4)
FNDA:0,(anonymous_5)
FNDA:0,(anonymous_6)
FNDA:0,(anonymous_7)
FNDA:0,(anonymous_8)
FNDA:0,(anonymous_9)
FNDA:0,(anonymous_10)
FNDA:0,(anonymous_11)
FNDA:0,(anonymous_12)
FNDA:0,(anonymous_13)
DA:7,4
DA:8,4
DA:9,4
DA:44,4
DA:48,0
DA:124,0
DA:126,0
DA:137,0
DA:142,0
DA:146,0
DA:147,0
DA:148,0
DA:150,0
DA:151,0
DA:153,0
DA:158,0
DA:159,0
DA:160,0
DA:161,0
DA:162,0
DA:164,0
DA:169,0
DA:171,0
DA:172,0
DA:174,0
DA:175,0
DA:176,0
DA:184,0
DA:185,0
DA:187,0
DA:188,0
DA:194,0
DA:195,0
DA:197,0
DA:205,0
DA:206,0
DA:209,0
DA:210,0
DA:219,0
DA:221,0
DA:222,0
DA:224,0
DA:225,0
DA:226,0
DA:234,0
DA:235,0
DA:236,0
DA:238,0
DA:243,0
DA:244,0
DA:246,0
DA:247,0
DA:248,0
DA:256,0
DA:257,0
DA:258,0
DA:262,0
DA:268,0
DA:274,0
DA:275,0
DA:277,0
DA:285,0
DA:286,0
DA:289,0
DA:290,0
DA:299,0
DA:301,0
DA:302,0
DA:303,0
DA:304,0
DA:306,0
DA:307,0
DA:308,0
DA:309,0
DA:310,0
DA:312,0
DA:313,0
DA:315,0
LF:78
LH:4
BRDA:127,0,0,0
BRDA:127,0,1,0
BRDA:128,1,0,0
BRDA:128,1,1,0
BRDA:142,2,0,0
BRDA:142,2,1,0
BRDA:150,3,0,0
BRDA:172,4,0,0
BRDA:172,4,1,0
BRDA:179,5,0,0
BRDA:179,5,1,0
BRDA:187,6,0,0
BRDA:187,6,1,0
BRDA:222,7,0,0
BRDA:222,7,1,0
BRDA:229,8,0,0
BRDA:229,8,1,0
BRDA:246,9,0,0
BRDA:256,10,0,0
BRDA:304,11,0,0
BRDA:304,11,1,0
BRDA:307,12,0,0
BRDA:309,13,0,0
BRF:23
BRH:0
end_of_record
TN:
SF:src/rag/contextAssembler.ts
FN:25,(anonymous_0)
FN:31,(anonymous_1)
FN:83,(anonymous_2)
FN:103,(anonymous_3)
FN:135,(anonymous_4)
FN:164,(anonymous_5)
FN:184,(anonymous_6)
FN:197,(anonymous_7)
FN:222,(anonymous_8)
FN:233,(anonymous_9)
FN:240,(anonymous_10)
FN:252,(anonymous_11)
FN:271,(anonymous_12)
FN:291,(anonymous_13)
FNF:14
FNH:12
FNDA:22,(anonymous_0)
FNDA:12,(anonymous_1)
FNDA:13,(anonymous_2)
FNDA:12,(anonymous_3)
FNDA:1,(anonymous_4)
FNDA:0,(anonymous_5)
FNDA:12,(anonymous_6)
FNDA:12,(anonymous_7)
FNDA:12,(anonymous_8)
FNDA:25,(anonymous_9)
FNDA:3,(anonymous_10)
FNDA:0,(anonymous_11)
FNDA:4,(anonymous_12)
FNDA:9,(anonymous_13)
DA:25,2
DA:26,22
DA:36,12
DA:37,12
DA:38,12
DA:41,12
DA:42,12
DA:43,12
DA:46,12
DA:47,12
DA:48,12
DA:50,12
DA:51,13
DA:52,13
DA:54,13
DA:55,0
DA:56,0
DA:59,13
DA:60,13
DA:64,12
DA:65,12
DA:66,12
DA:68,12
DA:88,13
DA:90,12
DA:92,1
DA:94,0
DA:96,0
DA:104,12
DA:107,12
DA:108,12
DA:110,12
DA:111,8
DA:114,12
DA:115,8
DA:118,12
DA:119,12
DA:123,12
DA:124,12
DA:125,12
DA:126,12
DA:127,12
DA:129,12
DA:136,1
DA:138,1
DA:139,1
DA:140,1
DA:141,1
DA:143,1
DA:144,1
DA:146,1
DA:147,1
DA:149,1
DA:150,1
DA:153,1
DA:154,1
DA:155,1
DA:156,1
DA:158,1
DA:165,0
DA:167,0
[...]
DA:318,15
DA:319,11
DA:323,15
DA:324,4
DA:327,15
DA:334,11
DA:337,11
DA:345,11
DA:346,3
DA:354,11
DA:361,23
DA:363,14
DA:364,11
DA:365,3
DA:367,8
DA:370,3
DA:378,4
DA:381,4
DA:389,4
DA:390,8
DA:391,7
DA:395,4
DA:402,7
DA:403,7
DA:405,7
DA:414,7
DA:421,30
DA:422,30
DA:423,30
DA:430,15
DA:431,15
DA:432,15
LF:136
LH:129
BRDA:71,0,0,0
BRDA:160,1,0,0
BRDA:169,2,0,11
BRDA:169,2,1,514
BRDA:172,3,0,11
BRDA:174,4,0,4
BRDA:174,5,0,11
BRDA:174,5,1,4
BRDA:180,6,0,457
BRDA:197,7,0,8
BRDA:197,7,1,7
BRDA:205,8,0,0
BRDA:243,9,0,14
BRDA:248,10,0,15
BRDA:248,10,1,0
BRDA:250,11,0,0
BRDA:255,12,0,0
BRDA:269,13,0,0
BRDA:274,14,0,0
BRDA:287,15,0,15
BRDA:302,16,0,15
BRDA:345,17,0,3
BRDA:363,18,0,11
BRDA:363,18,1,3
BRDA:364,19,0,3
BRDA:364,19,1,8
BRDA:390,20,0,7
BRDA:408,21,0,0
BRDA:408,21,1,7
BRF:29
BRH:20
end_of_record
TN:
SF:src/testing/testManager.ts
FN:23,(anonymous_9)
FN:42,(anonymous_10)
FN:62,(anonymous_11)
FN:85,(anonymous_12)
FN:92,(anonymous_13)
FN:114,(anonymous_14)
FN:161,(anonymous_15)
FN:183,(anonymous_16)
FN:210,(anonymous_17)
FN:217,(anonymous_18)
FN:225,(anonymous_19)
FN:247,(anonymous_20)
FN:286,(anonymous_21)
FN:303,(anonymous_22)
FNF:14
FNH:13
FNDA:20,(anonymous_9)
FNDA:5,(anonymous_10)
FNDA:3,(anonymous_11)
FNDA:0,(anonymous_12)
FNDA:2,(anonymous_13)
FNDA:2,(anonymous_14)
FNDA:6,(anonymous_15)
FNDA:3,(anonymous_16)
FNDA:1,(anonymous_17)
FNDA:2,(anonymous_18)
FNDA:2,(anonymous_19)
FNDA:14,(anonymous_20)
FNDA:5,(anonymous_21)
FNDA:21,(anonymous_22)
DA:12,1
DA:13,1
DA:14,1
DA:15,1
DA:16,1
DA:18,1
DA:24,20
DA:26,20
DA:27,20
DA:30,20
DA:34,20
DA:35,20
DA:36,20
DA:43,5
DA:44,5
DA:45,1
DA:46,1
DA:49,4
DA:52,4
DA:53,1
DA:54,1
DA:57,3
DA:58,3
DA:63,3
DA:65,3
DA:67,2
DA:69,2
DA:71,2
DA:74,2
DA:76,1
DA:86,0
DA:93,2
DA:96,2
DA:97,2
DA:101,2
DA:104,2
DA:107,2
DA:108,2
DA:115,2
DA:116,2
DA:117,2
DA:120,2
DA:121,0
DA:123,2
DA:126,2
DA:127,0
DA:129,2
DA:130,0
DA:134,2
DA:137,2
DA:138,0
DA:142,2
DA:143,0
DA:147,2
DA:148,0
DA:149,0
DA:150,0
DA:153,2
DA:155,2
DA:162,6
DA:164,6
DA:165,6
DA:167,5
DA:168,5
DA:170,5
DA:172,1
DA:173,1
DA:176,1
DA:184,3
DA:185,3
DA:186,0
DA:187,0
DA:190,3
DA:193,3
DA:194,1
DA:198,2
DA:199,2
DA:200,1
DA:201,1
DA:204,1
DA:211,1
DA:218,2
DA:219,2
DA:226,2
DA:227,2
DA:230,2
DA:231,2
DA:232,1
DA:236,1
DA:237,1
DA:238,0
DA:241,1
DA:251,14
DA:253,2
DA:254,2
DA:255,2
DA:256,2
DA:259,6
DA:260,6
DA:261,6
DA:262,6
DA:265,5
DA:266,5
DA:267,5
DA:268,5
DA:269,5
DA:273,5
DA:276,1
DA:277,1
DA:278,1
DA:279,1
DA:287,5
DA:289,5
DA:290,4
DA:294,1
DA:304,21
DA:305,21
LF:117
LH:105
BRDA:44,0,0,1
BRDA:52,1,0,1
BRDA:52,2,0,4
BRDA:52,2,1,3
BRDA:77,3,0,1
BRDA:77,3,1,0
BRDA:96,4,0,2
BRDA:129,5,0,0
BRDA:137,6,0,0
BRDA:142,7,0,0
BRDA:161,8,0,5
BRDA:174,9,0,1
BRDA:174,9,1,0
BRDA:185,10,0,0
BRDA:193,11,0,1
BRDA:193,12,0,3
BRDA:193,12,1,2
BRDA:199,13,0,1
BRDA:231,14,0,1
BRDA:237,15,0,0
BRDA:251,16,0,2
BRDA:251,16,1,6
BRDA:251,16,2,5
BRDA:251,16,3,1
BRDA:265,17,0,5
BRDA:266,18,0,4
BRDA:266,18,1,1
BRDA:269,19,0,4
BRDA:269,19,1,1
BRDA:289,20,0,4
BRDA:289,20,1,1
BRF:31
BRH:24
end_of_record
TN:
SF:src/types/index.ts
FN:6,(anonymous_0)
FN:43,(anonymous_1)
FN:95,(anonymous_2)
FN:132,(anonymous_3)
FN:177,(anonymous_4)
FN:283,(anonymous_5)
FN:305,(anonymous_6)
FN:312,(anonymous_7)
FNF:8
FNH:8
FNDA:9,(anonymous_0)
FNDA:9,(anonymous_1)
FNDA:9,(anonymous_2)
FNDA:9,(anonymous_3)
FNDA:9,(anonymous_4)
FNDA:9,(anonymous_5)
FNDA:9,(anonymous_6)
FNDA:9,(anonymous_7)
DA:6,9
DA:7,9
DA:8,9
DA:9,9
DA:10,9
DA:11,9
DA:43,9
DA:44,9
DA:45,9
DA:46,9
DA:47,9
DA:48,9
DA:49,9
DA:50,9
DA:51,9
DA:52,9
DA:53,9
DA:54,9
DA:55,9
DA:56,9
DA:57,9
DA:58,9
DA:59,9
DA:60,9
DA:61,9
DA:62,9
DA:95,9
DA:96,9
DA:97,9
DA:98,9
DA:99,9
DA:100,9
DA:101,9
DA:102,9
DA:103,9
DA:132,9
DA:133,9
DA:134,9
DA:135,9
DA:136,9
DA:177,9
DA:178,9
DA:179,9
DA:180,9
DA:181,9
DA:283,9
DA:284,9
DA:285,9
DA:286,9
DA:287,9
DA:305,9
DA:306,9
DA:307,9
DA:308,9
DA:309,9
DA:312,9
DA:313,9
DA:314,9
DA:315,9
DA:316,9
DA:317,9
LF:61
LH:61
BRDA:6,0,0,9
BRDA:6,0,1,9
BRDA:43,1,0,9
BRDA:43,1,1,9
BRDA:95,2,0,9
BRDA:95,2,1,9
BRDA:132,3,0,9
BRDA:132,3,1,9
BRDA:177,4,0,9
BRDA:177,4,1,9
BRDA:283,5,0,9
BRDA:283,5,1,9
BRDA:305,6,0,9
BRDA:305,6,1,9
BRDA:312,7,0,9
BRDA:312,7,1,9
BRF:16
BRH:16
end_of_record
TN:
SF:src/ui/chatViewProvider.ts
FN:26,(anonymous_9)
FN:31,(anonymous_10)
FN:64,(anonymous_11)
FN:112,(anonymous_12)
FN:205,(anonymous_13)
FN:237,(anonymous_14)
FN:297,(anonymous_15)
FN:349,(anonymous_16)
FN:356,(anonymous_17)
FN:371,(anonymous_18)
FN:391,(anonymous_19)
FN:402,(anonymous_20)
FN:423,(anonymous_21)
FN:433,(anonymous_22)
FN:1412,(anonymous_23)
FN:1424,(anonymous_24)
FN:1440,(anonymous_25)
FN:1452,(anonymous_26)
FN:1463,(anonymous_27)
FN:1480,(anonymous_28)
FN:1508,(anonymous_29)
FN:1526,(anonymous_30)
FN:1541,(anonymous_31)
FN:1565,(anonymous_32)
FN:1633,(anonymous_33)
FN:1651,(anonymous_34)
FNF:26
FNH:0
FNDA:0,(anonymous_9)
FNDA:0,(anonymous_10)
FNDA:0,(anonymous_11)
FNDA:0,(anonymous_12)
FNDA:0,(anonymous_13)
FNDA:0,(anonymous_14)
FNDA:0,(anonymous_15)
FNDA:0,(anonymous_16)
FNDA:0,(anonymous_17)
FNDA:0,(anonymous_18)
FNDA:0,(anonymous_19)
FNDA:0,(anonymous_20)
FNDA:0,(anonymous_21)
FNDA:0,(anonymous_22)
FNDA:0,(anonymous_23)
FNDA:0,(anonymous_24)
FNDA:0,(anonymous_25)
FNDA:0,(anonymous_26)
FNDA:0,(anonymous_27)
FNDA:0,(anonymous_28)
FNDA:0,(anonymous_29)
FNDA:0,(anonymous_30)
FNDA:0,(anonymous_31)
FNDA:0,(anonymous_32)
FNDA:0,(anonymous_33)
FNDA:0,(anonymous_34)
DA:5,0
DA:7,0
DA:8,0
DA:9,0
DA:10,0
DA:14,0
DA:15,0
DA:22,0
DA:23,0
DA:24,0
DA:27,0
DA:28,0
DA:36,0
DA:38,0
DA:44,0
DA:45,0
DA:46,0
DA:47,0
DA:51,0
DA:52,0
DA:53,0
DA:54,0
DA:55,0
DA:58,0
DA:61,0
DA:64,0
DA:65,0
DA:67,0
DA:68,0
DA:70,0
DA:71,0
DA:73,0
DA:74,0
DA:76,0
DA:77,0
DA:79,0
DA:80,0
DA:82,0
DA:83,0
DA:85,0
DA:86,0
DA:88,0
DA:89,0
DA:91,0
DA:92,0
DA:94,0
DA:95,0
DA:97,0
DA:98,0
DA:100,0
DA:101,0
DA:103,0
DA:104,0
DA:113,0
DA:114,0
DA:118,0
DA:119,0
DA:120,0
DA:121,0
DA:125,0
DA:128,0
DA:131,0
DA:138,0
DA:139,0
DA:140,0
DA:144,0
DA:146,0
DA:148,0
DA:150,0
DA:151,0
DA:155,0
DA:156,0
DA:159,0
DA:160,0
DA:161,0
DA:162,0
DA:163,0
DA:166,0
DA:171,0
DA:177,0
DA:178,0
DA:180,0
DA:182,0
DA:185,0
DA:189,0
DA:192,0
DA:194,0
DA:210,0
DA:211,0
DA:214,0
DA:216,0
DA:218,0
DA:220,0
DA:223,0
DA:224,0
DA:231,0
DA:238,0
DA:239,0
DA:242,0
DA:255,0
DA:258,0
DA:261,0
DA:264,0
DA:267,0
DA:268,0
DA:280,0
DA:283,0
DA:284,0
DA:290,0
DA:302,0
DA:303,0
DA:306,0
DA:318,0
DA:321,0
DA:324,0
DA:327,0
DA:330,0
DA:333,0
DA:350,0
DA:357,0
DA:359,0
DA:360,0
DA:362,0
DA:363,0
DA:365,0
DA:372,0
DA:373,0
DA:376,0
DA:377,0
DA:378,0
DA:379,0
DA:380,0
DA:382,0
DA:392,0
DA:393,0
DA:396,0
DA:403,0
DA:404,0
DA:407,0
DA:408,0
DA:409,0
DA:424,0
DA:425,0
DA:426,0
DA:434,0
DA:1413,0
DA:1414,0
DA:1415,0
DA:1418,0
DA:1425,0
DA:1426,0
DA:1427,0
DA:1431,0
DA:1434,0
DA:1441,0
DA:1442,0
DA:1443,0
DA:1446,0
DA:1453,0
DA:1454,0
DA:1457,0
DA:1459,0
DA:1461,0
DA:1463,0
DA:1473,0
DA:1481,0
DA:1482,0
DA:1485,0
DA:1487,0
DA:1489,0
DA:1501,0
DA:1509,0
DA:1510,0
DA:1513,0
DA:1515,0
DA:1516,0
DA:1527,0
DA:1528,0
DA:1531,0
DA:1533,0
DA:1542,0
DA:1543,0
DA:1547,0
DA:1549,0
DA:1551,0
DA:1566,0
DA:1567,0
DA:1568,0
DA:1571,0
DA:1573,0
DA:1575,0
DA:1576,0
DA:1577,0
DA:1581,0
DA:1583,0
DA:1584,0
DA:1585,0
DA:1589,0
DA:1592,0
DA:1593,0
DA:1598,0
DA:1604,0
DA:1609,0
DA:1610,0
DA:1614,0
DA:1624,0
DA:1634,0
DA:1635,0
DA:1636,0
DA:1639,0
DA:1641,0
DA:1642,0
DA:1652,0
DA:1653,0
DA:1654,0
DA:1658,0
DA:1659,0
DA:1660,0
DA:1664,0
DA:1665,0
DA:1669,0
LF:221
LH:0
BRDA:45,0,0,0
BRDA:52,1,0,0
BRDA:52,2,0,0
BRDA:52,2,1,0
BRDA:65,3,0,0
BRDA:65,3,1,0
BRDA:65,3,2,0
BRDA:65,3,3,0
BRDA:65,3,4,0
BRDA:65,3,5,0
BRDA:65,3,6,0
BRDA:65,3,7,0
BRDA:65,3,8,0
BRDA:65,3,9,0
BRDA:65,3,10,0
BRDA:65,3,11,0
BRDA:65,3,12,0
BRDA:113,4,0,0
BRDA:119,5,0,0
BRDA:119,6,0,0
BRDA:119,6,1,0
BRDA:138,7,0,0
BRDA:150,8,0,0
BRDA:159,9,0,0
BRDA:159,10,0,0
BRDA:159,10,1,0
BRDA:162,11,0,0
BRDA:180,12,0,0
BRDA:180,12,1,0
BRDA:197,13,0,0
BRDA:197,13,1,0
BRDA:210,14,0,0
BRDA:238,15,0,0
BRDA:238,16,0,0
BRDA:238,16,1,0
BRDA:283,17,0,0
BRDA:302,18,0,0
BRDA:359,19,0,0
BRDA:359,20,0,0
BRDA:359,20,1,0
BRDA:359,20,2,0
BRDA:362,21,0,0
BRDA:362,22,0,0
BRDA:362,22,1,0
BRDA:362,22,2,0
BRDA:372,23,0,0
BRDA:377,24,0,0
BRDA:392,25,0,0
BRDA:403,26,0,0
BRDA:403,27,0,0
BRDA:403,27,1,0
BRDA:408,28,0,0
BRDA:424,29,0,0
BRDA:1413,30,0,0
BRDA:1425,31,0,0
BRDA:1441,32,0,0
BRDA:1453,33,0,0
BRDA:1453,34,0,0
BRDA:1453,34,1,0
BRDA:1459,35,0,0
BRDA:1481,36,0,0
BRDA:1481,37,0,0
BRDA:1481,37,1,0
BRDA:1487,38,0,0
BRDA:1509,39,0,0
BRDA:1509,40,0,0
BRDA:1509,40,1,0
BRDA:1515,41,0,0
BRDA:1527,42,0,0
BRDA:1527,43,0,0
BRDA:1527,43,1,0
BRDA:1542,44,0,0
BRDA:1542,45,0,0
BRDA:1542,45,1,0
BRDA:1549,46,0,0
BRDA:1549,47,0,0
BRDA:1549,47,1,0
BRDA:1566,48,0,0
BRDA:1566,49,0,0
BRDA:1566,49,1,0
BRDA:1575,50,0,0
BRDA:1575,51,0,0
BRDA:1575,51,1,0
BRDA:1583,52,0,0
BRDA:1592,53,0,0
BRDA:1592,53,1,0
BRDA:1609,54,0,0
BRDA:1625,55,0,0
BRDA:1625,55,1,0
BRDA:1634,56,0,0
BRDA:1641,57,0,0
BRDA:1641,58,0,0
BRDA:1641,58,1,0
BRDA:1653,59,0,0
BRDA:1658,60,0,0
BRDA:1660,61,0,0
BRDA:1660,61,1,0
BRDA:1660,62,0,0
BRDA:1660,62,1,0
BRF:99
BRH:0
end_of_record
TN:
SF:src/ui/codeActionHandler.ts
FN:17,(anonymous_9)
FN:24,(anonymous_10)
FN:61,(anonymous_11)
FN:70,(anonymous_12)
FN:96,(anonymous_13)
FN:144,(anonymous_14)
FN:150,(anonymous_15)
FN:158,(anonymous_16)
FN:168,(anonymous_17)
FN:176,(anonymous_18)
FN:184,(anonymous_19)
FN:227,(anonymous_20)
FN:245,(anonymous_21)
FN:279,(anonymous_22)
FN:294,(anonymous_23)
FNF:15
FNH:8
FNDA:31,(anonymous_9)
FNDA:2,(anonymous_10)
FNDA:1,(anonymous_11)
FNDA:0,(anonymous_12)
FNDA:0,(anonymous_13)
FNDA:0,(anonymous_14)
FNDA:0,(anonymous_15)
FNDA:0,(anonymous_16)
FNDA:0,(anonymous_17)
FNDA:2,(anonymous_18)
FNDA:6,(anonymous_19)
FNDA:0,(anonymous_20)
FNDA:9,(anonymous_21)
FNDA:8,(anonymous_22)
FNDA:5,(anonymous_23)
DA:5,1
DA:6,1
DA:7,1
DA:16,1
DA:18,31
DA:25,2
DA:27,2
DA:36,2
DA:37,1
DA:40,1
DA:42,1
DA:43,0
DA:45,0
DA:46,0
DA:48,0
DA:49,0
DA:52,0
DA:54,1
DA:63,1
DA:64,1
DA:67,1
DA:71,0
DA:72,0
DA:74,0
DA:75,0
DA:77,0
DA:81,1
DA:82,0
DA:86,1
DA:87,1
DA:88,1
DA:91,0
DA:94,0
DA:95,0
DA:96,0
DA:99,0
DA:100,0
DA:105,0
DA:111,0
DA:112,0
DA:114,0
DA:115,0
DA:120,0
DA:123,0
DA:124,0
DA:128,0
DA:129,0
DA:134,0
DA:137,0
DA:138,0
DA:145,0
DA:146,0
DA:147,0
DA:150,0
DA:151,0
DA:159,0
DA:160,0
DA:161,0
DA:164,0
DA:165,0
DA:168,0
DA:169,0
DA:178,2
DA:185,6
DA:187,6
DA:188,6
DA:189,1
DA:190,1
DA:194,5
DA:200,5
DA:201,1
DA:205,4
DA:206,4
DA:207,4
DA:210,4
DA:211,4
DA:212,4
DA:215,4
DA:218,4
DA:223,4
DA:224,4
DA:227,4
DA:228,0
DA:229,0
DA:230,0
DA:233,0
DA:238,0
DA:246,9
DA:273,9
DA:280,8
DA:288,8
DA:296,5
DA:297,5
DA:298,5
DA:301,5
DA:302,5
DA:304,5
DA:305,5
DA:308,5
DA:316,5
DA:322,5
DA:323,5
DA:324,5
DA:326,0
DA:329,5
LF:105
LH:56
BRDA:36,0,0,1
BRDA:40,1,0,1
BRDA:40,1,1,0
BRDA:40,1,2,0
BRDA:54,2,0,1
BRDA:54,2,1,0
BRDA:64,3,0,1
BRDA:64,3,1,1
BRDA:71,4,0,0
BRDA:74,5,0,0
BRDA:74,6,0,0
BRDA:74,6,1,0
BRDA:81,7,0,0
BRDA:87,8,0,1
BRDA:87,9,0,1
BRDA:87,9,1,0
BRDA:94,10,0,0
BRDA:99,11,0,0
BRDA:111,12,0,0
BRDA:114,13,0,0
BRDA:123,14,0,0
BRDA:128,15,0,0
BRDA:146,16,0,0
BRDA:160,17,0,0
BRDA:164,18,0,0
BRDA:188,19,0,1
BRDA:200,20,0,1
BRDA:206,21,0,4
BRDA:229,22,0,0
BRDA:238,23,0,0
BRDA:238,23,1,0
BRDA:273,24,0,9
BRDA:273,24,1,1
BRDA:288,25,0,8
BRDA:288,25,1,1
BRDA:297,26,0,5
BRF:36
BRH:15
end_of_record
TN:
SF:src/ui/fileAttachmentManager.ts
FN:26,(anonymous_9)
FN:31,(anonymous_10)
FN:93,(anonymous_11)
FN:109,(anonymous_12)
FN:116,(anonymous_13)
FN:123,(anonymous_14)
FN:130,(anonymous_15)
FN:137,(anonymous_16)
FN:144,(anonymous_17)
FN:155,(anonymous_18)
FN:162,(anonymous_19)
FN:180,(anonymous_20)
FN:201,(anonymous_21)
FN:217,(anonymous_22)
FN:224,(anonymous_23)
FN:238,(anonymous_24)
FN:258,(anonymous_25)
FN:274,(anonymous_26)
FN:281,(anonymous_27)
FN:305,(anonymous_28)
FNF:20
FNH:13
FNDA:22,(anonymous_9)
FNDA:35,(anonymous_10)
FNDA:2,(anonymous_11)
FNDA:2,(anonymous_12)
FNDA:1,(anonymous_13)
FNDA:1,(anonymous_14)
FNDA:0,(anonymous_15)
FNDA:2,(anonymous_16)
FNDA:2,(anonymous_17)
FNDA:8,(anonymous_18)
FNDA:30,(anonymous_19)
FNDA:3,(anonymous_20)
FNDA:0,(anonymous_21)
FNDA:0,(anonymous_22)
FNDA:0,(anonymous_23)
FNDA:0,(anonymous_24)
FNDA:0,(anonymous_25)
FNDA:0,(anonymous_26)
FNDA:1,(anonymous_27)
FNDA:4,(anonymous_28)
DA:5,1
DA:6,1
DA:7,1
DA:8,1
DA:20,1
DA:21,22
DA:22,22
DA:23,22
DA:24,22
DA:26,22
DA:32,35
DA:34,35
DA:35,1
DA:36,1
DA:40,34
DA:41,1
DA:42,1
DA:46,33
DA:47,2
DA:48,2
DA:52,31
DA:53,31
DA:54,1
DA:55,1
DA:58,1
DA:62,30
DA:63,30
DA:64,0
DA:65,0
DA:69,30
DA:80,30
DA:82,30
DA:84,0
DA:85,0
DA:86,0
DA:94,2
DA:96,2
DA:97,5
DA:98,5
DA:99,4
DA:103,2
DA:110,2
DA:117,1
DA:124,1
DA:131,0
DA:138,2
DA:145,2
DA:146,2
DA:147,5
DA:149,2
DA:156,8
DA:163,30
DA:164,30
DA:166,30
DA:167,0
DA:170,30
DA:171,0
DA:174,30
DA:181,3
DA:182,1
DA:185,2
DA:187,2
DA:188,3
DA:189,3
DA:190,3
DA:191,3
DA:192,3
DA:195,2
DA:202,0
DA:213,0
DA:214,0
DA:217,0
DA:218,0
DA:225,0
DA:226,0
DA:227,0
DA:228,0
DA:231,0
DA:232,0
DA:239,0
DA:240,0
DA:241,0
DA:242,0
DA:246,0
DA:252,0
DA:253,0
DA:254,0
DA:258,0
DA:264,0
DA:270,0
DA:271,0
DA:274,0
DA:275,0
DA:287,1
DA:288,1
DA:289,3
DA:292,1
DA:294,1
DA:307,4
DA:308,1
DA:312,3
DA:313,3
DA:314,1
DA:315,1
DA:319,2
DA:320,2
DA:321,2
DA:322,1
DA:325,1
LF:109
LH:76
BRDA:34,0,0,1
BRDA:36,1,0,1
BRDA:36,1,1,0
BRDA:40,2,0,1
BRDA:46,3,0,2
BRDA:53,4,0,1
BRDA:63,5,0,0
BRDA:85,6,0,0
BRDA:85,6,1,0
BRDA:98,7,0,4
BRDA:166,8,0,0
BRDA:170,9,0,0
BRDA:181,10,0,1
BRDA:213,11,0,0
BRDA:213,12,0,0
BRDA:213,12,1,0
BRDA:226,13,0,0
BRDA:240,14,0,0
BRDA:240,15,0,0
BRDA:240,15,1,0
BRDA:252,16,0,0
BRDA:270,17,0,0
BRDA:270,18,0,0
BRDA:270,18,1,0
BRDA:307,19,0,1
BRDA:313,20,0,1
BRDA:321,21,0,1
BRF:27
BRH:10
end_of_record
TN:
SF:src/ui/modelSelector.ts
FN:116,(anonymous_9)
FN:121,(anonymous_10)
FN:128,(anonymous_11)
FN:137,(anonymous_12)
FN:147,(anonymous_13)
FN:166,(anonymous_14)
FN:177,(anonymous_15)
FN:179,(anonymous_16)
FN:193,(anonymous_17)
FN:202,(anonymous_18)
FN:210,(anonymous_19)
FN:211,(anonymous_20)
FN:217,(anonymous_21)
FN:218,(anonymous_22)
FN:224,(anonymous_23)
FN:236,(anonymous_24)
FN:238,(anonymous_25)
FN:242,(anonymous_26)
FNF:18
FNH:16
FNDA:11,(anonymous_9)
FNDA:3,(anonymous_10)
FNDA:1,(anonymous_11)
FNDA:16,(anonymous_12)
FNDA:9,(anonymous_13)
FNDA:1,(anonymous_14)
FNDA:0,(anonymous_15)
FNDA:0,(anonymous_16)
FNDA:1,(anonymous_17)
FNDA:1,(anonymous_18)
FNDA:2,(anonymous_19)
FNDA:9,(anonymous_20)
FNDA:3,(anonymous_21)
FNDA:24,(anonymous_22)
FNDA:9,(anonymous_23)
FNDA:1,(anonymous_24)
FNDA:8,(anonymous_25)
FNDA:3,(anonymous_26)
DA:11,1
DA:12,1
DA:27,1
DA:28,1
DA:116,11
DA:122,3
DA:124,3
DA:125,1
DA:129,1
DA:130,1
DA:133,1
DA:137,2
DA:138,16
DA:141,2
DA:142,0
DA:143,0
DA:147,9
DA:154,2
DA:160,2
DA:167,1
DA:174,1
DA:177,1
DA:178,0
DA:179,0
DA:180,0
DA:181,0
DA:182,0
DA:194,1
DA:195,1
DA:196,1
DA:203,1
DA:204,1
DA:211,9
DA:218,24
DA:225,9
DA:226,6
DA:227,3
DA:228,0
DA:229,0
DA:237,1
DA:238,1
DA:239,8
DA:242,3
DA:262,1
LF:44
LH:35
BRDA:124,0,0,1
BRDA:129,1,0,1
BRDA:141,2,0,0
BRDA:178,3,0,0
BRDA:180,4,0,0
BRDA:225,5,0,6
BRDA:225,5,1,3
BRDA:225,5,2,0
BRDA:225,5,3,0
BRF:9
BRH:4
end_of_record
TN:
SF:src/ui/statusBar.ts
FN:10,(anonymous_9)
FN:21,(anonymous_10)
FN:30,(anonymous_11)
FN:37,(anonymous_12)
FN:44,(anonymous_13)
FNF:5
FNH:1
FNDA:14,(anonymous_9)
FNDA:0,(anonymous_10)
FNDA:0,(anonymous_11)
FNDA:0,(anonymous_12)
FNDA:0,(anonymous_13)
DA:5,1
DA:7,1
DA:11,14
DA:15,14
DA:22,0
DA:23,0
DA:24,0
DA:31,0
DA:38,0
DA:45,0
LF:10
LH:4
BRDA:22,0,0,0
BRDA:22,0,1,0
BRF:2
BRH:0
end_of_record
TN:
SF:src/utils/fileUtils.ts
FN:14,getFileHash
FN:27,getFileSize
FN:39,getFileModifiedTime
FN:51,detectLanguage
FN:96,shouldIndexFile
FN:112,createIgnoreMatcher
FN:121,findFiles
FN:144,readFileContent
FN:156,fileExists
FN:167,getRelativePath
FN:174,detectProjectType
FN:201,parsePackageJson
FN:231,getFileStats
FNF:13
FNH:12
FNDA:504,getFileHash
FNDA:538,getFileSize
FNDA:504,getFileModifiedTime
FNDA:1160,detectLanguage
FNDA:374,shouldIndexFile
FNDA:0,createIgnoreMatcher
FNDA:2,findFiles
FNDA:312,readFileContent
FNDA:24,fileExists
FNDA:504,getRelativePath
FNDA:2,detectProjectType
FNDA:2,parsePackageJson
FNDA:504,getFileStats
DA:5,4
DA:6,4
DA:7,4
DA:8,4
DA:9,4
DA:14,4
DA:15,504
DA:16,504
DA:17,504
DA:19,0
DA:20,0
DA:27,4
DA:28,538
DA:29,538
DA:30,538
DA:32,0
DA:39,4
DA:40,504
DA:41,504
DA:42,504
DA:44,0
DA:51,4
DA:52,1160
DA:54,1160
DA:90,1160
DA:96,4
DA:97,374
DA:100,374
DA:106,374
DA:112,4
DA:113,0
DA:114,0
DA:115,0
DA:121,4
DA:125,2
DA:126,2
DA:134,2
DA:136,0
DA:137,0
DA:144,4
DA:145,312
DA:146,312
DA:148,29
DA:149,29
DA:156,4
DA:157,24
DA:158,24
DA:160,0
DA:167,4
DA:168,504
DA:174,4
DA:175,2
DA:186,2
DA:187,9
DA:188,20
DA:189,20
DA:190,1
DA:195,1
DA:201,4
DA:202,2
DA:204,2
DA:205,1
DA:208,1
DA:209,1
DA:210,1
DA:211,0
DA:213,1
DA:215,0
DA:216,0
DA:231,4
DA:232,504
LF:71
LH:58
BRDA:90,0,0,1160
BRDA:90,0,1,113
BRDA:123,1,0,0
BRDA:189,2,0,1
BRDA:204,3,0,1
BRDA:210,4,0,0
BRF:6
BRH:4
end_of_record
TN:
SF:src/utils/priorityQueue.ts
FN:15,(anonymous_0)
FN:21,(anonymous_1)
FN:42,(anonymous_2)
FN:57,(anonymous_3)
FN:64,(anonymous_4)
FN:71,(anonymous_5)
FN:78,(anonymous_6)
FN:86,(anonymous_7)
FN:94,(anonymous_8)
FN:96,(anonymous_9)
FN:107,(anonymous_10)
FN:108,(anonymous_11)
FN:114,(anonymous_12)
FN:115,(anonymous_13)
FN:129,calculateFilePriority
FNF:15
FNH:15
FNDA:29,(anonymous_0)
FNDA:273,(anonymous_1)
FNDA:262,(anonymous_2)
FNDA:2,(anonymous_3)
FNDA:257,(anonymous_4)
FNDA:7,(anonymous_5)
FNDA:17,(anonymous_6)
FNDA:2,(anonymous_7)
FNDA:2,(anonymous_8)
FNDA:2,(anonymous_9)
FNDA:2,(anonymous_10)
FNDA:3,(anonymous_11)
FNDA:273,(anonymous_12)
FNDA:34312,(anonymous_13)
FNDA:269,calculateFilePriority
DA:11,3
DA:12,29
DA:13,29
DA:15,29
DA:22,273
DA:25,273
DA:26,1
DA:29,272
DA:35,272
DA:36,272
DA:43,262
DA:45,262
DA:46,261
DA:47,261
DA:48,261
DA:51,1
DA:58,2
DA:65,257
DA:72,7
DA:79,17
DA:80,17
DA:87,2
DA:88,2
DA:95,2
DA:96,2
DA:98,2
DA:99,1
DA:100,1
DA:108,3
DA:115,273
DA:117,34312
DA:118,2227
DA:121,32085
DA:129,3
DA:136,269
DA:139,269
DA:140,2
DA:144,269
DA:145,2
DA:149,269
DA:150,192
DA:151,77
DA:152,72
DA:153,5
DA:154,0
DA:158,269
DA:159,6
DA:162,269
DA:163,1
DA:167,269
DA:168,67
DA:172,269
DA:174,1
DA:177,269
LF:54
LH:53
BRDA:25,0,0,1
BRDA:45,1,0,261
BRDA:98,2,0,1
BRDA:117,3,0,2227
BRDA:133,4,0,263
BRDA:134,5,0,263
BRDA:139,6,0,2
BRDA:144,7,0,2
BRDA:149,8,0,192
BRDA:149,8,1,77
BRDA:151,9,0,72
BRDA:151,9,1,5
BRDA:153,10,0,0
BRDA:158,11,0,6
BRDA:158,12,0,269
BRDA:158,12,1,264
BRDA:162,13,0,1
BRDA:162,14,0,269
BRDA:162,14,1,268
BRDA:167,15,0,67
BRDA:167,16,0,269
BRDA:167,16,1,203
BRDA:172,17,0,1
BRDA:172,18,0,269
BRDA:172,18,1,17
BRDA:172,18,2,16
BRF:26
BRH:25
end_of_record
TN:
SF:src/utils/symbolParser.ts
FN:11,parseTypeScriptSymbols
FN:107,parsePythonSymbols
FN:146,parseTypeScriptImports
FN:169,parsePythonImports
FN:192,parseTypeScriptExports
FN:206,(anonymous_5)
FN:216,parseSymbols
FN:231,parseImports
FN:246,parseExports
FNF:9
FNH:9
FNDA:201,parseTypeScriptSymbols
FNDA:4,parsePythonSymbols
FNDA:198,parseTypeScriptImports
FNDA:4,parsePythonImports
FNDA:198,parseTypeScriptExports
FNDA:8,(anonymous_5)
FNDA:255,parseSymbols
FNDA:254,parseImports
FNDA:253,parseExports
DA:6,3
DA:11,3
DA:12,201
DA:13,201
DA:16,201
DA:19,201
DA:20,83
DA:21,83
DA:32,201
DA:33,201
DA:34,278
DA:35,278
DA:46,201
DA:47,201
DA:48,100
DA:49,100
DA:60,201
DA:61,201
DA:62,10
DA:63,10
DA:74,201
DA:75,201
DA:76,1831
DA:77,1831
DA:88,201
DA:89,201
DA:90,30
DA:91,30
DA:101,201
DA:107,3
DA:108,4
DA:111,4
DA:114,4
DA:115,5
DA:116,5
DA:127,4
DA:128,4
DA:129,9
DA:130,9
DA:140,4
DA:146,3
DA:147,198
DA:150,198
DA:153,198
DA:154,305
DA:158,198
DA:159,198
DA:160,99
DA:163,198
DA:169,3
DA:170,4
DA:173,4
DA:176,4
DA:177,7
DA:181,4
DA:182,4
DA:183,8
DA:186,4
DA:192,3
DA:193,198
DA:196,198
DA:199,198
DA:200,395
DA:204,198
DA:205,198
DA:206,8
DA:207,5
DA:210,198
DA:216,3
DA:217,255
DA:220,196
DA:222,2
DA:224,57
DA:231,3
DA:232,254
DA:235,196
DA:237,2
DA:239,56
DA:246,3
DA:247,253
DA:250,196
DA:252,57
LF:82
LH:82
BRDA:217,0,0,165
BRDA:217,0,1,196
BRDA:217,0,2,2
BRDA:217,0,3,57
BRDA:232,1,0,165
BRDA:232,1,1,196
BRDA:232,1,2,2
BRDA:232,1,3,56
BRDA:247,2,0,165
BRDA:247,2,1,196
BRDA:247,2,2,57
BRF:11
BRH:11
end_of_record
